11-02 17:30:30.988,skmsa.apiutil.interceptor.JournalAOP    ,                                    ,  ,INFO ,           main,[SKMSA JournalAOP  생성자] >>::Caller+0	 at skmsa.apiutil.interceptor.JournalAOP.<init>(JournalAOP.java:31)
  11-02 17:30:37.434,skmsa.apiutil.interceptor.JournalAOP    ,34a7c6e4-3e89-4673-855a-7319255998fd, 1,INFO ,           main,|-->: sample.b.AopAspectANDRetryLogTest$AOP1Controller.methodA, args: Myinno,10,  >>::	 at skmsa.apiutil.interceptor.JournalAOP.controllerAspect(JournalAOP.java:62)
11-02 17:30:37.438,skmsa.apiutil.interceptor.JournalAOP    ,34a7c6e4-3e89-4673-855a-7319255998fd, 2,INFO ,           main,|   |--> sample.b.AopAspectANDRetryLogTest$AOP1ServiceImpl.methodA, args: Myinno,10,  >>::ller+0	 at skmsa.apiutil.interceptor.JournalAOP.logAction(JournalAOP.java:149)
11-02 17:30:37.443,skmsa.apiutil.interceptor.JournalAOP    ,34a7c6e4-3e89-4673-855a-7319255998fd, 3,INFO ,           main,|   |   |--> sample.b.AopAspectANDRetryLogTest$AOP2ServiceImpl.methodAB, args: Myinno,10,  >>::ller+0	 at skmsa.apiutil.interceptor.JournalAOP.logAction(JournalAOP.java:149)
11-02 17:30:37.447,skmsa.apiutil.interceptor.JournalAOP    ,34a7c6e4-3e89-4673-855a-7319255998fd, 3,ERROR,           main,|   |   |<--, Exec: 4ms4, Error: 오류 발생:8  >>::ller+0	 at skmsa.apiutil.interceptor.JournalAOP.logAction(JournalAOP.java:160)
11-02 17:30:37.448,skmsa.apiutil.interceptor.JournalAOP    ,34a7c6e4-3e89-4673-855a-7319255998fd, 3,ERROR,           main,    ERR Occur OnlineContext: TRAN_ID: sample.b.AopAspectANDRetryLogTest$AOP1Controller.methodA, GUID: 34a7c6e4-3e89-4673-855a-7319255998fd, GL_MAGAM_DT: null, GL_OP: null >>::ller+0	 at skmsa.apiutil.interceptor.JournalAOP.logAction(JournalAOP.java:161)
11-02 17:30:37.448,skmsa.apiutil.interceptor.JournalAOP    ,34a7c6e4-3e89-4673-855a-7319255998fd, 3,ERROR,           main,    ERR Occur Args: Myinno,10, >>::ller+0	 at skmsa.apiutil.interceptor.JournalAOP.logAction(JournalAOP.java:162)
11-02 17:30:37.471,skmsa.apiutil.interceptor.JournalAOP    ,34a7c6e4-3e89-4673-855a-7319255998fd, 3,INFO ,           main,|   |   |--> sample.b.AopAspectANDRetryLogTest$AOP2ServiceImpl.methodAB, args: Myinno,10,  >>::ller+0	 at skmsa.apiutil.interceptor.JournalAOP.logAction(JournalAOP.java:149)
11-02 17:30:37.472,skmsa.apiutil.interceptor.JournalAOP    ,34a7c6e4-3e89-4673-855a-7319255998fd, 3,ERROR,           main,|   |   |<--, Exec: 0ms1, Error: 오류 발생:7  >>::ller+0	 at skmsa.apiutil.interceptor.JournalAOP.logAction(JournalAOP.java:160)
11-02 17:30:37.472,skmsa.apiutil.interceptor.JournalAOP    ,34a7c6e4-3e89-4673-855a-7319255998fd, 3,ERROR,           main,    ERR Occur OnlineContext: TRAN_ID: sample.b.AopAspectANDRetryLogTest$AOP1Controller.methodA, GUID: 34a7c6e4-3e89-4673-855a-7319255998fd, GL_MAGAM_DT: null, GL_OP: null >>::ller+0	 at skmsa.apiutil.interceptor.JournalAOP.logAction(JournalAOP.java:161)
11-02 17:30:37.472,skmsa.apiutil.interceptor.JournalAOP    ,34a7c6e4-3e89-4673-855a-7319255998fd, 3,ERROR,           main,    ERR Occur Args: Myinno,10, >>::ller+0	 at skmsa.apiutil.interceptor.JournalAOP.logAction(JournalAOP.java:162)
11-02 17:30:37.486,skmsa.apiutil.interceptor.JournalAOP    ,34a7c6e4-3e89-4673-855a-7319255998fd, 3,INFO ,           main,|   |   |--> sample.b.AopAspectANDRetryLogTest$AOP2ServiceImpl.methodAB, args: Myinno,10,  >>::ller+0	 at skmsa.apiutil.interceptor.JournalAOP.logAction(JournalAOP.java:149)
11-02 17:30:37.487,skmsa.apiutil.interceptor.JournalAOP    ,34a7c6e4-3e89-4673-855a-7319255998fd, 3,ERROR,           main,|   |   |<--, Exec: 0ms1, Error: 오류 발생:8  >>::ller+0	 at skmsa.apiutil.interceptor.JournalAOP.logAction(JournalAOP.java:160)
11-02 17:30:37.487,skmsa.apiutil.interceptor.JournalAOP    ,34a7c6e4-3e89-4673-855a-7319255998fd, 3,ERROR,           main,    ERR Occur OnlineContext: TRAN_ID: sample.b.AopAspectANDRetryLogTest$AOP1Controller.methodA, GUID: 34a7c6e4-3e89-4673-855a-7319255998fd, GL_MAGAM_DT: null, GL_OP: null >>::ller+0	 at skmsa.apiutil.interceptor.JournalAOP.logAction(JournalAOP.java:161)
11-02 17:30:37.487,skmsa.apiutil.interceptor.JournalAOP    ,34a7c6e4-3e89-4673-855a-7319255998fd, 3,ERROR,           main,    ERR Occur Args: Myinno,10, >>::ller+0	 at skmsa.apiutil.interceptor.JournalAOP.logAction(JournalAOP.java:162)
11-02 17:30:37.502,skmsa.apiutil.interceptor.JournalAOP    ,34a7c6e4-3e89-4673-855a-7319255998fd, 3,INFO ,           main,|   |   |--> sample.b.AopAspectANDRetryLogTest$AOP2ServiceImpl.methodAB, args: Myinno,10,  >>::ller+0	 at skmsa.apiutil.interceptor.JournalAOP.logAction(JournalAOP.java:149)
11-02 17:30:37.503,skmsa.apiutil.interceptor.JournalAOP    ,34a7c6e4-3e89-4673-855a-7319255998fd, 3,ERROR,           main,|   |   |<--, Exec: 1ms1, Error: 오류 발생:6  >>::ller+0	 at skmsa.apiutil.interceptor.JournalAOP.logAction(JournalAOP.java:160)
11-02 17:30:37.503,skmsa.apiutil.interceptor.JournalAOP    ,34a7c6e4-3e89-4673-855a-7319255998fd, 3,ERROR,           main,    ERR Occur OnlineContext: TRAN_ID: sample.b.AopAspectANDRetryLogTest$AOP1Controller.methodA, GUID: 34a7c6e4-3e89-4673-855a-7319255998fd, GL_MAGAM_DT: null, GL_OP: null >>::ller+0	 at skmsa.apiutil.interceptor.JournalAOP.logAction(JournalAOP.java:161)
11-02 17:30:37.503,skmsa.apiutil.interceptor.JournalAOP    ,34a7c6e4-3e89-4673-855a-7319255998fd, 3,ERROR,           main,    ERR Occur Args: Myinno,10, >>::ller+0	 at skmsa.apiutil.interceptor.JournalAOP.logAction(JournalAOP.java:162)
11-02 17:30:37.517,skmsa.apiutil.interceptor.JournalAOP    ,34a7c6e4-3e89-4673-855a-7319255998fd, 3,INFO ,           main,|   |   |--> sample.b.AopAspectANDRetryLogTest$AOP2ServiceImpl.methodAB, args: Myinno,10,  >>::ller+0	 at skmsa.apiutil.interceptor.JournalAOP.logAction(JournalAOP.java:149)
11-02 17:30:37.517,skmsa.apiutil.interceptor.JournalAOP    ,34a7c6e4-3e89-4673-855a-7319255998fd, 3,ERROR,           main,|   |   |<--, Exec: 0ms0, Error: 오류 발생:3  >>::ller+0	 at skmsa.apiutil.interceptor.JournalAOP.logAction(JournalAOP.java:160)
11-02 17:30:37.518,skmsa.apiutil.interceptor.JournalAOP    ,34a7c6e4-3e89-4673-855a-7319255998fd, 3,ERROR,           main,    ERR Occur OnlineContext: TRAN_ID: sample.b.AopAspectANDRetryLogTest$AOP1Controller.methodA, GUID: 34a7c6e4-3e89-4673-855a-7319255998fd, GL_MAGAM_DT: null, GL_OP: null >>::ller+0	 at skmsa.apiutil.interceptor.JournalAOP.logAction(JournalAOP.java:161)
11-02 17:30:37.518,skmsa.apiutil.interceptor.JournalAOP    ,34a7c6e4-3e89-4673-855a-7319255998fd, 3,ERROR,           main,    ERR Occur Args: Myinno,10, >>::ller+0	 at skmsa.apiutil.interceptor.JournalAOP.logAction(JournalAOP.java:162)
11-02 17:30:37.522,skmsa.apiutil.interceptor.JournalAOP    ,34a7c6e4-3e89-4673-855a-7319255998fd, 2,ERROR,           main,|   |<--, Exec: 83ms84, Error: 오류 발생:3  >>::ller+0	 at skmsa.apiutil.interceptor.JournalAOP.logAction(JournalAOP.java:160)
11-02 17:30:37.522,skmsa.apiutil.interceptor.JournalAOP    ,34a7c6e4-3e89-4673-855a-7319255998fd, 2,ERROR,           main,    ERR Occur OnlineContext: TRAN_ID: sample.b.AopAspectANDRetryLogTest$AOP1Controller.methodA, GUID: 34a7c6e4-3e89-4673-855a-7319255998fd, GL_MAGAM_DT: null, GL_OP: null >>::ller+0	 at skmsa.apiutil.interceptor.JournalAOP.logAction(JournalAOP.java:161)
11-02 17:30:37.522,skmsa.apiutil.interceptor.JournalAOP    ,34a7c6e4-3e89-4673-855a-7319255998fd, 2,ERROR,           main,    ERR Occur Args: Myinno,10, >>::ller+0	 at skmsa.apiutil.interceptor.JournalAOP.logAction(JournalAOP.java:162)
11-02 17:30:37.523,skmsa.apiutil.interceptor.JournalAOP    ,34a7c6e4-3e89-4673-855a-7319255998fd, 1,ERROR,           main,    ERR1 Occur OnlineContext: TRAN_ID: sample.b.AopAspectANDRetryLogTest$AOP1Controller.methodA, GUID: 34a7c6e4-3e89-4673-855a-7319255998fd, GL_MAGAM_DT: null, GL_OP: null >>::	 at skmsa.apiutil.interceptor.JournalAOP.controllerAspect(JournalAOP.java:78)
11-02 17:30:37.523,skmsa.apiutil.interceptor.JournalAOP    ,34a7c6e4-3e89-4673-855a-7319255998fd, 1,ERROR,           main,    ERR2 Occur Args: Myinno,10, >>::	 at skmsa.apiutil.interceptor.JournalAOP.controllerAspect(JournalAOP.java:79)
11-02 17:30:37.524,skmsa.apiutil.interceptor.JournalAOP    ,34a7c6e4-3e89-4673-855a-7319255998fd, 1,ERROR,           main,|<--: sample.b.AopAspectANDRetryLogTest$AOP1Controller.methodA, Exec: 0ms, Error: {}  >>::	 at skmsa.apiutil.interceptor.JournalAOP.controllerAspect(JournalAOP.java:80)
java.lang.IllegalStateException: 오류 발생:3
	at sample.b.AopAspectANDRetryLogTest$AOP2ServiceImpl.methodAB(AopAspectANDRetryLogTest.java:101)
	at sample.b.AopAspectANDRetryLogTest$AOP2ServiceImpl$$FastClassBySpringCGLIB$$858a5b5c.invoke(<generated>)
	at org.springframework.cglib.proxy.MethodProxy.invoke(MethodProxy.java:218)
	at org.springframework.aop.framework.CglibAopProxy$CglibMethodInvocation.invokeJoinpoint(CglibAopProxy.java:793)
	at org.springframework.aop.framework.ReflectiveMethodInvocation.proceed(ReflectiveMethodInvocation.java:163)
	at org.springframework.aop.framework.CglibAopProxy$CglibMethodInvocation.proceed(CglibAopProxy.java:763)
	at org.springframework.aop.aspectj.MethodInvocationProceedingJoinPoint.proceed(MethodInvocationProceedingJoinPoint.java:89)
	at skmsa.apiutil.interceptor.JournalAOP.logAction(JournalAOP.java:152)
	at sun.reflect.NativeMethodAccessorImpl.invoke0(Native Method)
	at sun.reflect.NativeMethodAccessorImpl.invoke(NativeMethodAccessorImpl.java:62)
	at sun.reflect.DelegatingMethodAccessorImpl.invoke(DelegatingMethodAccessorImpl.java:43)
	at java.lang.reflect.Method.invoke(Method.java:498)
	at org.springframework.aop.aspectj.AbstractAspectJAdvice.invokeAdviceMethodWithGivenArgs(AbstractAspectJAdvice.java:634)
	at org.springframework.aop.aspectj.AbstractAspectJAdvice.invokeAdviceMethod(AbstractAspectJAdvice.java:624)
	at org.springframework.aop.aspectj.AspectJAroundAdvice.invoke(AspectJAroundAdvice.java:72)
	at org.springframework.aop.framework.ReflectiveMethodInvocation.proceed(ReflectiveMethodInvocation.java:175)
	at org.springframework.aop.framework.CglibAopProxy$CglibMethodInvocation.proceed(CglibAopProxy.java:763)
	at org.springframework.aop.interceptor.ExposeInvocationInterceptor.invoke(ExposeInvocationInterceptor.java:97)
	at org.springframework.aop.framework.ReflectiveMethodInvocation.proceed(ReflectiveMethodInvocation.java:186)
	at org.springframework.aop.framework.CglibAopProxy$CglibMethodInvocation.proceed(CglibAopProxy.java:763)
	at org.springframework.aop.framework.CglibAopProxy$DynamicAdvisedInterceptor.intercept(CglibAopProxy.java:708)
	at sample.b.AopAspectANDRetryLogTest$AOP2ServiceImpl$$EnhancerBySpringCGLIB$$1ee82267.methodAB(<generated>)
	at sample.b.AopAspectANDRetryLogTest$AOP1ServiceImpl.methodA(AopAspectANDRetryLogTest.java:88)
	at sample.b.AopAspectANDRetryLogTest$AOP1ServiceImpl$$FastClassBySpringCGLIB$$7dd8b5fd.invoke(<generated>)
	at org.springframework.cglib.proxy.MethodProxy.invoke(MethodProxy.java:218)
	at org.springframework.aop.framework.CglibAopProxy$CglibMethodInvocation.invokeJoinpoint(CglibAopProxy.java:793)
	at org.springframework.aop.framework.ReflectiveMethodInvocation.proceed(ReflectiveMethodInvocation.java:163)
	at org.springframework.aop.framework.CglibAopProxy$CglibMethodInvocation.proceed(CglibAopProxy.java:763)
	at org.springframework.aop.aspectj.MethodInvocationProceedingJoinPoint.proceed(MethodInvocationProceedingJoinPoint.java:89)
	at skmsa.apiutil.process.aop.RetryAspect.doRetry(RetryAspect.java:29)
	at sun.reflect.NativeMethodAccessorImpl.invoke0(Native Method)
	at sun.reflect.NativeMethodAccessorImpl.invoke(NativeMethodAccessorImpl.java:62)
	at sun.reflect.DelegatingMethodAccessorImpl.invoke(DelegatingMethodAccessorImpl.java:43)
	at java.lang.reflect.Method.invoke(Method.java:498)
	at org.springframework.aop.aspectj.AbstractAspectJAdvice.invokeAdviceMethodWithGivenArgs(AbstractAspectJAdvice.java:634)
	at org.springframework.aop.aspectj.AbstractAspectJAdvice.invokeAdviceMethod(AbstractAspectJAdvice.java:624)
	at org.springframework.aop.aspectj.AspectJAroundAdvice.invoke(AspectJAroundAdvice.java:72)
	at org.springframework.aop.framework.ReflectiveMethodInvocation.proceed(ReflectiveMethodInvocation.java:175)
	at org.springframework.aop.framework.CglibAopProxy$CglibMethodInvocation.proceed(CglibAopProxy.java:763)
	at org.springframework.aop.aspectj.MethodInvocationProceedingJoinPoint.proceed(MethodInvocationProceedingJoinPoint.java:89)
	at skmsa.apiutil.interceptor.JournalAOP.logAction(JournalAOP.java:152)
	at sun.reflect.NativeMethodAccessorImpl.invoke0(Native Method)
	at sun.reflect.NativeMethodAccessorImpl.invoke(NativeMethodAccessorImpl.java:62)
	at sun.reflect.DelegatingMethodAccessorImpl.invoke(DelegatingMethodAccessorImpl.java:43)
	at java.lang.reflect.Method.invoke(Method.java:498)
	at org.springframework.aop.aspectj.AbstractAspectJAdvice.invokeAdviceMethodWithGivenArgs(AbstractAspectJAdvice.java:634)
	at org.springframework.aop.aspectj.AbstractAspectJAdvice.invokeAdviceMethod(AbstractAspectJAdvice.java:624)
	at org.springframework.aop.aspectj.AspectJAroundAdvice.invoke(AspectJAroundAdvice.java:72)
	at org.springframework.aop.framework.ReflectiveMethodInvocation.proceed(ReflectiveMethodInvocation.java:175)
	at org.springframework.aop.framework.CglibAopProxy$CglibMethodInvocation.proceed(CglibAopProxy.java:763)
	at org.springframework.aop.interceptor.ExposeInvocationInterceptor.invoke(ExposeInvocationInterceptor.java:97)
	at org.springframework.aop.framework.ReflectiveMethodInvocation.proceed(ReflectiveMethodInvocation.java:186)
	at org.springframework.aop.framework.CglibAopProxy$CglibMethodInvocation.proceed(CglibAopProxy.java:763)
	at org.springframework.aop.framework.CglibAopProxy$DynamicAdvisedInterceptor.intercept(CglibAopProxy.java:708)
	at sample.b.AopAspectANDRetryLogTest$AOP1ServiceImpl$$EnhancerBySpringCGLIB$$1f4868e6.methodA(<generated>)
	at sample.b.AopAspectANDRetryLogTest$AOP1Controller.methodA(AopAspectANDRetryLogTest.java:63)
	at sample.b.AopAspectANDRetryLogTest$AOP1Controller$$FastClassBySpringCGLIB$$db2e5714.invoke(<generated>)
	at org.springframework.cglib.proxy.MethodProxy.invoke(MethodProxy.java:218)
	at org.springframework.aop.framework.CglibAopProxy$CglibMethodInvocation.invokeJoinpoint(CglibAopProxy.java:793)
	at org.springframework.aop.framework.ReflectiveMethodInvocation.proceed(ReflectiveMethodInvocation.java:163)
	at org.springframework.aop.framework.CglibAopProxy$CglibMethodInvocation.proceed(CglibAopProxy.java:763)
	at org.springframework.aop.aspectj.MethodInvocationProceedingJoinPoint.proceed(MethodInvocationProceedingJoinPoint.java:89)
	at skmsa.apiutil.interceptor.JournalAOP.controllerAspect(JournalAOP.java:69)
	at sun.reflect.NativeMethodAccessorImpl.invoke0(Native Method)
	at sun.reflect.NativeMethodAccessorImpl.invoke(NativeMethodAccessorImpl.java:62)
	at sun.reflect.DelegatingMethodAccessorImpl.invoke(DelegatingMethodAccessorImpl.java:43)
	at java.lang.reflect.Method.invoke(Method.java:498)
	at org.springframework.aop.aspectj.AbstractAspectJAdvice.invokeAdviceMethodWithGivenArgs(AbstractAspectJAdvice.java:634)
	at org.springframework.aop.aspectj.AbstractAspectJAdvice.invokeAdviceMethod(AbstractAspectJAdvice.java:624)
	at org.springframework.aop.aspectj.AspectJAroundAdvice.invoke(AspectJAroundAdvice.java:72)
	at org.springframework.aop.framework.ReflectiveMethodInvocation.proceed(ReflectiveMethodInvocation.java:175)
	at org.springframework.aop.framework.CglibAopProxy$CglibMethodInvocation.proceed(CglibAopProxy.java:763)
	at org.springframework.aop.interceptor.ExposeInvocationInterceptor.invoke(ExposeInvocationInterceptor.java:97)
	at org.springframework.aop.framework.ReflectiveMethodInvocation.proceed(ReflectiveMethodInvocation.java:186)
	at org.springframework.aop.framework.CglibAopProxy$CglibMethodInvocation.proceed(CglibAopProxy.java:763)
	at org.springframework.aop.framework.CglibAopProxy$DynamicAdvisedInterceptor.intercept(CglibAopProxy.java:708)
	at sample.b.AopAspectANDRetryLogTest$AOP1Controller$$EnhancerBySpringCGLIB$$d473288f.methodA(<generated>)
	at sample.b.AopAspectANDRetryLogTest.aopTest(AopAspectANDRetryLogTest.java:37)
	at sun.reflect.NativeMethodAccessorImpl.invoke0(Native Method)
	at sun.reflect.NativeMethodAccessorImpl.invoke(NativeMethodAccessorImpl.java:62)
	at sun.reflect.DelegatingMethodAccessorImpl.invoke(DelegatingMethodAccessorImpl.java:43)
	at java.lang.reflect.Method.invoke(Method.java:498)
	at org.junit.platform.commons.util.ReflectionUtils.invokeMethod(ReflectionUtils.java:725)
	at org.junit.jupiter.engine.execution.MethodInvocation.proceed(MethodInvocation.java:60)
	at org.junit.jupiter.engine.execution.InvocationInterceptorChain$ValidatingInvocation.proceed(InvocationInterceptorChain.java:131)
	at org.junit.jupiter.engine.extension.TimeoutExtension.intercept(TimeoutExtension.java:149)
	at org.junit.jupiter.engine.extension.TimeoutExtension.interceptTestableMethod(TimeoutExtension.java:140)
	at org.junit.jupiter.engine.extension.TimeoutExtension.interceptTestMethod(TimeoutExtension.java:84)
	at org.junit.jupiter.engine.execution.ExecutableInvoker$ReflectiveInterceptorCall.lambda$ofVoidMethod$0(ExecutableInvoker.java:115)
	at org.junit.jupiter.engine.execution.ExecutableInvoker.lambda$invoke$0(ExecutableInvoker.java:105)
	at org.junit.jupiter.engine.execution.InvocationInterceptorChain$InterceptedInvocation.proceed(InvocationInterceptorChain.java:106)
	at org.junit.jupiter.engine.execution.InvocationInterceptorChain.proceed(InvocationInterceptorChain.java:64)
	at org.junit.jupiter.engine.execution.InvocationInterceptorChain.chainAndInvoke(InvocationInterceptorChain.java:45)
	at org.junit.jupiter.engine.execution.InvocationInterceptorChain.invoke(InvocationInterceptorChain.java:37)
	at org.junit.jupiter.engine.execution.ExecutableInvoker.invoke(ExecutableInvoker.java:104)
	at org.junit.jupiter.engine.execution.ExecutableInvoker.invoke(ExecutableInvoker.java:98)
	at org.junit.jupiter.engine.descriptor.TestMethodTestDescriptor.lambda$invokeTestMethod$7(TestMethodTestDescriptor.java:214)
	at org.junit.platform.engine.support.hierarchical.ThrowableCollector.execute(ThrowableCollector.java:73)
	at org.junit.jupiter.engine.descriptor.TestMethodTestDescriptor.invokeTestMethod(TestMethodTestDescriptor.java:210)
	at org.junit.jupiter.engine.descriptor.TestMethodTestDescriptor.execute(TestMethodTestDescriptor.java:135)
	at org.junit.jupiter.engine.descriptor.TestMethodTestDescriptor.execute(TestMethodTestDescriptor.java:66)
	at org.junit.platform.engine.support.hierarchical.NodeTestTask.lambda$executeRecursively$6(NodeTestTask.java:151)
	at org.junit.platform.engine.support.hierarchical.ThrowableCollector.execute(ThrowableCollector.java:73)
	at org.junit.platform.engine.support.hierarchical.NodeTestTask.lambda$executeRecursively$8(NodeTestTask.java:141)
	at org.junit.platform.engine.support.hierarchical.Node.around(Node.java:137)
	at org.junit.platform.engine.support.hierarchical.NodeTestTask.lambda$executeRecursively$9(NodeTestTask.java:139)
	at org.junit.platform.engine.support.hierarchical.ThrowableCollector.execute(ThrowableCollector.java:73)
	at org.junit.platform.engine.support.hierarchical.NodeTestTask.executeRecursively(NodeTestTask.java:138)
	at org.junit.platform.engine.support.hierarchical.NodeTestTask.execute(NodeTestTask.java:95)
	at java.util.ArrayList.forEach(ArrayList.java:1259)
	at org.junit.platform.engine.support.hierarchical.SameThreadHierarchicalTestExecutorService.invokeAll(SameThreadHierarchicalTestExecutorService.java:41)
	at org.junit.platform.engine.support.hierarchical.NodeTestTask.lambda$executeRecursively$6(NodeTestTask.java:155)
	at org.junit.platform.engine.support.hierarchical.ThrowableCollector.execute(ThrowableCollector.java:73)
	at org.junit.platform.engine.support.hierarchical.NodeTestTask.lambda$executeRecursively$8(NodeTestTask.java:141)
	at org.junit.platform.engine.support.hierarchical.Node.around(Node.java:137)
	at org.junit.platform.engine.support.hierarchical.NodeTestTask.lambda$executeRecursively$9(NodeTestTask.java:139)
	at org.junit.platform.engine.support.hierarchical.ThrowableCollector.execute(ThrowableCollector.java:73)
	at org.junit.platform.engine.support.hierarchical.NodeTestTask.executeRecursively(NodeTestTask.java:138)
	at org.junit.platform.engine.support.hierarchical.NodeTestTask.execute(NodeTestTask.java:95)
	at java.util.ArrayList.forEach(ArrayList.java:1259)
	at org.junit.platform.engine.support.hierarchical.SameThreadHierarchicalTestExecutorService.invokeAll(SameThreadHierarchicalTestExecutorService.java:41)
	at org.junit.platform.engine.support.hierarchical.NodeTestTask.lambda$executeRecursively$6(NodeTestTask.java:155)
	at org.junit.platform.engine.support.hierarchical.ThrowableCollector.execute(ThrowableCollector.java:73)
	at org.junit.platform.engine.support.hierarchical.NodeTestTask.lambda$executeRecursively$8(NodeTestTask.java:141)
	at org.junit.platform.engine.support.hierarchical.Node.around(Node.java:137)
	at org.junit.platform.engine.support.hierarchical.NodeTestTask.lambda$executeRecursively$9(NodeTestTask.java:139)
	at org.junit.platform.engine.support.hierarchical.ThrowableCollector.execute(ThrowableCollector.java:73)
	at org.junit.platform.engine.support.hierarchical.NodeTestTask.executeRecursively(NodeTestTask.java:138)
	at org.junit.platform.engine.support.hierarchical.NodeTestTask.execute(NodeTestTask.java:95)
	at org.junit.platform.engine.support.hierarchical.SameThreadHierarchicalTestExecutorService.submit(SameThreadHierarchicalTestExecutorService.java:35)
	at org.junit.platform.engine.support.hierarchical.HierarchicalTestExecutor.execute(HierarchicalTestExecutor.java:57)
	at org.junit.platform.engine.support.hierarchical.HierarchicalTestEngine.execute(HierarchicalTestEngine.java:54)
	at org.junit.platform.launcher.core.EngineExecutionOrchestrator.execute(EngineExecutionOrchestrator.java:107)
	at org.junit.platform.launcher.core.EngineExecutionOrchestrator.execute(EngineExecutionOrchestrator.java:88)
	at org.junit.platform.launcher.core.EngineExecutionOrchestrator.lambda$execute$0(EngineExecutionOrchestrator.java:54)
	at org.junit.platform.launcher.core.EngineExecutionOrchestrator.withInterceptedStreams(EngineExecutionOrchestrator.java:67)
	at org.junit.platform.launcher.core.EngineExecutionOrchestrator.execute(EngineExecutionOrchestrator.java:52)
	at org.junit.platform.launcher.core.DefaultLauncher.execute(DefaultLauncher.java:114)
	at org.junit.platform.launcher.core.DefaultLauncher.execute(DefaultLauncher.java:86)
	at org.junit.platform.launcher.core.DefaultLauncherSession$DelegatingLauncher.execute(DefaultLauncherSession.java:86)
	at org.junit.platform.launcher.core.SessionPerRequestLauncher.execute(SessionPerRequestLauncher.java:53)
	at com.intellij.junit5.JUnit5IdeaTestRunner.startRunnerWithArgs(JUnit5IdeaTestRunner.java:57)
	at com.intellij.rt.junit.IdeaTestRunner$Repeater$1.execute(IdeaTestRunner.java:38)
	at com.intellij.rt.execution.junit.TestsRepeater.repeat(TestsRepeater.java:11)
	at com.intellij.rt.junit.IdeaTestRunner$Repeater.startRunnerWithArgs(IdeaTestRunner.java:35)
	at com.intellij.rt.junit.JUnitStarter.prepareStreamsAndStart(JUnitStarter.java:235)
	at com.intellij.rt.junit.JUnitStarter.main(JUnitStarter.java:54)
