03-14 11:12:21.580,skmsa.apiutil.interceptor.JournalAOP    ,                                    ,  ,INFO ,           main,[SKMSA JournalAOP  积己磊]                                                                             , ->::.JournalAOP.<init>(JournalAOP.java:31)
03-14 11:12:27.588,skmsa.apiutil.interceptor.JournalAOP    ,ad52fb8b-99fd-4ad6-8600-088117273d02, 1,INFO ,           main,|-->: skmsa.apiutil.pointcut.BeanControllerAspectTest$AOP1Controller.methodA, args: itemA,10,       , ->::P.controllerAspect(JournalAOP.java:64)
03-14 11:12:27.596,skmsa.apiutil.interceptor.JournalAOP    ,ad52fb8b-99fd-4ad6-8600-088117273d02, 2,INFO ,           main,|   |--> skmsa.apiutil.pointcut.BeanControllerAspectTest$AOP1Service.methodA, args: itemA,10,       , ->::rnalAOP.logAction(JournalAOP.java:151)
03-14 11:12:27.605,skmsa.apiutil.interceptor.JournalAOP    ,ad52fb8b-99fd-4ad6-8600-088117273d02, 3,INFO ,           main,|   |   |--> skmsa.apiutil.pointcut.BeanControllerAspectTest$AOP2Service.methodAB, args: itemA,10,  , ->::rnalAOP.logAction(JournalAOP.java:151)
03-14 11:12:27.613,skmsa.apiutil.interceptor.JournalAOP    ,ad52fb8b-99fd-4ad6-8600-088117273d02, 3,ERROR,           main,|   |   |<--, Exec: 7ms8, Error: 坷幅 惯积:8                                                            , ->::rnalAOP.logAction(JournalAOP.java:162)
03-14 11:12:27.614,skmsa.apiutil.interceptor.JournalAOP    ,ad52fb8b-99fd-4ad6-8600-088117273d02, 3,ERROR,           main,    ERR Occur OnlineContext: TRAN_ID: skmsa.apiutil.pointcut.BeanControllerAspectTest$AOP1Controller.methodA, GUID: ad52fb8b-99fd-4ad6-8600-088117273d02, GL_MAGAM_DT: null, GL_OP: null, ->::rnalAOP.logAction(JournalAOP.java:163)
03-14 11:12:27.619,skmsa.apiutil.interceptor.JournalAOP    ,ad52fb8b-99fd-4ad6-8600-088117273d02, 3,ERROR,           main,    ERR Occur Args: itemA,10,                                                                       , ->::rnalAOP.logAction(JournalAOP.java:164)
03-14 11:12:27.632,skmsa.apiutil.interceptor.JournalAOP    ,ad52fb8b-99fd-4ad6-8600-088117273d02, 3,INFO ,           main,|   |   |--> skmsa.apiutil.pointcut.BeanControllerAspectTest$AOP2Service.methodAB, args: itemA,10,  , ->::rnalAOP.logAction(JournalAOP.java:151)
03-14 11:12:27.634,skmsa.apiutil.interceptor.JournalAOP    ,ad52fb8b-99fd-4ad6-8600-088117273d02, 3,INFO ,           main,|   |   |<--, Exec: 1ms2, Result: itemA                                                             , ->::rnalAOP.logAction(JournalAOP.java:157)
03-14 11:12:27.634,skmsa.apiutil.interceptor.JournalAOP    ,ad52fb8b-99fd-4ad6-8600-088117273d02, 2,INFO ,           main,|   |<--, Exec: 37ms38, Result: itemA                                                               , ->::rnalAOP.logAction(JournalAOP.java:157)
03-14 11:12:27.634,skmsa.apiutil.interceptor.JournalAOP    ,ad52fb8b-99fd-4ad6-8600-088117273d02, 1,INFO ,           main,|<--: skmsa.apiutil.pointcut.BeanControllerAspectTest$AOP1Controller.methodA, Exec: 45ms, Result: itemA , ->::P.controllerAspect(JournalAOP.java:73)
03-14 11:12:59.097,skmsa.apiutil.interceptor.JournalAOP    ,ad52fb8b-99fd-4ad6-8600-088117273d02, 1,INFO ,           main,[SKMSA JournalAOP  积己磊]                                                                             , ->::.JournalAOP.<init>(JournalAOP.java:31)
03-14 11:13:01.698,skmsa.apiutil.interceptor.JournalAOP    ,5d286d19-cd18-45e0-ac12-d3840b000d17, 1,INFO ,           main,|-->: skmsa.apiutil.process.retry.RetryTest$AOP1Controller.methodA, args: Myinno,100,               , ->::P.controllerAspect(JournalAOP.java:64)
03-14 11:13:01.705,skmsa.apiutil.interceptor.JournalAOP    ,5d286d19-cd18-45e0-ac12-d3840b000d17, 2,INFO ,           main,|   |--> skmsa.apiutil.process.retry.RetryTest$AOP1Service.methodA, args: Myinno,100,               , ->::rnalAOP.logAction(JournalAOP.java:151)
03-14 11:13:01.710,skmsa.apiutil.interceptor.JournalAOP    ,5d286d19-cd18-45e0-ac12-d3840b000d17, 3,INFO ,           main,|   |   |--> skmsa.apiutil.process.retry.RetryTest$AOP2Service.methodAB, args: Myinno,100,          , ->::rnalAOP.logAction(JournalAOP.java:151)
03-14 11:13:01.718,skmsa.apiutil.interceptor.JournalAOP    ,5d286d19-cd18-45e0-ac12-d3840b000d17, 3,INFO ,           main,|   |   |<--, Exec: 8ms8, Result: Myinno                                                            , ->::rnalAOP.logAction(JournalAOP.java:157)
03-14 11:13:01.718,skmsa.apiutil.interceptor.JournalAOP    ,5d286d19-cd18-45e0-ac12-d3840b000d17, 2,INFO ,           main,|   |<--, Exec: 13ms14, Result: Myinno                                                              , ->::rnalAOP.logAction(JournalAOP.java:157)
03-14 11:13:01.719,skmsa.apiutil.interceptor.JournalAOP    ,5d286d19-cd18-45e0-ac12-d3840b000d17, 1,INFO ,           main,|<--: skmsa.apiutil.process.retry.RetryTest$AOP1Controller.methodA, Exec: 21ms, Result: Myinno      , ->::P.controllerAspect(JournalAOP.java:73)
03-14 15:36:31.427,skmsa.apiutil.interceptor.JournalAOP    ,                                    ,  ,INFO ,           main,[SKMSA JournalAOP  膘]                                                                             , ->::.JournalAOP.<init>(JournalAOP.java:31)
03-14 15:36:37.213,skmsa.apiutil.interceptor.JournalAOP    ,4059ffa9-419a-4df3-8941-70ddd88aa724, 1,INFO ,           main,|-->: skmsa.apiutil.pointcut.BeanControllerAspectTest$AOP1Controller.methodA, args: itemA,10,       , ->::P.controllerAspect(JournalAOP.java:64)
03-14 15:36:37.223,skmsa.apiutil.interceptor.JournalAOP    ,4059ffa9-419a-4df3-8941-70ddd88aa724, 2,INFO ,           main,|   |--> skmsa.apiutil.pointcut.BeanControllerAspectTest$AOP1Service.methodA, args: itemA,10,       , ->::rnalAOP.logAction(JournalAOP.java:151)
03-14 15:36:37.230,skmsa.apiutil.interceptor.JournalAOP    ,4059ffa9-419a-4df3-8941-70ddd88aa724, 3,INFO ,           main,|   |   |--> skmsa.apiutil.pointcut.BeanControllerAspectTest$AOP2Service.methodAB, args: itemA,10,  , ->::rnalAOP.logAction(JournalAOP.java:151)
03-14 15:36:37.237,skmsa.apiutil.interceptor.JournalAOP    ,4059ffa9-419a-4df3-8941-70ddd88aa724, 3,INFO ,           main,|   |   |<--, Exec: 7ms7, Result: itemA                                                             , ->::rnalAOP.logAction(JournalAOP.java:157)
03-14 15:36:37.238,skmsa.apiutil.interceptor.JournalAOP    ,4059ffa9-419a-4df3-8941-70ddd88aa724, 2,INFO ,           main,|   |<--, Exec: 15ms16, Result: itemA                                                               , ->::rnalAOP.logAction(JournalAOP.java:157)
03-14 15:36:37.238,skmsa.apiutil.interceptor.JournalAOP    ,4059ffa9-419a-4df3-8941-70ddd88aa724, 1,INFO ,           main,|<--: skmsa.apiutil.pointcut.BeanControllerAspectTest$AOP1Controller.methodA, Exec: 24ms, Result: itemA , ->::P.controllerAspect(JournalAOP.java:73)
03-14 16:07:18.745,skmsa.apiutil.interceptor.JournalAOP    ,                                    ,  ,INFO ,           main,[SKMSA JournalAOP  膘]                                                                             , ->::.JournalAOP.<init>(JournalAOP.java:31)
03-14 16:11:16.124,skmsa.apiutil.interceptor.JournalAOP    ,                                    ,  ,INFO ,           main,[SKMSA JournalAOP  膘]                                                                             , ->::.JournalAOP.<init>(JournalAOP.java:31)
03-14 16:13:21.823,skmsa.apiutil.interceptor.JournalAOP    ,                                    ,  ,INFO ,           main,[SKMSA JournalAOP  膘]                                                                             , ->::.JournalAOP.<init>(JournalAOP.java:31)
03-14 16:16:16.813,skmsa.apiutil.interceptor.JournalAOP    ,                                    ,  ,INFO ,           main,[SKMSA JournalAOP  膘]                                                                             , ->::.JournalAOP.<init>(JournalAOP.java:31)
03-14 16:20:33.347,skmsa.apiutil.interceptor.JournalAOP    ,                                    ,  ,INFO ,           main,[SKMSA JournalAOP  膘]                                                                             , ->::.JournalAOP.<init>(JournalAOP.java:31)
03-14 16:24:54.235,skmsa.apiutil.interceptor.JournalAOP    ,                                    ,  ,INFO ,           main,[SKMSA JournalAOP  膘]                                                                             , ->::.JournalAOP.<init>(JournalAOP.java:31)
03-14 16:25:15.247,skmsa.apiutil.interceptor.JournalAOP    ,                                    ,  ,INFO ,           main,[SKMSA JournalAOP  膘]                                                                             , ->::.JournalAOP.<init>(JournalAOP.java:31)
03-14 16:27:13.503,skmsa.apiutil.interceptor.JournalAOP    ,                                    ,  ,INFO ,           main,[SKMSA JournalAOP  膘]                                                                             , ->::.JournalAOP.<init>(JournalAOP.java:31)
03-14 16:27:18.535,skmsa.apiutil.interceptor.JournalAOP    ,89168822-510d-4d86-8d10-b220efdd5ae8, 1,INFO ,           main,|-->: skmsa.apiutil.process.retry.RetryTest$AOP1Controller.methodA, args: Myinno,100,               , ->::P.controllerAspect(JournalAOP.java:64)
03-14 16:27:18.545,skmsa.apiutil.interceptor.JournalAOP    ,89168822-510d-4d86-8d10-b220efdd5ae8, 2,INFO ,           main,|   |--> skmsa.apiutil.process.retry.RetryTest$AOP1Service.methodA, args: Myinno,100,               , ->::rnalAOP.logAction(JournalAOP.java:151)
03-14 16:27:18.550,skmsa.apiutil.interceptor.JournalAOP    ,89168822-510d-4d86-8d10-b220efdd5ae8, 3,INFO ,           main,|   |   |--> skmsa.apiutil.process.retry.RetryTest$AOP2Service.methodAB, args: Myinno,100,          , ->::rnalAOP.logAction(JournalAOP.java:151)
03-14 16:27:18.556,skmsa.apiutil.interceptor.JournalAOP    ,89168822-510d-4d86-8d10-b220efdd5ae8, 3,ERROR,           main,|   |   |<--, Exec: 6ms6, Error: る 氚:9                                                            , ->::rnalAOP.logAction(JournalAOP.java:162)
03-14 16:27:18.557,skmsa.apiutil.interceptor.JournalAOP    ,89168822-510d-4d86-8d10-b220efdd5ae8, 3,ERROR,           main,    ERR Occur OnlineContext: TRAN_ID: skmsa.apiutil.process.retry.RetryTest$AOP1Controller.methodA, GUID: 89168822-510d-4d86-8d10-b220efdd5ae8, GL_MAGAM_DT: null, GL_OP: null, ->::rnalAOP.logAction(JournalAOP.java:163)
03-14 16:27:18.558,skmsa.apiutil.interceptor.JournalAOP    ,89168822-510d-4d86-8d10-b220efdd5ae8, 3,ERROR,           main,    ERR Occur Args: Myinno,100,                                                                     , ->::rnalAOP.logAction(JournalAOP.java:164)
03-14 16:27:18.569,skmsa.apiutil.interceptor.JournalAOP    ,89168822-510d-4d86-8d10-b220efdd5ae8, 3,INFO ,           main,|   |   |--> skmsa.apiutil.process.retry.RetryTest$AOP2Service.methodAB, args: Myinno,100,          , ->::rnalAOP.logAction(JournalAOP.java:151)
03-14 16:27:18.571,skmsa.apiutil.interceptor.JournalAOP    ,89168822-510d-4d86-8d10-b220efdd5ae8, 3,INFO ,           main,|   |   |<--, Exec: 1ms2, Result: Myinno                                                            , ->::rnalAOP.logAction(JournalAOP.java:157)
03-14 16:27:18.572,skmsa.apiutil.interceptor.JournalAOP    ,89168822-510d-4d86-8d10-b220efdd5ae8, 2,INFO ,           main,|   |<--, Exec: 27ms28, Result: Myinno                                                              , ->::rnalAOP.logAction(JournalAOP.java:157)
03-14 16:27:18.572,skmsa.apiutil.interceptor.JournalAOP    ,89168822-510d-4d86-8d10-b220efdd5ae8, 1,INFO ,           main,|<--: skmsa.apiutil.process.retry.RetryTest$AOP1Controller.methodA, Exec: 37ms, Result: Myinno      , ->::P.controllerAspect(JournalAOP.java:73)
03-14 17:32:30.765,skmsa.apiutil.interceptor.JournalAOP    ,                                    ,  ,INFO ,           main,[SKMSA JournalAOP  膘]                                                                             , ->::.JournalAOP.<init>(JournalAOP.java:31)
03-14 17:33:47.269,skmsa.apiutil.interceptor.JournalAOP    ,                                    ,  ,INFO ,           main,[SKMSA JournalAOP  膘]                                                                             , ->::.JournalAOP.<init>(JournalAOP.java:31)
