#
# There is insufficient memory for the Java Runtime Environment to continue.
# Native memory allocation (malloc) failed to allocate 283616 bytes for Chunk::new
# Possible reasons:
#   The system is out of physical RAM or swap space
#   The process is running with CompressedOops enabled, and the Java Heap may be blocking the growth of the native heap
# Possible solutions:
#   Reduce memory load on the system
#   Increase physical memory or swap space
#   Check if swap backing store is full
#   Decrease Java heap size (-Xmx/-Xms)
#   Decrease number of Java threads
#   Decrease Java thread stack sizes (-Xss)
#   Set larger code cache with -XX:ReservedCodeCacheSize=
#   JVM is running with Zero Based Compressed Oops mode in which the Java heap is
#     placed in the first 32GB address space. The Java Heap base address is the
#     maximum limit for the native heap growth. Please use -XX:HeapBaseMinAddress
#     to set the Java Heap base and to place the Java Heap above 32GB virtual address.
# This output file may be truncated or incomplete.
#
#  Out of Memory Error (./src/hotspot/share/memory/arena.cpp:197), pid=35780, tid=35616
#
# JRE version: OpenJDK Runtime Environment Temurin-11.0.15+10 (11.0.15+10) (build 11.0.15+10)
# Java VM: OpenJDK 64-Bit Server VM Temurin-11.0.15+10 (11.0.15+10, mixed mode, tiered, compressed oops, g1 gc, windows-amd64)
# No core dump will be written. Minidumps are not enabled by default on client versions of Windows
#

---------------  S U M M A R Y ------------

Command Line: C:\Users\ADMINI~1\AppData\Local\Temp\surefire12470834579404057434\surefirebooter3061683141719798591.jar C:\Users\Administrator\AppData\Local\Temp\surefire12470834579404057434 2023-02-17T19-59-02_052-jvmRun1 surefire457611976506122103tmp surefire_014194350973405830554tmp

Host: 11th Gen Intel(R) Core(TM) i7-1165G7 @ 2.80GHz, 8 cores, 15G,  Windows 10 , 64 bit Build 19041 (10.0.19041.2546)
Time: Fri Feb 17 19:59:04 2023  Windows 10 , 64 bit Build 19041 (10.0.19041.2546) elapsed time: 1.624213 seconds (0d 0h 0m 1s)

---------------  T H R E A D  ---------------

Current thread (0x0000015973038000):  JavaThread "C2 CompilerThread2" daemon [_thread_in_native, id=35616, stack(0x0000000b01100000,0x0000000b01200000)]


Current CompileTask:
C2:   1624  824   !   4       jdk.internal.loader.URLClassPath$JarLoader::getResource (65 bytes)

Stack: [0x0000000b01100000,0x0000000b01200000]
Native frames: (J=compiled Java code, j=interpreted, Vv=VM code, C=native code)
V  [jvm.dll+0x61e72a]
V  [jvm.dll+0x7aae49]
V  [jvm.dll+0x7ac538]
V  [jvm.dll+0x7acc13]
V  [jvm.dll+0x24fb28]
V  [jvm.dll+0xc262c]
V  [jvm.dll+0xc2bec]
V  [jvm.dll+0x2c19a4]
V  [jvm.dll+0x52d9b9]
V  [jvm.dll+0x21113d]
V  [jvm.dll+0x20ada4]
V  [jvm.dll+0x207e3b]
V  [jvm.dll+0x18a361]
V  [jvm.dll+0x2178a4]
V  [jvm.dll+0x215aeb]
V  [jvm.dll+0x76d950]
V  [jvm.dll+0x7668b4]
V  [jvm.dll+0x61d586]
C  [ucrtbase.dll+0x21bb2]
C  [KERNEL32.DLL+0x17614]
C  [ntdll.dll+0x526a1]


---------------  P R O C E S S  ---------------

Threads class SMR info:
_java_thread_list=0x00000159724cd580, length=14, elements={
0x0000015942a31000, 0x0000015970b76800, 0x0000015970b7f800, 0x0000015971494800,
0x0000015971497800, 0x0000015971499000, 0x000001597149a000, 0x000001597149b000,
0x000001597149f800, 0x000001597161e000, 0x0000015971761800, 0x0000015971938800,
0x00000159724cc800, 0x0000015973038000
}

Java Threads: ( => current thread )
  0x0000015942a31000 JavaThread "main" [_thread_in_Java, id=3116, stack(0x0000000b7fd00000,0x0000000b7fe00000)]
  0x0000015970b76800 JavaThread "Reference Handler" daemon [_thread_blocked, id=35872, stack(0x0000000b00400000,0x0000000b00500000)]
  0x0000015970b7f800 JavaThread "Finalizer" daemon [_thread_blocked, id=10052, stack(0x0000000b00500000,0x0000000b00600000)]
  0x0000015971494800 JavaThread "Signal Dispatcher" daemon [_thread_blocked, id=25664, stack(0x0000000b00600000,0x0000000b00700000)]
  0x0000015971497800 JavaThread "Attach Listener" daemon [_thread_blocked, id=10792, stack(0x0000000b00700000,0x0000000b00800000)]
  0x0000015971499000 JavaThread "Service Thread" daemon [_thread_blocked, id=12260, stack(0x0000000b00800000,0x0000000b00900000)]
  0x000001597149a000 JavaThread "C2 CompilerThread0" daemon [_thread_in_native, id=26564, stack(0x0000000b00900000,0x0000000b00a00000)]
  0x000001597149b000 JavaThread "C1 CompilerThread0" daemon [_thread_blocked, id=34516, stack(0x0000000b00a00000,0x0000000b00b00000)]
  0x000001597149f800 JavaThread "Sweeper thread" daemon [_thread_blocked, id=25188, stack(0x0000000b00b00000,0x0000000b00c00000)]
  0x000001597161e000 JavaThread "Common-Cleaner" daemon [_thread_blocked, id=35844, stack(0x0000000b00d00000,0x0000000b00e00000)]
  0x0000015971761800 JavaThread "surefire-forkedjvm-command-thread" daemon [_thread_in_native, id=15508, stack(0x0000000b00f00000,0x0000000b01000000)]
  0x0000015971938800 JavaThread "surefire-forkedjvm-ping-30s" daemon [_thread_blocked, id=37128, stack(0x0000000b01000000,0x0000000b01100000)]
  0x00000159724cc800 JavaThread "C2 CompilerThread1" daemon [_thread_in_native, id=35504, stack(0x0000000b00e00000,0x0000000b00f00000)]
=>0x0000015973038000 JavaThread "C2 CompilerThread2" daemon [_thread_in_native, id=35616, stack(0x0000000b01100000,0x0000000b01200000)]

Other Threads:
  0x0000015970b73800 VMThread "VM Thread" [stack: 0x0000000b00300000,0x0000000b00400000] [id=952]
  0x000001597161a800 WatcherThread [stack: 0x0000000b00c00000,0x0000000b00d00000] [id=25640]
  0x0000015942a4a000 GCTaskThread "GC Thread#0" [stack: 0x0000000b7fe00000,0x0000000b7ff00000] [id=7368]
  0x00000159731e1000 GCTaskThread "GC Thread#1" [stack: 0x0000000b01200000,0x0000000b01300000] [id=30600]
  0x0000015973091000 GCTaskThread "GC Thread#2" [stack: 0x0000000b01300000,0x0000000b01400000] [id=9560]
  0x0000015972cb7800 GCTaskThread "GC Thread#3" [stack: 0x0000000b01400000,0x0000000b01500000] [id=24460]
  0x0000015973105000 GCTaskThread "GC Thread#4" [stack: 0x0000000b01500000,0x0000000b01600000] [id=35820]
  0x00000159727f8800 GCTaskThread "GC Thread#5" [stack: 0x0000000b01600000,0x0000000b01700000] [id=308]
  0x0000015942aa4000 ConcurrentGCThread "G1 Main Marker" [stack: 0x0000000b7ff00000,0x0000000b80000000] [id=17656]
  0x0000015942aa5800 ConcurrentGCThread "G1 Conc#0" [stack: 0x0000000b00000000,0x0000000b00100000] [id=26892]
  0x0000015970a57800 ConcurrentGCThread "G1 Refine#0" [stack: 0x0000000b00100000,0x0000000b00200000] [id=7448]
  0x0000015970a59800 ConcurrentGCThread "G1 Young RemSet Sampling" [stack: 0x0000000b00200000,0x0000000b00300000] [id=36692]

Threads with active compile tasks:
C2 CompilerThread0     1771  822  s!   4       jdk.internal.loader.URLClassPath::getLoader (194 bytes)
C1 CompilerThread0     1772 1049       3       java.lang.invoke.InvokerBytecodeGenerator::emitImplicitConversion (159 bytes)
C2 CompilerThread1     1772  821       4       java.util.jar.JarFile::getEntry (22 bytes)
C2 CompilerThread2     1772  824   !   4       jdk.internal.loader.URLClassPath$JarLoader::getResource (65 bytes)

VM state:not at safepoint (normal execution)

VM Mutex/Monitor currently owned by a thread: None

Heap address: 0x0000000704400000, size: 4028 MB, Compressed Oops mode: Zero based, Oop shift amount: 3
Narrow klass base: 0x0000000800000000, Narrow klass shift: 0
Compressed class space size: 1073741824 Address: 0x0000000800000000

Heap:
 garbage-first heap   total 258048K, used 17007K [0x0000000704400000, 0x0000000800000000)
  region size 1024K, 10 young (10240K), 3 survivors (3072K)
 Metaspace       used 12205K, capacity 12600K, committed 12928K, reserved 1060864K
  class space    used 1179K, capacity 1320K, committed 1408K, reserved 1048576K
Heap Regions: E=young(eden), S=young(survivor), O=old, HS=humongous(starts), HC=humongous(continues), CS=collection set, F=free, A=archive, TAMS=top-at-mark-start (previous, next)
|   0|0x0000000704400000, 0x0000000704500000, 0x0000000704500000|100%|HS|  |TAMS 0x0000000704400000, 0x0000000704400000| Complete 
|   1|0x0000000704500000, 0x0000000704600000, 0x0000000704600000|100%| O|  |TAMS 0x0000000704500000, 0x0000000704500000| Untracked 
|   2|0x0000000704600000, 0x0000000704700000, 0x0000000704700000|100%| O|  |TAMS 0x0000000704600000, 0x0000000704600000| Untracked 
|   3|0x0000000704700000, 0x0000000704800000, 0x0000000704800000|100%| O|  |TAMS 0x0000000704700000, 0x0000000704700000| Untracked 
|   4|0x0000000704800000, 0x0000000704900000, 0x0000000704900000|100%| O|  |TAMS 0x0000000704800000, 0x0000000704800000| Untracked 
|   5|0x0000000704900000, 0x0000000704a00000, 0x0000000704a00000|100%| O|  |TAMS 0x0000000704900000, 0x0000000704900000| Untracked 
|   6|0x0000000704a00000, 0x0000000704b00000, 0x0000000704b00000|100%| O|  |TAMS 0x0000000704a00000, 0x0000000704a00000| Untracked 
|   7|0x0000000704b00000, 0x0000000704b9bc00, 0x0000000704c00000| 60%| O|  |TAMS 0x0000000704b00000, 0x0000000704b00000| Untracked 
|   8|0x0000000704c00000, 0x0000000704c00000, 0x0000000704d00000|  0%| F|  |TAMS 0x0000000704c00000, 0x0000000704c00000| Untracked 
|   9|0x0000000704d00000, 0x0000000704d00000, 0x0000000704e00000|  0%| F|  |TAMS 0x0000000704d00000, 0x0000000704d00000| Untracked 
|  10|0x0000000704e00000, 0x0000000704e00000, 0x0000000704f00000|  0%| F|  |TAMS 0x0000000704e00000, 0x0000000704e00000| Untracked 
|  11|0x0000000704f00000, 0x0000000704f00000, 0x0000000705000000|  0%| F|  |TAMS 0x0000000704f00000, 0x0000000704f00000| Untracked 
|  12|0x0000000705000000, 0x0000000705000000, 0x0000000705100000|  0%| F|  |TAMS 0x0000000705000000, 0x0000000705000000| Untracked 
|  13|0x0000000705100000, 0x0000000705100000, 0x0000000705200000|  0%| F|  |TAMS 0x0000000705100000, 0x0000000705100000| Untracked 
|  14|0x0000000705200000, 0x0000000705200000, 0x0000000705300000|  0%| F|  |TAMS 0x0000000705200000, 0x0000000705200000| Untracked 
|  15|0x0000000705300000, 0x0000000705300000, 0x0000000705400000|  0%| F|  |TAMS 0x0000000705300000, 0x0000000705300000| Untracked 
|  16|0x0000000705400000, 0x0000000705400000, 0x0000000705500000|  0%| F|  |TAMS 0x0000000705400000, 0x0000000705400000| Untracked 
|  17|0x0000000705500000, 0x0000000705500000, 0x0000000705600000|  0%| F|  |TAMS 0x0000000705500000, 0x0000000705500000| Untracked 
|  18|0x0000000705600000, 0x0000000705600000, 0x0000000705700000|  0%| F|  |TAMS 0x0000000705600000, 0x0000000705600000| Untracked 
|  19|0x0000000705700000, 0x0000000705700000, 0x0000000705800000|  0%| F|  |TAMS 0x0000000705700000, 0x0000000705700000| Untracked 
|  20|0x0000000705800000, 0x0000000705800000, 0x0000000705900000|  0%| F|  |TAMS 0x0000000705800000, 0x0000000705800000| Untracked 
|  21|0x0000000705900000, 0x0000000705900000, 0x0000000705a00000|  0%| F|  |TAMS 0x0000000705900000, 0x0000000705900000| Untracked 
|  22|0x0000000705a00000, 0x0000000705a00000, 0x0000000705b00000|  0%| F|  |TAMS 0x0000000705a00000, 0x0000000705a00000| Untracked 
|  23|0x0000000705b00000, 0x0000000705b00000, 0x0000000705c00000|  0%| F|  |TAMS 0x0000000705b00000, 0x0000000705b00000| Untracked 
|  24|0x0000000705c00000, 0x0000000705c00000, 0x0000000705d00000|  0%| F|  |TAMS 0x0000000705c00000, 0x0000000705c00000| Untracked 
|  25|0x0000000705d00000, 0x0000000705d00000, 0x0000000705e00000|  0%| F|  |TAMS 0x0000000705d00000, 0x0000000705d00000| Untracked 
|  26|0x0000000705e00000, 0x0000000705e00000, 0x0000000705f00000|  0%| F|  |TAMS 0x0000000705e00000, 0x0000000705e00000| Untracked 
|  27|0x0000000705f00000, 0x0000000705f00000, 0x0000000706000000|  0%| F|  |TAMS 0x0000000705f00000, 0x0000000705f00000| Untracked 
|  28|0x0000000706000000, 0x0000000706000000, 0x0000000706100000|  0%| F|  |TAMS 0x0000000706000000, 0x0000000706000000| Untracked 
|  29|0x0000000706100000, 0x0000000706100000, 0x0000000706200000|  0%| F|  |TAMS 0x0000000706100000, 0x0000000706100000| Untracked 
|  30|0x0000000706200000, 0x0000000706200000, 0x0000000706300000|  0%| F|  |TAMS 0x0000000706200000, 0x0000000706200000| Untracked 
|  31|0x0000000706300000, 0x0000000706300000, 0x0000000706400000|  0%| F|  |TAMS 0x0000000706300000, 0x0000000706300000| Untracked 
|  32|0x0000000706400000, 0x0000000706400000, 0x0000000706500000|  0%| F|  |TAMS 0x0000000706400000, 0x0000000706400000| Untracked 
|  33|0x0000000706500000, 0x0000000706500000, 0x0000000706600000|  0%| F|  |TAMS 0x0000000706500000, 0x0000000706500000| Untracked 
|  34|0x0000000706600000, 0x0000000706600000, 0x0000000706700000|  0%| F|  |TAMS 0x0000000706600000, 0x0000000706600000| Untracked 
|  35|0x0000000706700000, 0x0000000706700000, 0x0000000706800000|  0%| F|  |TAMS 0x0000000706700000, 0x0000000706700000| Untracked 
|  36|0x0000000706800000, 0x0000000706800000, 0x0000000706900000|  0%| F|  |TAMS 0x0000000706800000, 0x0000000706800000| Untracked 
|  37|0x0000000706900000, 0x0000000706900000, 0x0000000706a00000|  0%| F|  |TAMS 0x0000000706900000, 0x0000000706900000| Untracked 
|  38|0x0000000706a00000, 0x0000000706a00000, 0x0000000706b00000|  0%| F|  |TAMS 0x0000000706a00000, 0x0000000706a00000| Untracked 
|  39|0x0000000706b00000, 0x0000000706b00000, 0x0000000706c00000|  0%| F|  |TAMS 0x0000000706b00000, 0x0000000706b00000| Untracked 
|  40|0x0000000706c00000, 0x0000000706c00000, 0x0000000706d00000|  0%| F|  |TAMS 0x0000000706c00000, 0x0000000706c00000| Untracked 
|  41|0x0000000706d00000, 0x0000000706d00000, 0x0000000706e00000|  0%| F|  |TAMS 0x0000000706d00000, 0x0000000706d00000| Untracked 
|  42|0x0000000706e00000, 0x0000000706e00000, 0x0000000706f00000|  0%| F|  |TAMS 0x0000000706e00000, 0x0000000706e00000| Untracked 
|  43|0x0000000706f00000, 0x0000000706f00000, 0x0000000707000000|  0%| F|  |TAMS 0x0000000706f00000, 0x0000000706f00000| Untracked 
|  44|0x0000000707000000, 0x0000000707000000, 0x0000000707100000|  0%| F|  |TAMS 0x0000000707000000, 0x0000000707000000| Untracked 
|  45|0x0000000707100000, 0x0000000707100000, 0x0000000707200000|  0%| F|  |TAMS 0x0000000707100000, 0x0000000707100000| Untracked 
|  46|0x0000000707200000, 0x0000000707200000, 0x0000000707300000|  0%| F|  |TAMS 0x0000000707200000, 0x0000000707200000| Untracked 
|  47|0x0000000707300000, 0x0000000707300000, 0x0000000707400000|  0%| F|  |TAMS 0x0000000707300000, 0x0000000707300000| Untracked 
|  48|0x0000000707400000, 0x0000000707400000, 0x0000000707500000|  0%| F|  |TAMS 0x0000000707400000, 0x0000000707400000| Untracked 
|  49|0x0000000707500000, 0x0000000707500000, 0x0000000707600000|  0%| F|  |TAMS 0x0000000707500000, 0x0000000707500000| Untracked 
|  50|0x0000000707600000, 0x0000000707600000, 0x0000000707700000|  0%| F|  |TAMS 0x0000000707600000, 0x0000000707600000| Untracked 
|  51|0x0000000707700000, 0x0000000707700000, 0x0000000707800000|  0%| F|  |TAMS 0x0000000707700000, 0x0000000707700000| Untracked 
|  52|0x0000000707800000, 0x0000000707800000, 0x0000000707900000|  0%| F|  |TAMS 0x0000000707800000, 0x0000000707800000| Untracked 
|  53|0x0000000707900000, 0x0000000707900000, 0x0000000707a00000|  0%| F|  |TAMS 0x0000000707900000, 0x0000000707900000| Untracked 
|  54|0x0000000707a00000, 0x0000000707a00000, 0x0000000707b00000|  0%| F|  |TAMS 0x0000000707a00000, 0x0000000707a00000| Untracked 
|  55|0x0000000707b00000, 0x0000000707b00000, 0x0000000707c00000|  0%| F|  |TAMS 0x0000000707b00000, 0x0000000707b00000| Untracked 
|  56|0x0000000707c00000, 0x0000000707c00000, 0x0000000707d00000|  0%| F|  |TAMS 0x0000000707c00000, 0x0000000707c00000| Untracked 
|  57|0x0000000707d00000, 0x0000000707d00000, 0x0000000707e00000|  0%| F|  |TAMS 0x0000000707d00000, 0x0000000707d00000| Untracked 
|  58|0x0000000707e00000, 0x0000000707e00000, 0x0000000707f00000|  0%| F|  |TAMS 0x0000000707e00000, 0x0000000707e00000| Untracked 
|  59|0x0000000707f00000, 0x0000000707f00000, 0x0000000708000000|  0%| F|  |TAMS 0x0000000707f00000, 0x0000000707f00000| Untracked 
|  60|0x0000000708000000, 0x0000000708000000, 0x0000000708100000|  0%| F|  |TAMS 0x0000000708000000, 0x0000000708000000| Untracked 
|  61|0x0000000708100000, 0x0000000708100000, 0x0000000708200000|  0%| F|  |TAMS 0x0000000708100000, 0x0000000708100000| Untracked 
|  62|0x0000000708200000, 0x0000000708200000, 0x0000000708300000|  0%| F|  |TAMS 0x0000000708200000, 0x0000000708200000| Untracked 
|  63|0x0000000708300000, 0x0000000708300000, 0x0000000708400000|  0%| F|  |TAMS 0x0000000708300000, 0x0000000708300000| Untracked 
|  64|0x0000000708400000, 0x0000000708400000, 0x0000000708500000|  0%| F|  |TAMS 0x0000000708400000, 0x0000000708400000| Untracked 
|  65|0x0000000708500000, 0x0000000708500000, 0x0000000708600000|  0%| F|  |TAMS 0x0000000708500000, 0x0000000708500000| Untracked 
|  66|0x0000000708600000, 0x0000000708600000, 0x0000000708700000|  0%| F|  |TAMS 0x0000000708600000, 0x0000000708600000| Untracked 
|  67|0x0000000708700000, 0x0000000708700000, 0x0000000708800000|  0%| F|  |TAMS 0x0000000708700000, 0x0000000708700000| Untracked 
|  68|0x0000000708800000, 0x0000000708800000, 0x0000000708900000|  0%| F|  |TAMS 0x0000000708800000, 0x0000000708800000| Untracked 
|  69|0x0000000708900000, 0x0000000708900000, 0x0000000708a00000|  0%| F|  |TAMS 0x0000000708900000, 0x0000000708900000| Untracked 
|  70|0x0000000708a00000, 0x0000000708a00000, 0x0000000708b00000|  0%| F|  |TAMS 0x0000000708a00000, 0x0000000708a00000| Untracked 
|  71|0x0000000708b00000, 0x0000000708b00000, 0x0000000708c00000|  0%| F|  |TAMS 0x0000000708b00000, 0x0000000708b00000| Untracked 
|  72|0x0000000708c00000, 0x0000000708c00000, 0x0000000708d00000|  0%| F|  |TAMS 0x0000000708c00000, 0x0000000708c00000| Untracked 
|  73|0x0000000708d00000, 0x0000000708d00000, 0x0000000708e00000|  0%| F|  |TAMS 0x0000000708d00000, 0x0000000708d00000| Untracked 
|  74|0x0000000708e00000, 0x0000000708e00000, 0x0000000708f00000|  0%| F|  |TAMS 0x0000000708e00000, 0x0000000708e00000| Untracked 
|  75|0x0000000708f00000, 0x0000000708f00000, 0x0000000709000000|  0%| F|  |TAMS 0x0000000708f00000, 0x0000000708f00000| Untracked 
|  76|0x0000000709000000, 0x0000000709000000, 0x0000000709100000|  0%| F|  |TAMS 0x0000000709000000, 0x0000000709000000| Untracked 
|  77|0x0000000709100000, 0x0000000709100000, 0x0000000709200000|  0%| F|  |TAMS 0x0000000709100000, 0x0000000709100000| Untracked 
|  78|0x0000000709200000, 0x0000000709200000, 0x0000000709300000|  0%| F|  |TAMS 0x0000000709200000, 0x0000000709200000| Untracked 
|  79|0x0000000709300000, 0x0000000709300000, 0x0000000709400000|  0%| F|  |TAMS 0x0000000709300000, 0x0000000709300000| Untracked 
|  80|0x0000000709400000, 0x0000000709400000, 0x0000000709500000|  0%| F|  |TAMS 0x0000000709400000, 0x0000000709400000| Untracked 
|  81|0x0000000709500000, 0x0000000709500000, 0x0000000709600000|  0%| F|  |TAMS 0x0000000709500000, 0x0000000709500000| Untracked 
|  82|0x0000000709600000, 0x0000000709600000, 0x0000000709700000|  0%| F|  |TAMS 0x0000000709600000, 0x0000000709600000| Untracked 
|  83|0x0000000709700000, 0x0000000709700000, 0x0000000709800000|  0%| F|  |TAMS 0x0000000709700000, 0x0000000709700000| Untracked 
|  84|0x0000000709800000, 0x0000000709800000, 0x0000000709900000|  0%| F|  |TAMS 0x0000000709800000, 0x0000000709800000| Untracked 
|  85|0x0000000709900000, 0x0000000709900000, 0x0000000709a00000|  0%| F|  |TAMS 0x0000000709900000, 0x0000000709900000| Untracked 
|  86|0x0000000709a00000, 0x0000000709a00000, 0x0000000709b00000|  0%| F|  |TAMS 0x0000000709a00000, 0x0000000709a00000| Untracked 
|  87|0x0000000709b00000, 0x0000000709b00000, 0x0000000709c00000|  0%| F|  |TAMS 0x0000000709b00000, 0x0000000709b00000| Untracked 
|  88|0x0000000709c00000, 0x0000000709c00000, 0x0000000709d00000|  0%| F|  |TAMS 0x0000000709c00000, 0x0000000709c00000| Untracked 
|  89|0x0000000709d00000, 0x0000000709d00000, 0x0000000709e00000|  0%| F|  |TAMS 0x0000000709d00000, 0x0000000709d00000| Untracked 
|  90|0x0000000709e00000, 0x0000000709e00000, 0x0000000709f00000|  0%| F|  |TAMS 0x0000000709e00000, 0x0000000709e00000| Untracked 
|  91|0x0000000709f00000, 0x0000000709f00000, 0x000000070a000000|  0%| F|  |TAMS 0x0000000709f00000, 0x0000000709f00000| Untracked 
|  92|0x000000070a000000, 0x000000070a000000, 0x000000070a100000|  0%| F|  |TAMS 0x000000070a000000, 0x000000070a000000| Untracked 
|  93|0x000000070a100000, 0x000000070a100000, 0x000000070a200000|  0%| F|  |TAMS 0x000000070a100000, 0x000000070a100000| Untracked 
|  94|0x000000070a200000, 0x000000070a200000, 0x000000070a300000|  0%| F|  |TAMS 0x000000070a200000, 0x000000070a200000| Untracked 
|  95|0x000000070a300000, 0x000000070a300000, 0x000000070a400000|  0%| F|  |TAMS 0x000000070a300000, 0x000000070a300000| Untracked 
|  96|0x000000070a400000, 0x000000070a400000, 0x000000070a500000|  0%| F|  |TAMS 0x000000070a400000, 0x000000070a400000| Untracked 
|  97|0x000000070a500000, 0x000000070a500000, 0x000000070a600000|  0%| F|  |TAMS 0x000000070a500000, 0x000000070a500000| Untracked 
|  98|0x000000070a600000, 0x000000070a600000, 0x000000070a700000|  0%| F|  |TAMS 0x000000070a600000, 0x000000070a600000| Untracked 
|  99|0x000000070a700000, 0x000000070a700000, 0x000000070a800000|  0%| F|  |TAMS 0x000000070a700000, 0x000000070a700000| Untracked 
| 100|0x000000070a800000, 0x000000070a800000, 0x000000070a900000|  0%| F|  |TAMS 0x000000070a800000, 0x000000070a800000| Untracked 
| 101|0x000000070a900000, 0x000000070a900000, 0x000000070aa00000|  0%| F|  |TAMS 0x000000070a900000, 0x000000070a900000| Untracked 
| 102|0x000000070aa00000, 0x000000070aa00000, 0x000000070ab00000|  0%| F|  |TAMS 0x000000070aa00000, 0x000000070aa00000| Untracked 
| 103|0x000000070ab00000, 0x000000070ab00000, 0x000000070ac00000|  0%| F|  |TAMS 0x000000070ab00000, 0x000000070ab00000| Untracked 
| 104|0x000000070ac00000, 0x000000070ac00000, 0x000000070ad00000|  0%| F|  |TAMS 0x000000070ac00000, 0x000000070ac00000| Untracked 
| 105|0x000000070ad00000, 0x000000070ad00000, 0x000000070ae00000|  0%| F|  |TAMS 0x000000070ad00000, 0x000000070ad00000| Untracked 
| 106|0x000000070ae00000, 0x000000070ae00000, 0x000000070af00000|  0%| F|  |TAMS 0x000000070ae00000, 0x000000070ae00000| Untracked 
| 107|0x000000070af00000, 0x000000070af00000, 0x000000070b000000|  0%| F|  |TAMS 0x000000070af00000, 0x000000070af00000| Untracked 
| 108|0x000000070b000000, 0x000000070b000000, 0x000000070b100000|  0%| F|  |TAMS 0x000000070b000000, 0x000000070b000000| Untracked 
| 109|0x000000070b100000, 0x000000070b100000, 0x000000070b200000|  0%| F|  |TAMS 0x000000070b100000, 0x000000070b100000| Untracked 
| 110|0x000000070b200000, 0x000000070b200000, 0x000000070b300000|  0%| F|  |TAMS 0x000000070b200000, 0x000000070b200000| Untracked 
| 111|0x000000070b300000, 0x000000070b300000, 0x000000070b400000|  0%| F|  |TAMS 0x000000070b300000, 0x000000070b300000| Untracked 
| 112|0x000000070b400000, 0x000000070b400000, 0x000000070b500000|  0%| F|  |TAMS 0x000000070b400000, 0x000000070b400000| Untracked 
| 113|0x000000070b500000, 0x000000070b500000, 0x000000070b600000|  0%| F|  |TAMS 0x000000070b500000, 0x000000070b500000| Untracked 
| 114|0x000000070b600000, 0x000000070b600000, 0x000000070b700000|  0%| F|  |TAMS 0x000000070b600000, 0x000000070b600000| Untracked 
| 115|0x000000070b700000, 0x000000070b700000, 0x000000070b800000|  0%| F|  |TAMS 0x000000070b700000, 0x000000070b700000| Untracked 
| 116|0x000000070b800000, 0x000000070b800000, 0x000000070b900000|  0%| F|  |TAMS 0x000000070b800000, 0x000000070b800000| Untracked 
| 117|0x000000070b900000, 0x000000070b900000, 0x000000070ba00000|  0%| F|  |TAMS 0x000000070b900000, 0x000000070b900000| Untracked 
| 118|0x000000070ba00000, 0x000000070ba00000, 0x000000070bb00000|  0%| F|  |TAMS 0x000000070ba00000, 0x000000070ba00000| Untracked 
| 119|0x000000070bb00000, 0x000000070bb00000, 0x000000070bc00000|  0%| F|  |TAMS 0x000000070bb00000, 0x000000070bb00000| Untracked 
| 120|0x000000070bc00000, 0x000000070bc00000, 0x000000070bd00000|  0%| F|  |TAMS 0x000000070bc00000, 0x000000070bc00000| Untracked 
| 121|0x000000070bd00000, 0x000000070bd00000, 0x000000070be00000|  0%| F|  |TAMS 0x000000070bd00000, 0x000000070bd00000| Untracked 
| 122|0x000000070be00000, 0x000000070be00000, 0x000000070bf00000|  0%| F|  |TAMS 0x000000070be00000, 0x000000070be00000| Untracked 
| 123|0x000000070bf00000, 0x000000070bf00000, 0x000000070c000000|  0%| F|  |TAMS 0x000000070bf00000, 0x000000070bf00000| Untracked 
| 124|0x000000070c000000, 0x000000070c000000, 0x000000070c100000|  0%| F|  |TAMS 0x000000070c000000, 0x000000070c000000| Untracked 
| 125|0x000000070c100000, 0x000000070c100000, 0x000000070c200000|  0%| F|  |TAMS 0x000000070c100000, 0x000000070c100000| Untracked 
| 126|0x000000070c200000, 0x000000070c200000, 0x000000070c300000|  0%| F|  |TAMS 0x000000070c200000, 0x000000070c200000| Untracked 
| 127|0x000000070c300000, 0x000000070c300000, 0x000000070c400000|  0%| F|  |TAMS 0x000000070c300000, 0x000000070c300000| Untracked 
| 128|0x000000070c400000, 0x000000070c400000, 0x000000070c500000|  0%| F|  |TAMS 0x000000070c400000, 0x000000070c400000| Untracked 
| 129|0x000000070c500000, 0x000000070c500000, 0x000000070c600000|  0%| F|  |TAMS 0x000000070c500000, 0x000000070c500000| Untracked 
| 130|0x000000070c600000, 0x000000070c600000, 0x000000070c700000|  0%| F|  |TAMS 0x000000070c600000, 0x000000070c600000| Untracked 
| 131|0x000000070c700000, 0x000000070c700000, 0x000000070c800000|  0%| F|  |TAMS 0x000000070c700000, 0x000000070c700000| Untracked 
| 132|0x000000070c800000, 0x000000070c800000, 0x000000070c900000|  0%| F|  |TAMS 0x000000070c800000, 0x000000070c800000| Untracked 
| 133|0x000000070c900000, 0x000000070c900000, 0x000000070ca00000|  0%| F|  |TAMS 0x000000070c900000, 0x000000070c900000| Untracked 
| 134|0x000000070ca00000, 0x000000070ca00000, 0x000000070cb00000|  0%| F|  |TAMS 0x000000070ca00000, 0x000000070ca00000| Untracked 
| 135|0x000000070cb00000, 0x000000070cb00000, 0x000000070cc00000|  0%| F|  |TAMS 0x000000070cb00000, 0x000000070cb00000| Untracked 
| 136|0x000000070cc00000, 0x000000070cc00000, 0x000000070cd00000|  0%| F|  |TAMS 0x000000070cc00000, 0x000000070cc00000| Untracked 
| 137|0x000000070cd00000, 0x000000070cd00000, 0x000000070ce00000|  0%| F|  |TAMS 0x000000070cd00000, 0x000000070cd00000| Untracked 
| 138|0x000000070ce00000, 0x000000070ce00000, 0x000000070cf00000|  0%| F|  |TAMS 0x000000070ce00000, 0x000000070ce00000| Untracked 
| 139|0x000000070cf00000, 0x000000070cf00000, 0x000000070d000000|  0%| F|  |TAMS 0x000000070cf00000, 0x000000070cf00000| Untracked 
| 140|0x000000070d000000, 0x000000070d000000, 0x000000070d100000|  0%| F|  |TAMS 0x000000070d000000, 0x000000070d000000| Untracked 
| 141|0x000000070d100000, 0x000000070d100000, 0x000000070d200000|  0%| F|  |TAMS 0x000000070d100000, 0x000000070d100000| Untracked 
| 142|0x000000070d200000, 0x000000070d200000, 0x000000070d300000|  0%| F|  |TAMS 0x000000070d200000, 0x000000070d200000| Untracked 
| 143|0x000000070d300000, 0x000000070d300000, 0x000000070d400000|  0%| F|  |TAMS 0x000000070d300000, 0x000000070d300000| Untracked 
| 144|0x000000070d400000, 0x000000070d400000, 0x000000070d500000|  0%| F|  |TAMS 0x000000070d400000, 0x000000070d400000| Untracked 
| 145|0x000000070d500000, 0x000000070d500000, 0x000000070d600000|  0%| F|  |TAMS 0x000000070d500000, 0x000000070d500000| Untracked 
| 146|0x000000070d600000, 0x000000070d600000, 0x000000070d700000|  0%| F|  |TAMS 0x000000070d600000, 0x000000070d600000| Untracked 
| 147|0x000000070d700000, 0x000000070d700000, 0x000000070d800000|  0%| F|  |TAMS 0x000000070d700000, 0x000000070d700000| Untracked 
| 148|0x000000070d800000, 0x000000070d800000, 0x000000070d900000|  0%| F|  |TAMS 0x000000070d800000, 0x000000070d800000| Untracked 
| 149|0x000000070d900000, 0x000000070d900000, 0x000000070da00000|  0%| F|  |TAMS 0x000000070d900000, 0x000000070d900000| Untracked 
| 150|0x000000070da00000, 0x000000070da00000, 0x000000070db00000|  0%| F|  |TAMS 0x000000070da00000, 0x000000070da00000| Untracked 
| 151|0x000000070db00000, 0x000000070db00000, 0x000000070dc00000|  0%| F|  |TAMS 0x000000070db00000, 0x000000070db00000| Untracked 
| 152|0x000000070dc00000, 0x000000070dc00000, 0x000000070dd00000|  0%| F|  |TAMS 0x000000070dc00000, 0x000000070dc00000| Untracked 
| 153|0x000000070dd00000, 0x000000070dd00000, 0x000000070de00000|  0%| F|  |TAMS 0x000000070dd00000, 0x000000070dd00000| Untracked 
| 154|0x000000070de00000, 0x000000070de00000, 0x000000070df00000|  0%| F|  |TAMS 0x000000070de00000, 0x000000070de00000| Untracked 
| 155|0x000000070df00000, 0x000000070df00000, 0x000000070e000000|  0%| F|  |TAMS 0x000000070df00000, 0x000000070df00000| Untracked 
| 156|0x000000070e000000, 0x000000070e000000, 0x000000070e100000|  0%| F|  |TAMS 0x000000070e000000, 0x000000070e000000| Untracked 
| 157|0x000000070e100000, 0x000000070e100000, 0x000000070e200000|  0%| F|  |TAMS 0x000000070e100000, 0x000000070e100000| Untracked 
| 158|0x000000070e200000, 0x000000070e200000, 0x000000070e300000|  0%| F|  |TAMS 0x000000070e200000, 0x000000070e200000| Untracked 
| 159|0x000000070e300000, 0x000000070e300000, 0x000000070e400000|  0%| F|  |TAMS 0x000000070e300000, 0x000000070e300000| Untracked 
| 160|0x000000070e400000, 0x000000070e400000, 0x000000070e500000|  0%| F|  |TAMS 0x000000070e400000, 0x000000070e400000| Untracked 
| 161|0x000000070e500000, 0x000000070e500000, 0x000000070e600000|  0%| F|  |TAMS 0x000000070e500000, 0x000000070e500000| Untracked 
| 162|0x000000070e600000, 0x000000070e600000, 0x000000070e700000|  0%| F|  |TAMS 0x000000070e600000, 0x000000070e600000| Untracked 
| 163|0x000000070e700000, 0x000000070e700000, 0x000000070e800000|  0%| F|  |TAMS 0x000000070e700000, 0x000000070e700000| Untracked 
| 164|0x000000070e800000, 0x000000070e800000, 0x000000070e900000|  0%| F|  |TAMS 0x000000070e800000, 0x000000070e800000| Untracked 
| 165|0x000000070e900000, 0x000000070e900000, 0x000000070ea00000|  0%| F|  |TAMS 0x000000070e900000, 0x000000070e900000| Untracked 
| 166|0x000000070ea00000, 0x000000070ea00000, 0x000000070eb00000|  0%| F|  |TAMS 0x000000070ea00000, 0x000000070ea00000| Untracked 
| 167|0x000000070eb00000, 0x000000070eb00000, 0x000000070ec00000|  0%| F|  |TAMS 0x000000070eb00000, 0x000000070eb00000| Untracked 
| 168|0x000000070ec00000, 0x000000070ec00000, 0x000000070ed00000|  0%| F|  |TAMS 0x000000070ec00000, 0x000000070ec00000| Untracked 
| 169|0x000000070ed00000, 0x000000070ed00000, 0x000000070ee00000|  0%| F|  |TAMS 0x000000070ed00000, 0x000000070ed00000| Untracked 
| 170|0x000000070ee00000, 0x000000070ee00000, 0x000000070ef00000|  0%| F|  |TAMS 0x000000070ee00000, 0x000000070ee00000| Untracked 
| 171|0x000000070ef00000, 0x000000070ef00000, 0x000000070f000000|  0%| F|  |TAMS 0x000000070ef00000, 0x000000070ef00000| Untracked 
| 172|0x000000070f000000, 0x000000070f000000, 0x000000070f100000|  0%| F|  |TAMS 0x000000070f000000, 0x000000070f000000| Untracked 
| 173|0x000000070f100000, 0x000000070f100000, 0x000000070f200000|  0%| F|  |TAMS 0x000000070f100000, 0x000000070f100000| Untracked 
| 174|0x000000070f200000, 0x000000070f200000, 0x000000070f300000|  0%| F|  |TAMS 0x000000070f200000, 0x000000070f200000| Untracked 
| 175|0x000000070f300000, 0x000000070f300000, 0x000000070f400000|  0%| F|  |TAMS 0x000000070f300000, 0x000000070f300000| Untracked 
| 176|0x000000070f400000, 0x000000070f400000, 0x000000070f500000|  0%| F|  |TAMS 0x000000070f400000, 0x000000070f400000| Untracked 
| 177|0x000000070f500000, 0x000000070f500000, 0x000000070f600000|  0%| F|  |TAMS 0x000000070f500000, 0x000000070f500000| Untracked 
| 178|0x000000070f600000, 0x000000070f600000, 0x000000070f700000|  0%| F|  |TAMS 0x000000070f600000, 0x000000070f600000| Untracked 
| 179|0x000000070f700000, 0x000000070f700000, 0x000000070f800000|  0%| F|  |TAMS 0x000000070f700000, 0x000000070f700000| Untracked 
| 180|0x000000070f800000, 0x000000070f800000, 0x000000070f900000|  0%| F|  |TAMS 0x000000070f800000, 0x000000070f800000| Untracked 
| 181|0x000000070f900000, 0x000000070f900000, 0x000000070fa00000|  0%| F|  |TAMS 0x000000070f900000, 0x000000070f900000| Untracked 
| 182|0x000000070fa00000, 0x000000070fa00000, 0x000000070fb00000|  0%| F|  |TAMS 0x000000070fa00000, 0x000000070fa00000| Untracked 
| 183|0x000000070fb00000, 0x000000070fb00000, 0x000000070fc00000|  0%| F|  |TAMS 0x000000070fb00000, 0x000000070fb00000| Untracked 
| 184|0x000000070fc00000, 0x000000070fc00000, 0x000000070fd00000|  0%| F|  |TAMS 0x000000070fc00000, 0x000000070fc00000| Untracked 
| 185|0x000000070fd00000, 0x000000070fd00000, 0x000000070fe00000|  0%| F|  |TAMS 0x000000070fd00000, 0x000000070fd00000| Untracked 
| 186|0x000000070fe00000, 0x000000070fe00000, 0x000000070ff00000|  0%| F|  |TAMS 0x000000070fe00000, 0x000000070fe00000| Untracked 
| 187|0x000000070ff00000, 0x000000070ff00000, 0x0000000710000000|  0%| F|  |TAMS 0x000000070ff00000, 0x000000070ff00000| Untracked 
| 188|0x0000000710000000, 0x0000000710000000, 0x0000000710100000|  0%| F|  |TAMS 0x0000000710000000, 0x0000000710000000| Untracked 
| 189|0x0000000710100000, 0x0000000710100000, 0x0000000710200000|  0%| F|  |TAMS 0x0000000710100000, 0x0000000710100000| Untracked 
| 190|0x0000000710200000, 0x0000000710200000, 0x0000000710300000|  0%| F|  |TAMS 0x0000000710200000, 0x0000000710200000| Untracked 
| 191|0x0000000710300000, 0x0000000710300000, 0x0000000710400000|  0%| F|  |TAMS 0x0000000710300000, 0x0000000710300000| Untracked 
| 192|0x0000000710400000, 0x0000000710400000, 0x0000000710500000|  0%| F|  |TAMS 0x0000000710400000, 0x0000000710400000| Untracked 
| 193|0x0000000710500000, 0x0000000710500000, 0x0000000710600000|  0%| F|  |TAMS 0x0000000710500000, 0x0000000710500000| Untracked 
| 194|0x0000000710600000, 0x0000000710600000, 0x0000000710700000|  0%| F|  |TAMS 0x0000000710600000, 0x0000000710600000| Untracked 
| 195|0x0000000710700000, 0x0000000710700000, 0x0000000710800000|  0%| F|  |TAMS 0x0000000710700000, 0x0000000710700000| Untracked 
| 196|0x0000000710800000, 0x0000000710800000, 0x0000000710900000|  0%| F|  |TAMS 0x0000000710800000, 0x0000000710800000| Untracked 
| 197|0x0000000710900000, 0x0000000710900000, 0x0000000710a00000|  0%| F|  |TAMS 0x0000000710900000, 0x0000000710900000| Untracked 
| 198|0x0000000710a00000, 0x0000000710a00000, 0x0000000710b00000|  0%| F|  |TAMS 0x0000000710a00000, 0x0000000710a00000| Untracked 
| 199|0x0000000710b00000, 0x0000000710b00000, 0x0000000710c00000|  0%| F|  |TAMS 0x0000000710b00000, 0x0000000710b00000| Untracked 
| 200|0x0000000710c00000, 0x0000000710c00000, 0x0000000710d00000|  0%| F|  |TAMS 0x0000000710c00000, 0x0000000710c00000| Untracked 
| 201|0x0000000710d00000, 0x0000000710d00000, 0x0000000710e00000|  0%| F|  |TAMS 0x0000000710d00000, 0x0000000710d00000| Untracked 
| 202|0x0000000710e00000, 0x0000000710e00000, 0x0000000710f00000|  0%| F|  |TAMS 0x0000000710e00000, 0x0000000710e00000| Untracked 
| 203|0x0000000710f00000, 0x0000000710f00000, 0x0000000711000000|  0%| F|  |TAMS 0x0000000710f00000, 0x0000000710f00000| Untracked 
| 204|0x0000000711000000, 0x0000000711000000, 0x0000000711100000|  0%| F|  |TAMS 0x0000000711000000, 0x0000000711000000| Untracked 
| 205|0x0000000711100000, 0x0000000711100000, 0x0000000711200000|  0%| F|  |TAMS 0x0000000711100000, 0x0000000711100000| Untracked 
| 206|0x0000000711200000, 0x0000000711200000, 0x0000000711300000|  0%| F|  |TAMS 0x0000000711200000, 0x0000000711200000| Untracked 
| 207|0x0000000711300000, 0x0000000711300000, 0x0000000711400000|  0%| F|  |TAMS 0x0000000711300000, 0x0000000711300000| Untracked 
| 208|0x0000000711400000, 0x0000000711400000, 0x0000000711500000|  0%| F|  |TAMS 0x0000000711400000, 0x0000000711400000| Untracked 
| 209|0x0000000711500000, 0x0000000711500000, 0x0000000711600000|  0%| F|  |TAMS 0x0000000711500000, 0x0000000711500000| Untracked 
| 210|0x0000000711600000, 0x0000000711600000, 0x0000000711700000|  0%| F|  |TAMS 0x0000000711600000, 0x0000000711600000| Untracked 
| 211|0x0000000711700000, 0x0000000711700000, 0x0000000711800000|  0%| F|  |TAMS 0x0000000711700000, 0x0000000711700000| Untracked 
| 212|0x0000000711800000, 0x0000000711800000, 0x0000000711900000|  0%| F|  |TAMS 0x0000000711800000, 0x0000000711800000| Untracked 
| 213|0x0000000711900000, 0x0000000711900000, 0x0000000711a00000|  0%| F|  |TAMS 0x0000000711900000, 0x0000000711900000| Untracked 
| 214|0x0000000711a00000, 0x0000000711a00000, 0x0000000711b00000|  0%| F|  |TAMS 0x0000000711a00000, 0x0000000711a00000| Untracked 
| 215|0x0000000711b00000, 0x0000000711b00000, 0x0000000711c00000|  0%| F|  |TAMS 0x0000000711b00000, 0x0000000711b00000| Untracked 
| 216|0x0000000711c00000, 0x0000000711c00000, 0x0000000711d00000|  0%| F|  |TAMS 0x0000000711c00000, 0x0000000711c00000| Untracked 
| 217|0x0000000711d00000, 0x0000000711d00000, 0x0000000711e00000|  0%| F|  |TAMS 0x0000000711d00000, 0x0000000711d00000| Untracked 
| 218|0x0000000711e00000, 0x0000000711e00000, 0x0000000711f00000|  0%| F|  |TAMS 0x0000000711e00000, 0x0000000711e00000| Untracked 
| 219|0x0000000711f00000, 0x0000000711f00000, 0x0000000712000000|  0%| F|  |TAMS 0x0000000711f00000, 0x0000000711f00000| Untracked 
| 220|0x0000000712000000, 0x0000000712000000, 0x0000000712100000|  0%| F|  |TAMS 0x0000000712000000, 0x0000000712000000| Untracked 
| 221|0x0000000712100000, 0x0000000712100000, 0x0000000712200000|  0%| F|  |TAMS 0x0000000712100000, 0x0000000712100000| Untracked 
| 222|0x0000000712200000, 0x0000000712200000, 0x0000000712300000|  0%| F|  |TAMS 0x0000000712200000, 0x0000000712200000| Untracked 
| 223|0x0000000712300000, 0x0000000712300000, 0x0000000712400000|  0%| F|  |TAMS 0x0000000712300000, 0x0000000712300000| Untracked 
| 224|0x0000000712400000, 0x0000000712400000, 0x0000000712500000|  0%| F|  |TAMS 0x0000000712400000, 0x0000000712400000| Untracked 
| 225|0x0000000712500000, 0x0000000712600000, 0x0000000712600000|100%| S|CS|TAMS 0x0000000712500000, 0x0000000712500000| Complete 
| 226|0x0000000712600000, 0x0000000712700000, 0x0000000712700000|100%| S|CS|TAMS 0x0000000712600000, 0x0000000712600000| Complete 
| 227|0x0000000712700000, 0x0000000712800000, 0x0000000712800000|100%| S|CS|TAMS 0x0000000712700000, 0x0000000712700000| Complete 
| 228|0x0000000712800000, 0x0000000712800000, 0x0000000712900000|  0%| F|  |TAMS 0x0000000712800000, 0x0000000712800000| Untracked 
| 229|0x0000000712900000, 0x0000000712900000, 0x0000000712a00000|  0%| F|  |TAMS 0x0000000712900000, 0x0000000712900000| Untracked 
| 230|0x0000000712a00000, 0x0000000712a00000, 0x0000000712b00000|  0%| F|  |TAMS 0x0000000712a00000, 0x0000000712a00000| Untracked 
| 231|0x0000000712b00000, 0x0000000712b00000, 0x0000000712c00000|  0%| F|  |TAMS 0x0000000712b00000, 0x0000000712b00000| Untracked 
| 232|0x0000000712c00000, 0x0000000712c00000, 0x0000000712d00000|  0%| F|  |TAMS 0x0000000712c00000, 0x0000000712c00000| Untracked 
| 233|0x0000000712d00000, 0x0000000712d00000, 0x0000000712e00000|  0%| F|  |TAMS 0x0000000712d00000, 0x0000000712d00000| Untracked 
| 234|0x0000000712e00000, 0x0000000712e00000, 0x0000000712f00000|  0%| F|  |TAMS 0x0000000712e00000, 0x0000000712e00000| Untracked 
| 235|0x0000000712f00000, 0x0000000712f00000, 0x0000000713000000|  0%| F|  |TAMS 0x0000000712f00000, 0x0000000712f00000| Untracked 
| 236|0x0000000713000000, 0x0000000713000000, 0x0000000713100000|  0%| F|  |TAMS 0x0000000713000000, 0x0000000713000000| Untracked 
| 237|0x0000000713100000, 0x0000000713100000, 0x0000000713200000|  0%| F|  |TAMS 0x0000000713100000, 0x0000000713100000| Untracked 
| 238|0x0000000713200000, 0x0000000713200000, 0x0000000713300000|  0%| F|  |TAMS 0x0000000713200000, 0x0000000713200000| Untracked 
| 239|0x0000000713300000, 0x0000000713300000, 0x0000000713400000|  0%| F|  |TAMS 0x0000000713300000, 0x0000000713300000| Untracked 
| 240|0x0000000713400000, 0x0000000713400000, 0x0000000713500000|  0%| F|  |TAMS 0x0000000713400000, 0x0000000713400000| Untracked 
| 241|0x0000000713500000, 0x0000000713500000, 0x0000000713600000|  0%| F|  |TAMS 0x0000000713500000, 0x0000000713500000| Untracked 
| 242|0x0000000713600000, 0x0000000713600000, 0x0000000713700000|  0%| F|  |TAMS 0x0000000713600000, 0x0000000713600000| Untracked 
| 243|0x0000000713700000, 0x0000000713700000, 0x0000000713800000|  0%| F|  |TAMS 0x0000000713700000, 0x0000000713700000| Untracked 
| 244|0x0000000713800000, 0x000000071386c700, 0x0000000713900000| 42%| E|  |TAMS 0x0000000713800000, 0x0000000713800000| Complete 
| 245|0x0000000713900000, 0x0000000713a00000, 0x0000000713a00000|100%| E|CS|TAMS 0x0000000713900000, 0x0000000713900000| Complete 
| 246|0x0000000713a00000, 0x0000000713b00000, 0x0000000713b00000|100%| E|CS|TAMS 0x0000000713a00000, 0x0000000713a00000| Complete 
| 247|0x0000000713b00000, 0x0000000713c00000, 0x0000000713c00000|100%| E|CS|TAMS 0x0000000713b00000, 0x0000000713b00000| Complete 
| 248|0x0000000713c00000, 0x0000000713d00000, 0x0000000713d00000|100%| E|CS|TAMS 0x0000000713c00000, 0x0000000713c00000| Complete 
| 249|0x0000000713d00000, 0x0000000713e00000, 0x0000000713e00000|100%| E|CS|TAMS 0x0000000713d00000, 0x0000000713d00000| Complete 
| 250|0x0000000713e00000, 0x0000000713f00000, 0x0000000713f00000|100%| E|CS|TAMS 0x0000000713e00000, 0x0000000713e00000| Complete 
| 251|0x0000000713f00000, 0x0000000714000000, 0x0000000714000000|100%| E|CS|TAMS 0x0000000713f00000, 0x0000000713f00000| Complete 

Card table byte_map: [0x0000015965260000,0x0000015965a40000] _byte_map_base: 0x0000015961a3e000

Marking Bits (Prev, Next): (CMBitMap*) 0x0000015942a93898, (CMBitMap*) 0x0000015942a938d0
 Prev Bits: [0x0000015966220000, 0x000001596a110000)
 Next Bits: [0x000001596a110000, 0x000001596e000000)

Polling page: 0x0000015942b00000

Metaspace:

Usage:
  Non-class:     11.11 MB capacity,    10.87 MB ( 98%) used,   217.19 KB (  2%) free+waste,    32.56 KB ( <1%) overhead. 
      Class:      1.31 MB capacity,     1.17 MB ( 90%) used,   123.91 KB (  9%) free+waste,    16.56 KB (  1%) overhead. 
       Both:     12.42 MB capacity,    12.04 MB ( 97%) used,   341.09 KB (  3%) free+waste,    49.13 KB ( <1%) overhead. 

Virtual space:
  Non-class space:       12.00 MB reserved,      11.25 MB ( 94%) committed 
      Class space:        1.00 GB reserved,       1.38 MB ( <1%) committed 
             Both:        1.01 GB reserved,      12.63 MB (  1%) committed 

Chunk freelists:
   Non-Class:  11.00 KB
       Class:  0 bytes
        Both:  11.00 KB

MaxMetaspaceSize: 17179869184.00 GB
CompressedClassSpaceSize: 1.00 GB
Initial GC threshold: 20.80 MB
Current GC threshold: 20.80 MB
CDS: off

CodeHeap 'non-profiled nmethods': size=120000Kb used=338Kb max_used=338Kb free=119661Kb
 bounds [0x000001595caf0000, 0x000001595cd60000, 0x0000015964020000]
CodeHeap 'profiled nmethods': size=120000Kb used=2093Kb max_used=2093Kb free=117907Kb
 bounds [0x00000159555c0000, 0x0000015955830000, 0x000001595caf0000]
CodeHeap 'non-nmethods': size=5760Kb used=1148Kb max_used=1176Kb free=4611Kb
 bounds [0x0000015955020000, 0x0000015955290000, 0x00000159555c0000]
 total_blobs=1448 nmethods=1057 adapters=304
 compilation: enabled
              stopped_count=0, restarted_count=0
 full_count=0

Compilation events (20 events):
Event: 1.606 Thread 0x000001597149b000  869       3       java.lang.invoke.TypeConvertingMethodAdapter::descriptorToName (36 bytes)
Event: 1.608 Thread 0x000001597149b000 nmethod 869 0x000001595574da10 code [0x000001595574dca0, 0x000001595574e8e8]
Event: 1.608 Thread 0x000001597149b000  870       3       java.lang.invoke.InnerClassLambdaMetafactory::getOpcodeOffset (38 bytes)
Event: 1.608 Thread 0x000001597149b000 nmethod 870 0x000001595574ed90 code [0x000001595574ef60, 0x000001595574f1d8]
Event: 1.608 Thread 0x000001597149b000  871       3       java.lang.String::getChars (54 bytes)
Event: 1.608 Thread 0x000001597149b000 nmethod 871 0x000001595574f290 code [0x000001595574f4a0, 0x000001595574f958]
Event: 1.608 Thread 0x000001597149b000  872       3       java.lang.StringLatin1::getChars (12 bytes)
Event: 1.609 Thread 0x000001597149b000 nmethod 872 0x000001595574fb90 code [0x000001595574fd60, 0x000001595574ffb8]
Event: 1.612 Thread 0x000001597149b000  874       3       java.lang.String::checkIndex (46 bytes)
Event: 1.613 Thread 0x000001597149b000 nmethod 874 0x0000015955750190 code [0x0000015955750420, 0x0000015955750e18]
Event: 1.613 Thread 0x000001597149b000  875       3       java.util.regex.Pattern::peek (26 bytes)
Event: 1.613 Thread 0x000001597149b000 nmethod 875 0x0000015955751210 code [0x00000159557513e0, 0x0000015955751648]
Event: 1.613 Thread 0x000001597149b000  876       1       java.util.logging.LogManager$LoggerContext::getOwner (5 bytes)
Event: 1.613 Thread 0x000001597149b000 nmethod 876 0x000001595cb3cf10 code [0x000001595cb3d0c0, 0x000001595cb3d178]
Event: 1.614 Thread 0x000001597149b000  878       3       java.lang.AbstractStringBuilder::append (33 bytes)
Event: 1.614 Thread 0x000001597149b000 nmethod 878 0x0000015955751790 code [0x0000015955751960, 0x0000015955751b48]
Event: 1.614 Thread 0x000001597149b000  879       3       jdk.internal.org.objectweb.asm.MethodWriter::visitLabel (321 bytes)
Event: 1.615 Thread 0x000001597149b000 nmethod 879 0x0000015955751c90 code [0x0000015955751ee0, 0x0000015955752bc8]
Event: 1.615 Thread 0x000001597149b000  880       3       jdk.internal.org.objectweb.asm.MethodWriter::noSuccessor (95 bytes)
Event: 1.616 Thread 0x000001597149b000 nmethod 880 0x0000015955752e90 code [0x00000159557530a0, 0x0000015955753708]

GC Heap History (1 events):
Event: 1.617 GC heap before
{Heap before GC invocations=0 (full 0):
 garbage-first heap   total 258048K, used 24576K [0x0000000704400000, 0x0000000800000000)
  region size 1024K, 24 young (24576K), 0 survivors (0K)
 Metaspace       used 10906K, capacity 11186K, committed 11392K, reserved 1058816K
  class space    used 1001K, capacity 1099K, committed 1152K, reserved 1048576K
}

Deoptimization events (20 events):
Event: 1.465 Thread 0x0000015942a31000 DEOPT PACKING pc=0x0000015955692f50 sp=0x0000000b7fdfa530
Event: 1.465 Thread 0x0000015942a31000 DEOPT UNPACKING pc=0x0000015955069d0e sp=0x0000000b7fdf99b8 mode 0
Event: 1.465 Thread 0x0000015942a31000 DEOPT PACKING pc=0x0000015955692f50 sp=0x0000000b7fdf8bc0
Event: 1.465 Thread 0x0000015942a31000 DEOPT UNPACKING pc=0x0000015955069d0e sp=0x0000000b7fdf8048 mode 0
Event: 1.466 Thread 0x0000015942a31000 DEOPT PACKING pc=0x0000015955692f50 sp=0x0000000b7fdfd930
Event: 1.466 Thread 0x0000015942a31000 DEOPT UNPACKING pc=0x0000015955069d0e sp=0x0000000b7fdfcdb8 mode 0
Event: 1.466 Thread 0x0000015942a31000 DEOPT PACKING pc=0x0000015955692f50 sp=0x0000000b7fdfd930
Event: 1.466 Thread 0x0000015942a31000 DEOPT UNPACKING pc=0x0000015955069d0e sp=0x0000000b7fdfcdb8 mode 0
Event: 1.467 Thread 0x0000015942a31000 DEOPT PACKING pc=0x0000015955692f50 sp=0x0000000b7fdfcf10
Event: 1.467 Thread 0x0000015942a31000 DEOPT UNPACKING pc=0x0000015955069d0e sp=0x0000000b7fdfc398 mode 0
Event: 1.467 Thread 0x0000015942a31000 DEOPT PACKING pc=0x0000015955692f50 sp=0x0000000b7fdfb630
Event: 1.467 Thread 0x0000015942a31000 DEOPT UNPACKING pc=0x0000015955069d0e sp=0x0000000b7fdfaab8 mode 0
Event: 1.489 Thread 0x0000015942a31000 DEOPT PACKING pc=0x00000159555fbd8e sp=0x0000000b7fdfc160
Event: 1.489 Thread 0x0000015942a31000 DEOPT UNPACKING pc=0x0000015955069d0e sp=0x0000000b7fdfb610 mode 0
Event: 1.597 Thread 0x0000015942a31000 DEOPT PACKING pc=0x00000159556631ff sp=0x0000000b7fdfcfa0
Event: 1.597 Thread 0x0000015942a31000 DEOPT UNPACKING pc=0x0000015955069d0e sp=0x0000000b7fdfc3f0 mode 0
Event: 1.603 Thread 0x0000015942a31000 DEOPT PACKING pc=0x00000159556631ff sp=0x0000000b7fdfd690
Event: 1.603 Thread 0x0000015942a31000 DEOPT UNPACKING pc=0x0000015955069d0e sp=0x0000000b7fdfcae0 mode 0
Event: 1.616 Thread 0x0000015942a31000 DEOPT PACKING pc=0x00000159556631ff sp=0x0000000b7fdfc380
Event: 1.616 Thread 0x0000015942a31000 DEOPT UNPACKING pc=0x0000015955069d0e sp=0x0000000b7fdfb7d0 mode 0

Classes redefined (0 events):
No events

Internal exceptions (12 events):
Event: 0.247 Thread 0x0000015942a31000 Exception <a 'java/lang/NoSuchMethodError'{0x0000000713c953a0}: 'java.lang.Object java.lang.invoke.DirectMethodHandle$Holder.invokeStaticInit(java.lang.Object, java.lang.Object, java.lang.Object)'> (0x0000000713c953a0) thrown at [./src/hotspot/share/interpreter/linkResolver.cpp, line 773]
Event: 0.349 Thread 0x0000015971938800 Exception <a 'java/lang/NoSuchMethodError'{0x0000000713ab3e40}: 'void java.lang.invoke.DirectMethodHandle$Holder.invokeStatic(java.lang.Object, long)'> (0x0000000713ab3e40) thrown at [./src/hotspot/share/interpreter/linkResolver.cpp, line 773]
Event: 0.349 Thread 0x0000015971938800 Exception <a 'java/lang/NoSuchMethodError'{0x0000000713ab8de8}: 'java.lang.Object java.lang.invoke.DirectMethodHandle$Holder.invokeStatic(java.lang.Object, long)'> (0x0000000713ab8de8) thrown at [./src/hotspot/share/interpreter/linkResolver.cpp, line 773]
Event: 0.351 Thread 0x0000015971938800 Exception <a 'java/lang/NoSuchMethodError'{0x0000000713ac6e88}: 'java.lang.Object java.lang.invoke.DirectMethodHandle$Holder.invokeStaticInit(java.lang.Object, java.lang.Object, long, java.lang.Object)'> (0x0000000713ac6e88) thrown at [./src/hotspot/share/interpreter/linkResolver.cpp, line 773]
Event: 0.352 Thread 0x0000015971938800 Exception <a 'java/lang/NoSuchMethodError'{0x0000000713accdb0}: 'java.lang.Object java.lang.invoke.DirectMethodHandle$Holder.invokeStatic(java.lang.Object, java.lang.Object, long)'> (0x0000000713accdb0) thrown at [./src/hotspot/share/interpreter/linkResolver.cpp, line 773]
Event: 0.353 Thread 0x0000015971938800 Exception <a 'java/lang/NoSuchMethodError'{0x0000000713ad3080}: 'java.lang.Object java.lang.invoke.Invokers$Holder.linkToTargetMethod(java.lang.Object, long, java.lang.Object)'> (0x0000000713ad3080) thrown at [./src/hotspot/share/interpreter/linkResolver.cpp, line 773]
Event: 0.360 Thread 0x0000015971938800 Exception <a 'java/lang/NoSuchMethodError'{0x0000000713aeae00}: 'int java.lang.invoke.DirectMethodHandle$Holder.invokeSpecialIFC(java.lang.Object, java.lang.Object, int)'> (0x0000000713aeae00) thrown at [./src/hotspot/share/interpreter/linkResolver.cpp, line 773]
Event: 1.565 Thread 0x0000015942a31000 Exception <a 'java/lang/NoSuchMethodError'{0x0000000712a6f060}: 'int java.lang.invoke.DirectMethodHandle$Holder.invokeVirtual(java.lang.Object, java.lang.Object)'> (0x0000000712a6f060) thrown at [./src/hotspot/share/interpreter/linkResolver.cpp, line 773]
Event: 1.573 Thread 0x0000015942a31000 Exception <a 'java/lang/NoSuchMethodError'{0x0000000712a981d8}: 'java.lang.Object java.lang.invoke.DirectMethodHandle$Holder.invokeStaticInit(java.lang.Object, int)'> (0x0000000712a981d8) thrown at [./src/hotspot/share/interpreter/linkResolver.cpp, line 773]
Event: 1.596 Thread 0x0000015942a31000 Exception <a 'java/lang/NoSuchMethodError'{0x00000007129e27a8}: 'int java.lang.invoke.DirectMethodHandle$Holder.invokeSpecialIFC(java.lang.Object, java.lang.Object, java.lang.Object, java.lang.Object)'> (0x00000007129e27a8) thrown at [./src/hotspot/share/interpreter/linkResolver.cpp, line 773]
Event: 1.614 Thread 0x0000015942a31000 Exception <a 'java/lang/NoSuchMethodError'{0x00000007128c2e08}: 'void java.lang.invoke.DirectMethodHandle$Holder.invokeInterface(java.lang.Object, java.lang.Object)'> (0x00000007128c2e08) thrown at [./src/hotspot/share/interpreter/linkResolver.cpp, line 773]
Event: 1.614 Thread 0x0000015942a31000 Exception <a 'java/lang/IncompatibleClassChangeError'{0x00000007128c5d10}: Found class java.lang.Object, but interface was expected> (0x00000007128c5d10) thrown at [./src/hotspot/share/interpreter/linkResolver.cpp, line 839]

Events (20 events):
Event: 1.610 loading class org/junit/jupiter/engine/discovery/MethodSelectorResolver done
Event: 1.611 loading class org/junit/jupiter/engine/discovery/MethodFinder
Event: 1.611 loading class org/junit/jupiter/engine/discovery/MethodFinder done
Event: 1.612 loading class org/junit/jupiter/engine/discovery/MethodOrderingVisitor
Event: 1.612 loading class org/junit/jupiter/engine/discovery/MethodOrderingVisitor done
Event: 1.613 loading class org/junit/jupiter/api/MethodOrdererContext
Event: 1.613 loading class org/junit/jupiter/api/MethodOrdererContext done
Event: 1.614 loading class org/junit/platform/engine/TestDescriptor
Event: 1.614 loading class org/junit/platform/engine/TestDescriptor done
Event: 1.614 loading class org/junit/platform/engine/TestDescriptor$Visitor
Event: 1.614 loading class org/junit/platform/engine/TestDescriptor$Visitor done
Event: 1.615 loading class org/junit/platform/engine/support/discovery/EngineDiscoveryRequestResolution
Event: 1.615 loading class org/junit/platform/engine/support/discovery/EngineDiscoveryRequestResolution done
Event: 1.616 loading class org/junit/platform/engine/support/discovery/SelectorResolver$Context
Event: 1.616 loading class org/junit/platform/engine/support/discovery/SelectorResolver$Context done
Event: 1.616 loading class org/junit/platform/engine/support/discovery/EngineDiscoveryRequestResolution$DefaultContext
Event: 1.616 loading class org/junit/platform/engine/support/discovery/EngineDiscoveryRequestResolution$DefaultContext done
Event: 1.617 loading class org/junit/platform/engine/support/discovery/SelectorResolver$Match
Event: 1.617 loading class org/junit/platform/engine/support/discovery/SelectorResolver$Match done
Event: 1.617 Executing VM operation: G1CollectForAllocation


Dynamic libraries:
0x00007ff600c40000 - 0x00007ff600c4d000 	d:\APP\jdk-11.0.15+10\bin\java.exe
0x00007ffadfdd0000 - 0x00007ffadffc8000 	C:\WINDOWS\SYSTEM32\ntdll.dll
0x00007ffadee00000 - 0x00007ffadeebf000 	C:\WINDOWS\System32\KERNEL32.DLL
0x00007ffadda20000 - 0x00007ffaddcf2000 	C:\WINDOWS\System32\KERNELBASE.dll
0x000000005d4d0000 - 0x000000005d582000 	C:\ProgramData\Symantec\Symantec Endpoint Protection\14.3.7388.4000.105\Data\Sysfer\x64\sysfer.dll
0x00007ffadd810000 - 0x00007ffadd910000 	C:\WINDOWS\System32\ucrtbase.dll
0x00007ffad34b0000 - 0x00007ffad34c7000 	d:\APP\jdk-11.0.15+10\bin\jli.dll
0x00007ffad3490000 - 0x00007ffad34a5000 	d:\APP\jdk-11.0.15+10\bin\VCRUNTIME140.dll
0x00007ffade0d0000 - 0x00007ffade271000 	C:\WINDOWS\System32\USER32.dll
0x00007ffadd730000 - 0x00007ffadd752000 	C:\WINDOWS\System32\win32u.dll
0x00007ffadfd60000 - 0x00007ffadfd8b000 	C:\WINDOWS\System32\GDI32.dll
0x00007ffac13a0000 - 0x00007ffac163a000 	C:\WINDOWS\WinSxS\amd64_microsoft.windows.common-controls_6595b64144ccf1df_6.0.19041.1110_none_60b5254171f9507e\COMCTL32.dll
0x00007ffadd910000 - 0x00007ffadda1f000 	C:\WINDOWS\System32\gdi32full.dll
0x00007ffade370000 - 0x00007ffade40e000 	C:\WINDOWS\System32\msvcrt.dll
0x00007ffadd690000 - 0x00007ffadd72d000 	C:\WINDOWS\System32\msvcp_win.dll
0x00007ffadec40000 - 0x00007ffadec72000 	C:\WINDOWS\System32\IMM32.DLL
0x00007ffaa72b0000 - 0x00007ffaa734b000 	d:\APP\jdk-11.0.15+10\bin\msvcp140.dll
0x00007ffa5a290000 - 0x00007ffa5ae11000 	d:\APP\jdk-11.0.15+10\bin\server\jvm.dll
0x00007ffaded50000 - 0x00007ffadedfe000 	C:\WINDOWS\System32\ADVAPI32.dll
0x00007ffadf8e0000 - 0x00007ffadf97c000 	C:\WINDOWS\System32\sechost.dll
0x00007ffadeec0000 - 0x00007ffadefe5000 	C:\WINDOWS\System32\RPCRT4.dll
0x00007ffadf8d0000 - 0x00007ffadf8d8000 	C:\WINDOWS\System32\PSAPI.DLL
0x00007ffac50e0000 - 0x00007ffac50e9000 	C:\WINDOWS\SYSTEM32\WSOCK32.dll
0x00007ffadebd0000 - 0x00007ffadec3b000 	C:\WINDOWS\System32\WS2_32.dll
0x00007ffac0080000 - 0x00007ffac00a7000 	C:\WINDOWS\SYSTEM32\WINMM.dll
0x00007ffad2eb0000 - 0x00007ffad2eba000 	C:\WINDOWS\SYSTEM32\VERSION.dll
0x00007ffadb320000 - 0x00007ffadb332000 	C:\WINDOWS\SYSTEM32\kernel.appcore.dll
0x00007ffad55a0000 - 0x00007ffad55b0000 	d:\APP\jdk-11.0.15+10\bin\verify.dll
0x00007ffad90b0000 - 0x00007ffad9294000 	C:\WINDOWS\SYSTEM32\DBGHELP.DLL
0x00007ffad2a20000 - 0x00007ffad2a55000 	C:\WINDOWS\SYSTEM32\dbgcore.DLL
0x00007ffaddd30000 - 0x00007ffadddb2000 	C:\WINDOWS\System32\bcryptPrimitives.dll
0x00007ffacf010000 - 0x00007ffacf038000 	d:\APP\jdk-11.0.15+10\bin\java.dll
0x00007ffad3400000 - 0x00007ffad340a000 	d:\APP\jdk-11.0.15+10\bin\jimage.dll
0x00007ffad1940000 - 0x00007ffad1958000 	d:\APP\jdk-11.0.15+10\bin\zip.dll
0x00007ffadf070000 - 0x00007ffadf7b5000 	C:\WINDOWS\System32\SHELL32.dll
0x00007ffadb540000 - 0x00007ffadbcd2000 	C:\WINDOWS\SYSTEM32\windows.storage.dll
0x00007ffadf980000 - 0x00007ffadfcd5000 	C:\WINDOWS\System32\combase.dll
0x00007ffadce40000 - 0x00007ffadce70000 	C:\WINDOWS\SYSTEM32\Wldp.dll
0x00007ffaddf40000 - 0x00007ffaddfed000 	C:\WINDOWS\System32\SHCORE.dll
0x00007ffadf7c0000 - 0x00007ffadf815000 	C:\WINDOWS\System32\shlwapi.dll
0x00007ffadd400000 - 0x00007ffadd41f000 	C:\WINDOWS\SYSTEM32\profapi.dll
0x00007ffad1480000 - 0x00007ffad1499000 	D:\APP\jdk-11.0.15+10\bin\net.dll
0x00007ffad5450000 - 0x00007ffad555c000 	C:\WINDOWS\SYSTEM32\WINHTTP.dll
0x00007ffadcc20000 - 0x00007ffadcc8a000 	C:\WINDOWS\system32\mswsock.dll
0x00007ffaceed0000 - 0x00007ffaceee3000 	D:\APP\jdk-11.0.15+10\bin\nio.dll
0x00007ffad4bd0000 - 0x00007ffad4bd9000 	D:\APP\jdk-11.0.15+10\bin\management.dll
0x00007ffad4bc0000 - 0x00007ffad4bcb000 	D:\APP\jdk-11.0.15+10\bin\management_ext.dll

dbghelp: loaded successfully - version: 4.0.5 - missing functions: none
symbol engine: initialized successfully - sym options: 0x614 - pdb path: .;d:\APP\jdk-11.0.15+10\bin;C:\WINDOWS\SYSTEM32;C:\ProgramData\Symantec\Symantec Endpoint Protection\14.3.7388.4000.105\Data\Sysfer\x64;C:\WINDOWS\WinSxS\amd64_microsoft.windows.common-controls_6595b64144ccf1df_6.0.19041.1110_none_60b5254171f9507e;d:\APP\jdk-11.0.15+10\bin\server

VM Arguments:
java_command: C:\Users\ADMINI~1\AppData\Local\Temp\surefire12470834579404057434\surefirebooter3061683141719798591.jar C:\Users\Administrator\AppData\Local\Temp\surefire12470834579404057434 2023-02-17T19-59-02_052-jvmRun1 surefire457611976506122103tmp surefire_014194350973405830554tmp
java_class_path (initial): C:\Users\ADMINI~1\AppData\Local\Temp\surefire12470834579404057434\surefirebooter3061683141719798591.jar
Launcher Type: SUN_STANDARD

[Global flags]
     intx CICompilerCount                          = 4                                         {product} {ergonomic}
     uint ConcGCThreads                            = 2                                         {product} {ergonomic}
     uint G1ConcRefinementThreads                  = 8                                         {product} {ergonomic}
   size_t G1HeapRegionSize                         = 1048576                                   {product} {ergonomic}
    uintx GCDrainStackTargetSize                   = 64                                        {product} {ergonomic}
   size_t InitialHeapSize                          = 264241152                                 {product} {ergonomic}
   size_t MarkStackSize                            = 4194304                                   {product} {ergonomic}
   size_t MaxHeapSize                              = 4223664128                                {product} {ergonomic}
   size_t MaxNewSize                               = 2533359616                                {product} {ergonomic}
   size_t MinHeapDeltaBytes                        = 1048576                                   {product} {ergonomic}
    uintx NonNMethodCodeHeapSize                   = 5836300                                {pd product} {ergonomic}
    uintx NonProfiledCodeHeapSize                  = 122910970                              {pd product} {ergonomic}
    uintx ProfiledCodeHeapSize                     = 122910970                              {pd product} {ergonomic}
    uintx ReservedCodeCacheSize                    = 251658240                              {pd product} {ergonomic}
     bool SegmentedCodeCache                       = true                                      {product} {ergonomic}
     bool UseCompressedClassPointers               = true                                 {lp64_product} {ergonomic}
     bool UseCompressedOops                        = true                                 {lp64_product} {ergonomic}
     bool UseG1GC                                  = true                                      {product} {ergonomic}
     bool UseLargePagesIndividualAllocation        = false                                  {pd product} {ergonomic}

Logging:
Log output configuration:
 #0: stdout all=warning uptime,level,tags
 #1: stderr all=off uptime,level,tags

Environment Variables:
JAVA_HOME=d:\APP\jdk-11.0.15+10
PATH=C:\Program Files (x86)\Microsoft SDKs\Azure\CLI2\wbin;C:\Windows;C:\Windows\System32\Wbem;C:\Windows\System32\WindowsPowerShell\v1.0\;C:\Windows\System32\OpenSSH\;c:\Windows\System32;C:\Program Files (x86)\NVIDIA Corporation\PhysX\Common;C:\Program Files\NVIDIA Corporation\NVIDIA NvDLISR;C:\Program Files\Microsoft SQL Server\150\Tools\Binn\;D:\Program Files\Microsoft VS Code\bin;d:\APP\node-v16.14.0-win-x64;d:\APP\apache-maven-3.8.6\bin;c:\Users\Administrator\AppData\Local\Programs\Python\Python310\Scripts;d:\APP\jdk-11.0.15+10\bin;C:\Program Files (x86)\Windows Kits\10\Windows Performance Toolkit\;c:\myinno\Helm;C:\WINDOWS\system32;C:\WINDOWS;C:\WINDOWS\System32\Wbem;C:\WINDOWS\System32\WindowsPowerShell\v1.0\;C:\WINDOWS\System32\OpenSSH\;d:\@EDU\202208-Loanrunner\LRD\DevWeb;C:\Program Files\Git\cmd;D:\Program Files\nodejs\;C:\ProgramData\chocolatey\bin;C:\Program Files\PuTTY\;c:\myinno\json;d:\Program Files\python3.10;C:\Program Files (x86)\Pulse Secure\VC142.CRT\X64\;C:\Program Files (x86)\Pulse Secure\VC142.CRT\X86\;C:\Program Files (x86)\Common Files\Pulse Secure\TNC Client Plugin\;C:\Program Files\Docker\Docker\resources\bin;C:\Users\Administrator\AppData\Local\Microsoft\WindowsApps;D:\Program Files\JetBrains\IntelliJ IDEA 2022.2.1\bin;;D:\Program Files\JetBrains\IntelliJ IDEA Community Edition 2022.2.1\bin;;C:\Users\Administrator\AppData\Roaming\npm;C:\Users\Administrator\AppData\Local\GitHubDesktop\bin
USERNAME=Administrator
OS=Windows_NT
PROCESSOR_IDENTIFIER=Intel64 Family 6 Model 140 Stepping 1, GenuineIntel



---------------  S Y S T E M  ---------------

OS: Windows 10 , 64 bit Build 19041 (10.0.19041.2546)
OS uptime: 0 days 11:56 hours
Hyper-V role detected

CPU:total 8 (initial active 8) (4 cores per cpu, 2 threads per core) family 6 model 140 stepping 1 microcode 0x8a, cmov, cx8, fxsr, mmx, sse, sse2, sse3, ssse3, sse4.1, sse4.2, popcnt, avx, avx2, aes, clmul, erms, 3dnowpref, lzcnt, ht, tsc, tscinvbit, bmi1, bmi2, adx, evex, sha, fma

Memory: 4k page, system-wide physical 16107M (630M free)
TotalPageFile size 29041M (AvailPageFile size 0M)
current process WorkingSet (physical memory assigned to process): 108M, peak: 108M
current process commit charge ("private bytes"): 371M, peak: 371M

vm_info: OpenJDK 64-Bit Server VM (11.0.15+10) for windows-amd64 JRE (11.0.15+10), built on Apr 19 2022 22:29:44 by "" with unknown MS VC++:1916

END.
