#
# There is insufficient memory for the Java Runtime Environment to continue.
# Native memory allocation (malloc) failed to allocate 959776 bytes for Chunk::new
# Possible reasons:
#   The system is out of physical RAM or swap space
#   The process is running with CompressedOops enabled, and the Java Heap may be blocking the growth of the native heap
# Possible solutions:
#   Reduce memory load on the system
#   Increase physical memory or swap space
#   Check if swap backing store is full
#   Decrease Java heap size (-Xmx/-Xms)
#   Decrease number of Java threads
#   Decrease Java thread stack sizes (-Xss)
#   Set larger code cache with -XX:ReservedCodeCacheSize=
#   JVM is running with Zero Based Compressed Oops mode in which the Java heap is
#     placed in the first 32GB address space. The Java Heap base address is the
#     maximum limit for the native heap growth. Please use -XX:HeapBaseMinAddress
#     to set the Java Heap base and to place the Java Heap above 32GB virtual address.
# This output file may be truncated or incomplete.
#
#  Out of Memory Error (./src/hotspot/share/memory/arena.cpp:197), pid=36596, tid=12208
#
# JRE version: OpenJDK Runtime Environment Temurin-11.0.15+10 (11.0.15+10) (build 11.0.15+10)
# Java VM: OpenJDK 64-Bit Server VM Temurin-11.0.15+10 (11.0.15+10, mixed mode, tiered, compressed oops, g1 gc, windows-amd64)
# No core dump will be written. Minidumps are not enabled by default on client versions of Windows
#

---------------  S U M M A R Y ------------

Command Line: C:\Users\ADMINI~1\AppData\Local\Temp\surefire7868727872752867275\surefirebooter17316903433160209411.jar C:\Users\Administrator\AppData\Local\Temp\surefire7868727872752867275 2023-02-17T19-49-00_200-jvmRun1 surefire5696946832413337870tmp surefire_07951997394329356159tmp

Host: 11th Gen Intel(R) Core(TM) i7-1165G7 @ 2.80GHz, 8 cores, 15G,  Windows 10 , 64 bit Build 19041 (10.0.19041.2546)
Time: Fri Feb 17 19:49:19 2023  Windows 10 , 64 bit Build 19041 (10.0.19041.2546) elapsed time: 18.473132 seconds (0d 0h 0m 18s)

---------------  T H R E A D  ---------------

Current thread (0x000002200a92f000):  JavaThread "C2 CompilerThread2" daemon [_thread_in_native, id=12208, stack(0x000000a38d100000,0x000000a38d200000)]


Current CompileTask:
C2:  18473 5264       4       org.springframework.boot.context.properties.source.SpringIterableConfigurationPropertySource$Mappings::updateMappings (261 bytes)

Stack: [0x000000a38d100000,0x000000a38d200000]
Native frames: (J=compiled Java code, j=interpreted, Vv=VM code, C=native code)
V  [jvm.dll+0x61e72a]
V  [jvm.dll+0x7aae49]
V  [jvm.dll+0x7ac538]
V  [jvm.dll+0x7acc13]
V  [jvm.dll+0x24fb28]
V  [jvm.dll+0xc262c]
V  [jvm.dll+0xc2bec]
V  [jvm.dll+0x2c19a4]
V  [jvm.dll+0x52d9b9]
V  [jvm.dll+0x21113d]
V  [jvm.dll+0x20ada4]
V  [jvm.dll+0x207e3b]
V  [jvm.dll+0x18a361]
V  [jvm.dll+0x2178a4]
V  [jvm.dll+0x215aeb]
V  [jvm.dll+0x76d950]
V  [jvm.dll+0x7668b4]
V  [jvm.dll+0x61d586]
C  [ucrtbase.dll+0x21bb2]
C  [KERNEL32.DLL+0x17614]
C  [ntdll.dll+0x526a1]


---------------  P R O C E S S  ---------------

Threads class SMR info:
_java_thread_list=0x000002200e6fb6a0, length=17, elements={
0x000002205711f800, 0x000002207cbc2800, 0x000002207cbcc800, 0x000002207d4e4000,
0x000002207d4e7000, 0x000002207d4e8000, 0x000002207d4e9000, 0x000002207d4ea800,
0x000002207d4ef800, 0x000002207d67c800, 0x000002207d7c6000, 0x000002207d682800,
0x0000022009db6000, 0x00000220090b0000, 0x000002200a92f000, 0x0000022010857800,
0x000002200cd0d000
}

Java Threads: ( => current thread )
  0x000002205711f800 JavaThread "main" [_thread_in_vm, id=12020, stack(0x000000a38b500000,0x000000a38b600000)]
  0x000002207cbc2800 JavaThread "Reference Handler" daemon [_thread_blocked, id=2088, stack(0x000000a38bc00000,0x000000a38bd00000)]
  0x000002207cbcc800 JavaThread "Finalizer" daemon [_thread_blocked, id=24812, stack(0x000000a38bd00000,0x000000a38be00000)]
  0x000002207d4e4000 JavaThread "Signal Dispatcher" daemon [_thread_blocked, id=35612, stack(0x000000a38be00000,0x000000a38bf00000)]
  0x000002207d4e7000 JavaThread "Attach Listener" daemon [_thread_blocked, id=2504, stack(0x000000a38bf00000,0x000000a38c000000)]
  0x000002207d4e8000 JavaThread "Service Thread" daemon [_thread_blocked, id=4068, stack(0x000000a38c000000,0x000000a38c100000)]
  0x000002207d4e9000 JavaThread "C2 CompilerThread0" daemon [_thread_in_native, id=15668, stack(0x000000a38c100000,0x000000a38c200000)]
  0x000002207d4ea800 JavaThread "C1 CompilerThread0" daemon [_thread_blocked, id=17000, stack(0x000000a38c200000,0x000000a38c300000)]
  0x000002207d4ef800 JavaThread "Sweeper thread" daemon [_thread_blocked, id=36956, stack(0x000000a38c300000,0x000000a38c400000)]
  0x000002207d67c800 JavaThread "Common-Cleaner" daemon [_thread_blocked, id=10168, stack(0x000000a38c500000,0x000000a38c600000)]
  0x000002207d7c6000 JavaThread "surefire-forkedjvm-command-thread" daemon [_thread_in_native, id=37600, stack(0x000000a38c700000,0x000000a38c800000)]
  0x000002207d682800 JavaThread "surefire-forkedjvm-ping-30s" daemon [_thread_in_native, id=33788, stack(0x000000a38c800000,0x000000a38c900000)]
  0x0000022009db6000 JavaThread "C2 CompilerThread1" daemon [_thread_in_native, id=35048, stack(0x000000a38c600000,0x000000a38c700000)]
  0x00000220090b0000 JavaThread "Keep-Alive-Timer" daemon [_thread_blocked, id=26052, stack(0x000000a38d000000,0x000000a38d100000)]
=>0x000002200a92f000 JavaThread "C2 CompilerThread2" daemon [_thread_in_native, id=12208, stack(0x000000a38d100000,0x000000a38d200000)]
  0x0000022010857800 JavaThread "mysql-cj-abandoned-connection-cleanup" daemon [_thread_blocked, id=34988, stack(0x000000a38d200000,0x000000a38d300000)]
  0x000002200cd0d000 JavaThread "HikariPool-1 housekeeper" daemon [_thread_new, id=35340, stack(0x0000000000000000,0x0000000000000000)]

Other Threads:
  0x000002207cbbe800 VMThread "VM Thread" [stack: 0x000000a38bb00000,0x000000a38bc00000] [id=12176]
  0x000002207d67b800 WatcherThread [stack: 0x000000a38c400000,0x000000a38c500000] [id=34948]
  0x0000022057137800 GCTaskThread "GC Thread#0" [stack: 0x000000a38b600000,0x000000a38b700000] [id=24836]
  0x000002207e5db800 GCTaskThread "GC Thread#1" [stack: 0x000000a38c900000,0x000000a38ca00000] [id=2936]
  0x000002207e5d7800 GCTaskThread "GC Thread#2" [stack: 0x000000a38ca00000,0x000000a38cb00000] [id=10436]
  0x000002207ef0a800 GCTaskThread "GC Thread#3" [stack: 0x000000a38cb00000,0x000000a38cc00000] [id=27992]
  0x000002207e6f0000 GCTaskThread "GC Thread#4" [stack: 0x000000a38cc00000,0x000000a38cd00000] [id=37484]
  0x000002207e516800 GCTaskThread "GC Thread#5" [stack: 0x000000a38cd00000,0x000000a38ce00000] [id=17500]
  0x0000022057194000 ConcurrentGCThread "G1 Main Marker" [stack: 0x000000a38b700000,0x000000a38b800000] [id=33300]
  0x0000022057196800 ConcurrentGCThread "G1 Conc#0" [stack: 0x000000a38b800000,0x000000a38b900000] [id=14088]
  0x000002207f031800 ConcurrentGCThread "G1 Conc#1" [stack: 0x000000a38ce00000,0x000000a38cf00000] [id=24164]
  0x00000220571ee000 ConcurrentGCThread "G1 Refine#0" [stack: 0x000000a38b900000,0x000000a38ba00000] [id=27756]
  0x000002207caa7800 ConcurrentGCThread "G1 Young RemSet Sampling" [stack: 0x000000a38ba00000,0x000000a38bb00000] [id=29844]

Threads with active compile tasks:
C2 CompilerThread0    18650 5212   !   4       org.springframework.util.ReflectionUtils::doWithMethods (193 bytes)
C2 CompilerThread1    18650 5223   !   4       org.springframework.core.annotation.AnnotationsScanner::processMethodHierarchy (276 bytes)
C2 CompilerThread2    18650 5264       4       org.springframework.boot.context.properties.source.SpringIterableConfigurationPropertySource$Mappings::updateMappings (261 bytes)

VM state:not at safepoint (normal execution)

VM Mutex/Monitor currently owned by a thread: None

Heap address: 0x0000000704400000, size: 4028 MB, Compressed Oops mode: Zero based, Oop shift amount: 3
Narrow klass base: 0x0000000800000000, Narrow klass shift: 0
Compressed class space size: 1073741824 Address: 0x0000000800000000

Heap:
 garbage-first heap   total 258048K, used 118551K [0x0000000704400000, 0x0000000800000000)
  region size 1024K, 106 young (108544K), 15 survivors (15360K)
 Metaspace       used 55270K, capacity 56719K, committed 57088K, reserved 1103872K
  class space    used 6732K, capacity 7310K, committed 7424K, reserved 1048576K
Heap Regions: E=young(eden), S=young(survivor), O=old, HS=humongous(starts), HC=humongous(continues), CS=collection set, F=free, A=archive, TAMS=top-at-mark-start (previous, next)
|   0|0x0000000704400000, 0x0000000704500000, 0x0000000704500000|100%|HS|  |TAMS 0x0000000704500000, 0x0000000704400000| Complete 
|   1|0x0000000704500000, 0x0000000704600000, 0x0000000704600000|100%| O|  |TAMS 0x0000000704600000, 0x0000000704500000| Untracked 
|   2|0x0000000704600000, 0x0000000704700000, 0x0000000704700000|100%| O|  |TAMS 0x0000000704700000, 0x0000000704600000| Untracked 
|   3|0x0000000704700000, 0x0000000704800000, 0x0000000704800000|100%| O|  |TAMS 0x0000000704800000, 0x0000000704700000| Untracked 
|   4|0x0000000704800000, 0x0000000704900000, 0x0000000704900000|100%| O|  |TAMS 0x0000000704900000, 0x0000000704800000| Untracked 
|   5|0x0000000704900000, 0x0000000704a00000, 0x0000000704a00000|100%| O|  |TAMS 0x0000000704a00000, 0x0000000704900000| Untracked 
|   6|0x0000000704a00000, 0x0000000704b00000, 0x0000000704b00000|100%| O|  |TAMS 0x0000000704b00000, 0x0000000704a00000| Untracked 
|   7|0x0000000704b00000, 0x0000000704c00000, 0x0000000704c00000|100%| O|  |TAMS 0x0000000704c00000, 0x0000000704b00000| Untracked 
|   8|0x0000000704c00000, 0x0000000704d00000, 0x0000000704d00000|100%| O|  |TAMS 0x0000000704d00000, 0x0000000704c00000| Untracked 
|   9|0x0000000704d00000, 0x0000000704e00000, 0x0000000704e00000|100%| O|  |TAMS 0x0000000704e00000, 0x0000000704d00000| Untracked 
|  10|0x0000000704e00000, 0x0000000704eef800, 0x0000000704f00000| 93%| O|  |TAMS 0x0000000704eef800, 0x0000000704e00000| Untracked 
|  11|0x0000000704f00000, 0x0000000704f00000, 0x0000000705000000|  0%| F|  |TAMS 0x0000000704f00000, 0x0000000704f00000| Untracked 
|  12|0x0000000705000000, 0x0000000705000000, 0x0000000705100000|  0%| F|  |TAMS 0x0000000705000000, 0x0000000705000000| Untracked 
|  13|0x0000000705100000, 0x0000000705100000, 0x0000000705200000|  0%| F|  |TAMS 0x0000000705100000, 0x0000000705100000| Untracked 
|  14|0x0000000705200000, 0x0000000705200000, 0x0000000705300000|  0%| F|  |TAMS 0x0000000705200000, 0x0000000705200000| Untracked 
|  15|0x0000000705300000, 0x0000000705300000, 0x0000000705400000|  0%| F|  |TAMS 0x0000000705300000, 0x0000000705300000| Untracked 
|  16|0x0000000705400000, 0x0000000705400000, 0x0000000705500000|  0%| F|  |TAMS 0x0000000705400000, 0x0000000705400000| Untracked 
|  17|0x0000000705500000, 0x0000000705500000, 0x0000000705600000|  0%| F|  |TAMS 0x0000000705500000, 0x0000000705500000| Untracked 
|  18|0x0000000705600000, 0x0000000705600000, 0x0000000705700000|  0%| F|  |TAMS 0x0000000705600000, 0x0000000705600000| Untracked 
|  19|0x0000000705700000, 0x0000000705700000, 0x0000000705800000|  0%| F|  |TAMS 0x0000000705700000, 0x0000000705700000| Untracked 
|  20|0x0000000705800000, 0x0000000705800000, 0x0000000705900000|  0%| F|  |TAMS 0x0000000705800000, 0x0000000705800000| Untracked 
|  21|0x0000000705900000, 0x0000000705900000, 0x0000000705a00000|  0%| F|  |TAMS 0x0000000705900000, 0x0000000705900000| Untracked 
|  22|0x0000000705a00000, 0x0000000705a00000, 0x0000000705b00000|  0%| F|  |TAMS 0x0000000705a00000, 0x0000000705a00000| Untracked 
|  23|0x0000000705b00000, 0x0000000705b00000, 0x0000000705c00000|  0%| F|  |TAMS 0x0000000705b00000, 0x0000000705b00000| Untracked 
|  24|0x0000000705c00000, 0x0000000705c00000, 0x0000000705d00000|  0%| F|  |TAMS 0x0000000705c00000, 0x0000000705c00000| Untracked 
|  25|0x0000000705d00000, 0x0000000705d00000, 0x0000000705e00000|  0%| F|  |TAMS 0x0000000705d00000, 0x0000000705d00000| Untracked 
|  26|0x0000000705e00000, 0x0000000705e00000, 0x0000000705f00000|  0%| F|  |TAMS 0x0000000705e00000, 0x0000000705e00000| Untracked 
|  27|0x0000000705f00000, 0x0000000705f00000, 0x0000000706000000|  0%| F|  |TAMS 0x0000000705f00000, 0x0000000705f00000| Untracked 
|  28|0x0000000706000000, 0x0000000706000000, 0x0000000706100000|  0%| F|  |TAMS 0x0000000706000000, 0x0000000706000000| Untracked 
|  29|0x0000000706100000, 0x0000000706100000, 0x0000000706200000|  0%| F|  |TAMS 0x0000000706100000, 0x0000000706100000| Untracked 
|  30|0x0000000706200000, 0x0000000706200000, 0x0000000706300000|  0%| F|  |TAMS 0x0000000706200000, 0x0000000706200000| Untracked 
|  31|0x0000000706300000, 0x0000000706300000, 0x0000000706400000|  0%| F|  |TAMS 0x0000000706300000, 0x0000000706300000| Untracked 
|  32|0x0000000706400000, 0x0000000706400000, 0x0000000706500000|  0%| F|  |TAMS 0x0000000706400000, 0x0000000706400000| Untracked 
|  33|0x0000000706500000, 0x0000000706500000, 0x0000000706600000|  0%| F|  |TAMS 0x0000000706500000, 0x0000000706500000| Untracked 
|  34|0x0000000706600000, 0x0000000706600000, 0x0000000706700000|  0%| F|  |TAMS 0x0000000706600000, 0x0000000706600000| Untracked 
|  35|0x0000000706700000, 0x0000000706700000, 0x0000000706800000|  0%| F|  |TAMS 0x0000000706700000, 0x0000000706700000| Untracked 
|  36|0x0000000706800000, 0x0000000706800000, 0x0000000706900000|  0%| F|  |TAMS 0x0000000706800000, 0x0000000706800000| Untracked 
|  37|0x0000000706900000, 0x0000000706900000, 0x0000000706a00000|  0%| F|  |TAMS 0x0000000706900000, 0x0000000706900000| Untracked 
|  38|0x0000000706a00000, 0x0000000706a00000, 0x0000000706b00000|  0%| F|  |TAMS 0x0000000706a00000, 0x0000000706a00000| Untracked 
|  39|0x0000000706b00000, 0x0000000706b00000, 0x0000000706c00000|  0%| F|  |TAMS 0x0000000706b00000, 0x0000000706b00000| Untracked 
|  40|0x0000000706c00000, 0x0000000706c00000, 0x0000000706d00000|  0%| F|  |TAMS 0x0000000706c00000, 0x0000000706c00000| Untracked 
|  41|0x0000000706d00000, 0x0000000706d00000, 0x0000000706e00000|  0%| F|  |TAMS 0x0000000706d00000, 0x0000000706d00000| Untracked 
|  42|0x0000000706e00000, 0x0000000706e00000, 0x0000000706f00000|  0%| F|  |TAMS 0x0000000706e00000, 0x0000000706e00000| Untracked 
|  43|0x0000000706f00000, 0x0000000706f00000, 0x0000000707000000|  0%| F|  |TAMS 0x0000000706f00000, 0x0000000706f00000| Untracked 
|  44|0x0000000707000000, 0x0000000707000000, 0x0000000707100000|  0%| F|  |TAMS 0x0000000707000000, 0x0000000707000000| Untracked 
|  45|0x0000000707100000, 0x0000000707100000, 0x0000000707200000|  0%| F|  |TAMS 0x0000000707100000, 0x0000000707100000| Untracked 
|  46|0x0000000707200000, 0x0000000707200000, 0x0000000707300000|  0%| F|  |TAMS 0x0000000707200000, 0x0000000707200000| Untracked 
|  47|0x0000000707300000, 0x0000000707300000, 0x0000000707400000|  0%| F|  |TAMS 0x0000000707300000, 0x0000000707300000| Untracked 
|  48|0x0000000707400000, 0x0000000707400000, 0x0000000707500000|  0%| F|  |TAMS 0x0000000707400000, 0x0000000707400000| Untracked 
|  49|0x0000000707500000, 0x0000000707500000, 0x0000000707600000|  0%| F|  |TAMS 0x0000000707500000, 0x0000000707500000| Untracked 
|  50|0x0000000707600000, 0x0000000707600000, 0x0000000707700000|  0%| F|  |TAMS 0x0000000707600000, 0x0000000707600000| Untracked 
|  51|0x0000000707700000, 0x0000000707700000, 0x0000000707800000|  0%| F|  |TAMS 0x0000000707700000, 0x0000000707700000| Untracked 
|  52|0x0000000707800000, 0x0000000707800000, 0x0000000707900000|  0%| F|  |TAMS 0x0000000707800000, 0x0000000707800000| Untracked 
|  53|0x0000000707900000, 0x0000000707900000, 0x0000000707a00000|  0%| F|  |TAMS 0x0000000707900000, 0x0000000707900000| Untracked 
|  54|0x0000000707a00000, 0x0000000707a00000, 0x0000000707b00000|  0%| F|  |TAMS 0x0000000707a00000, 0x0000000707a00000| Untracked 
|  55|0x0000000707b00000, 0x0000000707b00000, 0x0000000707c00000|  0%| F|  |TAMS 0x0000000707b00000, 0x0000000707b00000| Untracked 
|  56|0x0000000707c00000, 0x0000000707c00000, 0x0000000707d00000|  0%| F|  |TAMS 0x0000000707c00000, 0x0000000707c00000| Untracked 
|  57|0x0000000707d00000, 0x0000000707d00000, 0x0000000707e00000|  0%| F|  |TAMS 0x0000000707d00000, 0x0000000707d00000| Untracked 
|  58|0x0000000707e00000, 0x0000000707e00000, 0x0000000707f00000|  0%| F|  |TAMS 0x0000000707e00000, 0x0000000707e00000| Untracked 
|  59|0x0000000707f00000, 0x0000000707f00000, 0x0000000708000000|  0%| F|  |TAMS 0x0000000707f00000, 0x0000000707f00000| Untracked 
|  60|0x0000000708000000, 0x0000000708000000, 0x0000000708100000|  0%| F|  |TAMS 0x0000000708000000, 0x0000000708000000| Untracked 
|  61|0x0000000708100000, 0x0000000708100000, 0x0000000708200000|  0%| F|  |TAMS 0x0000000708100000, 0x0000000708100000| Untracked 
|  62|0x0000000708200000, 0x0000000708200000, 0x0000000708300000|  0%| F|  |TAMS 0x0000000708200000, 0x0000000708200000| Untracked 
|  63|0x0000000708300000, 0x0000000708300000, 0x0000000708400000|  0%| F|  |TAMS 0x0000000708300000, 0x0000000708300000| Untracked 
|  64|0x0000000708400000, 0x0000000708400000, 0x0000000708500000|  0%| F|  |TAMS 0x0000000708400000, 0x0000000708400000| Untracked 
|  65|0x0000000708500000, 0x0000000708500000, 0x0000000708600000|  0%| F|  |TAMS 0x0000000708500000, 0x0000000708500000| Untracked 
|  66|0x0000000708600000, 0x0000000708600000, 0x0000000708700000|  0%| F|  |TAMS 0x0000000708600000, 0x0000000708600000| Untracked 
|  67|0x0000000708700000, 0x0000000708700000, 0x0000000708800000|  0%| F|  |TAMS 0x0000000708700000, 0x0000000708700000| Untracked 
|  68|0x0000000708800000, 0x0000000708800000, 0x0000000708900000|  0%| F|  |TAMS 0x0000000708800000, 0x0000000708800000| Untracked 
|  69|0x0000000708900000, 0x0000000708900000, 0x0000000708a00000|  0%| F|  |TAMS 0x0000000708900000, 0x0000000708900000| Untracked 
|  70|0x0000000708a00000, 0x0000000708a00000, 0x0000000708b00000|  0%| F|  |TAMS 0x0000000708a00000, 0x0000000708a00000| Untracked 
|  71|0x0000000708b00000, 0x0000000708b00000, 0x0000000708c00000|  0%| F|  |TAMS 0x0000000708b00000, 0x0000000708b00000| Untracked 
|  72|0x0000000708c00000, 0x0000000708c00000, 0x0000000708d00000|  0%| F|  |TAMS 0x0000000708c00000, 0x0000000708c00000| Untracked 
|  73|0x0000000708d00000, 0x0000000708d00000, 0x0000000708e00000|  0%| F|  |TAMS 0x0000000708d00000, 0x0000000708d00000| Untracked 
|  74|0x0000000708e00000, 0x0000000708e00000, 0x0000000708f00000|  0%| F|  |TAMS 0x0000000708e00000, 0x0000000708e00000| Untracked 
|  75|0x0000000708f00000, 0x0000000708f00000, 0x0000000709000000|  0%| F|  |TAMS 0x0000000708f00000, 0x0000000708f00000| Untracked 
|  76|0x0000000709000000, 0x0000000709000000, 0x0000000709100000|  0%| F|  |TAMS 0x0000000709000000, 0x0000000709000000| Untracked 
|  77|0x0000000709100000, 0x0000000709100000, 0x0000000709200000|  0%| F|  |TAMS 0x0000000709100000, 0x0000000709100000| Untracked 
|  78|0x0000000709200000, 0x0000000709200000, 0x0000000709300000|  0%| F|  |TAMS 0x0000000709200000, 0x0000000709200000| Untracked 
|  79|0x0000000709300000, 0x0000000709300000, 0x0000000709400000|  0%| F|  |TAMS 0x0000000709300000, 0x0000000709300000| Untracked 
|  80|0x0000000709400000, 0x0000000709400000, 0x0000000709500000|  0%| F|  |TAMS 0x0000000709400000, 0x0000000709400000| Untracked 
|  81|0x0000000709500000, 0x0000000709500000, 0x0000000709600000|  0%| F|  |TAMS 0x0000000709500000, 0x0000000709500000| Untracked 
|  82|0x0000000709600000, 0x0000000709600000, 0x0000000709700000|  0%| F|  |TAMS 0x0000000709600000, 0x0000000709600000| Untracked 
|  83|0x0000000709700000, 0x0000000709700000, 0x0000000709800000|  0%| F|  |TAMS 0x0000000709700000, 0x0000000709700000| Untracked 
|  84|0x0000000709800000, 0x0000000709800000, 0x0000000709900000|  0%| F|  |TAMS 0x0000000709800000, 0x0000000709800000| Untracked 
|  85|0x0000000709900000, 0x0000000709900000, 0x0000000709a00000|  0%| F|  |TAMS 0x0000000709900000, 0x0000000709900000| Untracked 
|  86|0x0000000709a00000, 0x0000000709ad6680, 0x0000000709b00000| 83%| S|CS|TAMS 0x0000000709a00000, 0x0000000709a00000| Complete 
|  87|0x0000000709b00000, 0x0000000709c00000, 0x0000000709c00000|100%| S|CS|TAMS 0x0000000709b00000, 0x0000000709b00000| Complete 
|  88|0x0000000709c00000, 0x0000000709d00000, 0x0000000709d00000|100%| S|CS|TAMS 0x0000000709c00000, 0x0000000709c00000| Complete 
|  89|0x0000000709d00000, 0x0000000709e00000, 0x0000000709e00000|100%| S|CS|TAMS 0x0000000709d00000, 0x0000000709d00000| Complete 
|  90|0x0000000709e00000, 0x0000000709f00000, 0x0000000709f00000|100%| S|CS|TAMS 0x0000000709e00000, 0x0000000709e00000| Complete 
|  91|0x0000000709f00000, 0x000000070a000000, 0x000000070a000000|100%| S|CS|TAMS 0x0000000709f00000, 0x0000000709f00000| Complete 
|  92|0x000000070a000000, 0x000000070a100000, 0x000000070a100000|100%| S|CS|TAMS 0x000000070a000000, 0x000000070a000000| Complete 
|  93|0x000000070a100000, 0x000000070a200000, 0x000000070a200000|100%| S|CS|TAMS 0x000000070a100000, 0x000000070a100000| Complete 
|  94|0x000000070a200000, 0x000000070a300000, 0x000000070a300000|100%| S|CS|TAMS 0x000000070a200000, 0x000000070a200000| Complete 
|  95|0x000000070a300000, 0x000000070a400000, 0x000000070a400000|100%| S|CS|TAMS 0x000000070a300000, 0x000000070a300000| Complete 
|  96|0x000000070a400000, 0x000000070a500000, 0x000000070a500000|100%| S|CS|TAMS 0x000000070a400000, 0x000000070a400000| Complete 
|  97|0x000000070a500000, 0x000000070a600000, 0x000000070a600000|100%| S|CS|TAMS 0x000000070a500000, 0x000000070a500000| Complete 
|  98|0x000000070a600000, 0x000000070a700000, 0x000000070a700000|100%| S|CS|TAMS 0x000000070a600000, 0x000000070a600000| Complete 
|  99|0x000000070a700000, 0x000000070a800000, 0x000000070a800000|100%| S|CS|TAMS 0x000000070a700000, 0x000000070a700000| Complete 
| 100|0x000000070a800000, 0x000000070a900000, 0x000000070a900000|100%| S|CS|TAMS 0x000000070a800000, 0x000000070a800000| Complete 
| 101|0x000000070a900000, 0x000000070a900000, 0x000000070aa00000|  0%| F|  |TAMS 0x000000070a900000, 0x000000070a900000| Untracked 
| 102|0x000000070aa00000, 0x000000070aa00000, 0x000000070ab00000|  0%| F|  |TAMS 0x000000070aa00000, 0x000000070aa00000| Untracked 
| 103|0x000000070ab00000, 0x000000070ab00000, 0x000000070ac00000|  0%| F|  |TAMS 0x000000070ab00000, 0x000000070ab00000| Untracked 
| 104|0x000000070ac00000, 0x000000070ac00000, 0x000000070ad00000|  0%| F|  |TAMS 0x000000070ac00000, 0x000000070ac00000| Untracked 
| 105|0x000000070ad00000, 0x000000070ad00000, 0x000000070ae00000|  0%| F|  |TAMS 0x000000070ad00000, 0x000000070ad00000| Untracked 
| 106|0x000000070ae00000, 0x000000070ae00000, 0x000000070af00000|  0%| F|  |TAMS 0x000000070ae00000, 0x000000070ae00000| Untracked 
| 107|0x000000070af00000, 0x000000070af00000, 0x000000070b000000|  0%| F|  |TAMS 0x000000070af00000, 0x000000070af00000| Untracked 
| 108|0x000000070b000000, 0x000000070b000000, 0x000000070b100000|  0%| F|  |TAMS 0x000000070b000000, 0x000000070b000000| Untracked 
| 109|0x000000070b100000, 0x000000070b100000, 0x000000070b200000|  0%| F|  |TAMS 0x000000070b100000, 0x000000070b100000| Untracked 
| 110|0x000000070b200000, 0x000000070b200000, 0x000000070b300000|  0%| F|  |TAMS 0x000000070b200000, 0x000000070b200000| Untracked 
| 111|0x000000070b300000, 0x000000070b300000, 0x000000070b400000|  0%| F|  |TAMS 0x000000070b300000, 0x000000070b300000| Untracked 
| 112|0x000000070b400000, 0x000000070b400000, 0x000000070b500000|  0%| F|  |TAMS 0x000000070b400000, 0x000000070b400000| Untracked 
| 113|0x000000070b500000, 0x000000070b500000, 0x000000070b600000|  0%| F|  |TAMS 0x000000070b500000, 0x000000070b500000| Untracked 
| 114|0x000000070b600000, 0x000000070b600000, 0x000000070b700000|  0%| F|  |TAMS 0x000000070b600000, 0x000000070b600000| Untracked 
| 115|0x000000070b700000, 0x000000070b700000, 0x000000070b800000|  0%| F|  |TAMS 0x000000070b700000, 0x000000070b700000| Untracked 
| 116|0x000000070b800000, 0x000000070b800000, 0x000000070b900000|  0%| F|  |TAMS 0x000000070b800000, 0x000000070b800000| Untracked 
| 117|0x000000070b900000, 0x000000070b900000, 0x000000070ba00000|  0%| F|  |TAMS 0x000000070b900000, 0x000000070b900000| Untracked 
| 118|0x000000070ba00000, 0x000000070ba00000, 0x000000070bb00000|  0%| F|  |TAMS 0x000000070ba00000, 0x000000070ba00000| Untracked 
| 119|0x000000070bb00000, 0x000000070bb00000, 0x000000070bc00000|  0%| F|  |TAMS 0x000000070bb00000, 0x000000070bb00000| Untracked 
| 120|0x000000070bc00000, 0x000000070bc00000, 0x000000070bd00000|  0%| F|  |TAMS 0x000000070bc00000, 0x000000070bc00000| Untracked 
| 121|0x000000070bd00000, 0x000000070bd00000, 0x000000070be00000|  0%| F|  |TAMS 0x000000070bd00000, 0x000000070bd00000| Untracked 
| 122|0x000000070be00000, 0x000000070be00000, 0x000000070bf00000|  0%| F|  |TAMS 0x000000070be00000, 0x000000070be00000| Untracked 
| 123|0x000000070bf00000, 0x000000070bf00000, 0x000000070c000000|  0%| F|  |TAMS 0x000000070bf00000, 0x000000070bf00000| Untracked 
| 124|0x000000070c000000, 0x000000070c000000, 0x000000070c100000|  0%| F|  |TAMS 0x000000070c000000, 0x000000070c000000| Untracked 
| 125|0x000000070c100000, 0x000000070c100000, 0x000000070c200000|  0%| F|  |TAMS 0x000000070c100000, 0x000000070c100000| Untracked 
| 126|0x000000070c200000, 0x000000070c200000, 0x000000070c300000|  0%| F|  |TAMS 0x000000070c200000, 0x000000070c200000| Untracked 
| 127|0x000000070c300000, 0x000000070c300000, 0x000000070c400000|  0%| F|  |TAMS 0x000000070c300000, 0x000000070c300000| Untracked 
| 128|0x000000070c400000, 0x000000070c400000, 0x000000070c500000|  0%| F|  |TAMS 0x000000070c400000, 0x000000070c400000| Untracked 
| 129|0x000000070c500000, 0x000000070c500000, 0x000000070c600000|  0%| F|  |TAMS 0x000000070c500000, 0x000000070c500000| Untracked 
| 130|0x000000070c600000, 0x000000070c600000, 0x000000070c700000|  0%| F|  |TAMS 0x000000070c600000, 0x000000070c600000| Untracked 
| 131|0x000000070c700000, 0x000000070c700000, 0x000000070c800000|  0%| F|  |TAMS 0x000000070c700000, 0x000000070c700000| Untracked 
| 132|0x000000070c800000, 0x000000070c800000, 0x000000070c900000|  0%| F|  |TAMS 0x000000070c800000, 0x000000070c800000| Untracked 
| 133|0x000000070c900000, 0x000000070c900000, 0x000000070ca00000|  0%| F|  |TAMS 0x000000070c900000, 0x000000070c900000| Untracked 
| 134|0x000000070ca00000, 0x000000070ca00000, 0x000000070cb00000|  0%| F|  |TAMS 0x000000070ca00000, 0x000000070ca00000| Untracked 
| 135|0x000000070cb00000, 0x000000070cb00000, 0x000000070cc00000|  0%| F|  |TAMS 0x000000070cb00000, 0x000000070cb00000| Untracked 
| 136|0x000000070cc00000, 0x000000070cc00000, 0x000000070cd00000|  0%| F|  |TAMS 0x000000070cc00000, 0x000000070cc00000| Untracked 
| 137|0x000000070cd00000, 0x000000070cd00000, 0x000000070ce00000|  0%| F|  |TAMS 0x000000070cd00000, 0x000000070cd00000| Untracked 
| 138|0x000000070ce00000, 0x000000070ce00000, 0x000000070cf00000|  0%| F|  |TAMS 0x000000070ce00000, 0x000000070ce00000| Untracked 
| 139|0x000000070cf00000, 0x000000070cf00000, 0x000000070d000000|  0%| F|  |TAMS 0x000000070cf00000, 0x000000070cf00000| Untracked 
| 140|0x000000070d000000, 0x000000070d000000, 0x000000070d100000|  0%| F|  |TAMS 0x000000070d000000, 0x000000070d000000| Untracked 
| 141|0x000000070d100000, 0x000000070d100000, 0x000000070d200000|  0%| F|  |TAMS 0x000000070d100000, 0x000000070d100000| Untracked 
| 142|0x000000070d200000, 0x000000070d200000, 0x000000070d300000|  0%| F|  |TAMS 0x000000070d200000, 0x000000070d200000| Untracked 
| 143|0x000000070d300000, 0x000000070d300000, 0x000000070d400000|  0%| F|  |TAMS 0x000000070d300000, 0x000000070d300000| Untracked 
| 144|0x000000070d400000, 0x000000070d400000, 0x000000070d500000|  0%| F|  |TAMS 0x000000070d400000, 0x000000070d400000| Untracked 
| 145|0x000000070d500000, 0x000000070d500000, 0x000000070d600000|  0%| F|  |TAMS 0x000000070d500000, 0x000000070d500000| Untracked 
| 146|0x000000070d600000, 0x000000070d600000, 0x000000070d700000|  0%| F|  |TAMS 0x000000070d600000, 0x000000070d600000| Untracked 
| 147|0x000000070d700000, 0x000000070d700000, 0x000000070d800000|  0%| F|  |TAMS 0x000000070d700000, 0x000000070d700000| Untracked 
| 148|0x000000070d800000, 0x000000070d800000, 0x000000070d900000|  0%| F|  |TAMS 0x000000070d800000, 0x000000070d800000| Untracked 
| 149|0x000000070d900000, 0x000000070d900000, 0x000000070da00000|  0%| F|  |TAMS 0x000000070d900000, 0x000000070d900000| Untracked 
| 150|0x000000070da00000, 0x000000070da00000, 0x000000070db00000|  0%| F|  |TAMS 0x000000070da00000, 0x000000070da00000| Untracked 
| 151|0x000000070db00000, 0x000000070db00000, 0x000000070dc00000|  0%| F|  |TAMS 0x000000070db00000, 0x000000070db00000| Untracked 
| 152|0x000000070dc00000, 0x000000070dc00000, 0x000000070dd00000|  0%| F|  |TAMS 0x000000070dc00000, 0x000000070dc00000| Untracked 
| 153|0x000000070dd00000, 0x000000070dd00000, 0x000000070de00000|  0%| F|  |TAMS 0x000000070dd00000, 0x000000070dd00000| Untracked 
| 154|0x000000070de00000, 0x000000070de00000, 0x000000070df00000|  0%| F|  |TAMS 0x000000070de00000, 0x000000070de00000| Untracked 
| 155|0x000000070df00000, 0x000000070df00000, 0x000000070e000000|  0%| F|  |TAMS 0x000000070df00000, 0x000000070df00000| Untracked 
| 156|0x000000070e000000, 0x000000070e000000, 0x000000070e100000|  0%| F|  |TAMS 0x000000070e000000, 0x000000070e000000| Untracked 
| 157|0x000000070e100000, 0x000000070e100000, 0x000000070e200000|  0%| F|  |TAMS 0x000000070e100000, 0x000000070e100000| Untracked 
| 158|0x000000070e200000, 0x000000070e200000, 0x000000070e300000|  0%| F|  |TAMS 0x000000070e200000, 0x000000070e200000| Untracked 
| 159|0x000000070e300000, 0x000000070e300000, 0x000000070e400000|  0%| F|  |TAMS 0x000000070e300000, 0x000000070e300000| Untracked 
| 160|0x000000070e400000, 0x000000070e480800, 0x000000070e500000| 50%| E|  |TAMS 0x000000070e400000, 0x000000070e400000| Complete 
| 161|0x000000070e500000, 0x000000070e600000, 0x000000070e600000|100%| E|CS|TAMS 0x000000070e500000, 0x000000070e500000| Complete 
| 162|0x000000070e600000, 0x000000070e700000, 0x000000070e700000|100%| E|CS|TAMS 0x000000070e600000, 0x000000070e600000| Complete 
| 163|0x000000070e700000, 0x000000070e800000, 0x000000070e800000|100%| E|CS|TAMS 0x000000070e700000, 0x000000070e700000| Complete 
| 164|0x000000070e800000, 0x000000070e900000, 0x000000070e900000|100%| E|CS|TAMS 0x000000070e800000, 0x000000070e800000| Complete 
| 165|0x000000070e900000, 0x000000070ea00000, 0x000000070ea00000|100%| E|CS|TAMS 0x000000070e900000, 0x000000070e900000| Complete 
| 166|0x000000070ea00000, 0x000000070eb00000, 0x000000070eb00000|100%| E|CS|TAMS 0x000000070ea00000, 0x000000070ea00000| Complete 
| 167|0x000000070eb00000, 0x000000070ec00000, 0x000000070ec00000|100%| E|CS|TAMS 0x000000070eb00000, 0x000000070eb00000| Complete 
| 168|0x000000070ec00000, 0x000000070ed00000, 0x000000070ed00000|100%| E|CS|TAMS 0x000000070ec00000, 0x000000070ec00000| Complete 
| 169|0x000000070ed00000, 0x000000070ee00000, 0x000000070ee00000|100%| E|CS|TAMS 0x000000070ed00000, 0x000000070ed00000| Complete 
| 170|0x000000070ee00000, 0x000000070ef00000, 0x000000070ef00000|100%| E|CS|TAMS 0x000000070ee00000, 0x000000070ee00000| Complete 
| 171|0x000000070ef00000, 0x000000070f000000, 0x000000070f000000|100%| E|CS|TAMS 0x000000070ef00000, 0x000000070ef00000| Complete 
| 172|0x000000070f000000, 0x000000070f100000, 0x000000070f100000|100%| E|CS|TAMS 0x000000070f000000, 0x000000070f000000| Complete 
| 173|0x000000070f100000, 0x000000070f200000, 0x000000070f200000|100%| E|CS|TAMS 0x000000070f100000, 0x000000070f100000| Complete 
| 174|0x000000070f200000, 0x000000070f300000, 0x000000070f300000|100%| E|CS|TAMS 0x000000070f200000, 0x000000070f200000| Complete 
| 175|0x000000070f300000, 0x000000070f400000, 0x000000070f400000|100%| E|CS|TAMS 0x000000070f300000, 0x000000070f300000| Complete 
| 176|0x000000070f400000, 0x000000070f500000, 0x000000070f500000|100%| E|CS|TAMS 0x000000070f400000, 0x000000070f400000| Complete 
| 177|0x000000070f500000, 0x000000070f600000, 0x000000070f600000|100%| E|CS|TAMS 0x000000070f500000, 0x000000070f500000| Complete 
| 178|0x000000070f600000, 0x000000070f700000, 0x000000070f700000|100%| E|CS|TAMS 0x000000070f600000, 0x000000070f600000| Complete 
| 179|0x000000070f700000, 0x000000070f800000, 0x000000070f800000|100%| E|CS|TAMS 0x000000070f700000, 0x000000070f700000| Complete 
| 180|0x000000070f800000, 0x000000070f900000, 0x000000070f900000|100%| E|CS|TAMS 0x000000070f800000, 0x000000070f800000| Complete 
| 181|0x000000070f900000, 0x000000070fa00000, 0x000000070fa00000|100%| E|CS|TAMS 0x000000070f900000, 0x000000070f900000| Complete 
| 182|0x000000070fa00000, 0x000000070fb00000, 0x000000070fb00000|100%| E|CS|TAMS 0x000000070fa00000, 0x000000070fa00000| Complete 
| 183|0x000000070fb00000, 0x000000070fc00000, 0x000000070fc00000|100%| E|CS|TAMS 0x000000070fb00000, 0x000000070fb00000| Complete 
| 184|0x000000070fc00000, 0x000000070fd00000, 0x000000070fd00000|100%| E|CS|TAMS 0x000000070fc00000, 0x000000070fc00000| Complete 
| 185|0x000000070fd00000, 0x000000070fe00000, 0x000000070fe00000|100%| E|CS|TAMS 0x000000070fd00000, 0x000000070fd00000| Complete 
| 186|0x000000070fe00000, 0x000000070ff00000, 0x000000070ff00000|100%| E|CS|TAMS 0x000000070fe00000, 0x000000070fe00000| Complete 
| 187|0x000000070ff00000, 0x0000000710000000, 0x0000000710000000|100%| E|CS|TAMS 0x000000070ff00000, 0x000000070ff00000| Complete 
| 188|0x0000000710000000, 0x0000000710100000, 0x0000000710100000|100%| E|CS|TAMS 0x0000000710000000, 0x0000000710000000| Complete 
| 189|0x0000000710100000, 0x0000000710200000, 0x0000000710200000|100%| E|CS|TAMS 0x0000000710100000, 0x0000000710100000| Complete 
| 190|0x0000000710200000, 0x0000000710300000, 0x0000000710300000|100%| E|CS|TAMS 0x0000000710200000, 0x0000000710200000| Complete 
| 191|0x0000000710300000, 0x0000000710400000, 0x0000000710400000|100%| E|CS|TAMS 0x0000000710300000, 0x0000000710300000| Complete 
| 192|0x0000000710400000, 0x0000000710500000, 0x0000000710500000|100%| E|CS|TAMS 0x0000000710400000, 0x0000000710400000| Complete 
| 193|0x0000000710500000, 0x0000000710600000, 0x0000000710600000|100%| E|CS|TAMS 0x0000000710500000, 0x0000000710500000| Complete 
| 194|0x0000000710600000, 0x0000000710700000, 0x0000000710700000|100%| E|CS|TAMS 0x0000000710600000, 0x0000000710600000| Complete 
| 195|0x0000000710700000, 0x0000000710800000, 0x0000000710800000|100%| E|CS|TAMS 0x0000000710700000, 0x0000000710700000| Complete 
| 196|0x0000000710800000, 0x0000000710900000, 0x0000000710900000|100%| E|CS|TAMS 0x0000000710800000, 0x0000000710800000| Complete 
| 197|0x0000000710900000, 0x0000000710a00000, 0x0000000710a00000|100%| E|CS|TAMS 0x0000000710900000, 0x0000000710900000| Complete 
| 198|0x0000000710a00000, 0x0000000710b00000, 0x0000000710b00000|100%| E|CS|TAMS 0x0000000710a00000, 0x0000000710a00000| Complete 
| 199|0x0000000710b00000, 0x0000000710c00000, 0x0000000710c00000|100%| E|CS|TAMS 0x0000000710b00000, 0x0000000710b00000| Complete 
| 200|0x0000000710c00000, 0x0000000710d00000, 0x0000000710d00000|100%| E|CS|TAMS 0x0000000710c00000, 0x0000000710c00000| Complete 
| 201|0x0000000710d00000, 0x0000000710e00000, 0x0000000710e00000|100%| E|CS|TAMS 0x0000000710d00000, 0x0000000710d00000| Complete 
| 202|0x0000000710e00000, 0x0000000710f00000, 0x0000000710f00000|100%| E|CS|TAMS 0x0000000710e00000, 0x0000000710e00000| Complete 
| 203|0x0000000710f00000, 0x0000000711000000, 0x0000000711000000|100%| E|CS|TAMS 0x0000000710f00000, 0x0000000710f00000| Complete 
| 204|0x0000000711000000, 0x0000000711100000, 0x0000000711100000|100%| E|CS|TAMS 0x0000000711000000, 0x0000000711000000| Complete 
| 205|0x0000000711100000, 0x0000000711200000, 0x0000000711200000|100%| E|CS|TAMS 0x0000000711100000, 0x0000000711100000| Complete 
| 206|0x0000000711200000, 0x0000000711300000, 0x0000000711300000|100%| E|CS|TAMS 0x0000000711200000, 0x0000000711200000| Complete 
| 207|0x0000000711300000, 0x0000000711400000, 0x0000000711400000|100%| E|CS|TAMS 0x0000000711300000, 0x0000000711300000| Complete 
| 208|0x0000000711400000, 0x0000000711500000, 0x0000000711500000|100%| E|CS|TAMS 0x0000000711400000, 0x0000000711400000| Complete 
| 209|0x0000000711500000, 0x0000000711600000, 0x0000000711600000|100%| E|CS|TAMS 0x0000000711500000, 0x0000000711500000| Complete 
| 210|0x0000000711600000, 0x0000000711700000, 0x0000000711700000|100%| E|CS|TAMS 0x0000000711600000, 0x0000000711600000| Complete 
| 211|0x0000000711700000, 0x0000000711800000, 0x0000000711800000|100%| E|CS|TAMS 0x0000000711700000, 0x0000000711700000| Complete 
| 212|0x0000000711800000, 0x0000000711900000, 0x0000000711900000|100%| E|CS|TAMS 0x0000000711800000, 0x0000000711800000| Complete 
| 213|0x0000000711900000, 0x0000000711a00000, 0x0000000711a00000|100%| E|CS|TAMS 0x0000000711900000, 0x0000000711900000| Complete 
| 214|0x0000000711a00000, 0x0000000711b00000, 0x0000000711b00000|100%| E|CS|TAMS 0x0000000711a00000, 0x0000000711a00000| Complete 
| 215|0x0000000711b00000, 0x0000000711c00000, 0x0000000711c00000|100%| E|CS|TAMS 0x0000000711b00000, 0x0000000711b00000| Complete 
| 216|0x0000000711c00000, 0x0000000711d00000, 0x0000000711d00000|100%| E|CS|TAMS 0x0000000711c00000, 0x0000000711c00000| Complete 
| 217|0x0000000711d00000, 0x0000000711e00000, 0x0000000711e00000|100%| E|CS|TAMS 0x0000000711d00000, 0x0000000711d00000| Complete 
| 218|0x0000000711e00000, 0x0000000711f00000, 0x0000000711f00000|100%| E|CS|TAMS 0x0000000711e00000, 0x0000000711e00000| Complete 
| 219|0x0000000711f00000, 0x0000000712000000, 0x0000000712000000|100%| E|CS|TAMS 0x0000000711f00000, 0x0000000711f00000| Complete 
| 220|0x0000000712000000, 0x0000000712100000, 0x0000000712100000|100%| E|CS|TAMS 0x0000000712000000, 0x0000000712000000| Complete 
| 221|0x0000000712100000, 0x0000000712200000, 0x0000000712200000|100%| E|CS|TAMS 0x0000000712100000, 0x0000000712100000| Complete 
| 222|0x0000000712200000, 0x0000000712300000, 0x0000000712300000|100%| E|CS|TAMS 0x0000000712200000, 0x0000000712200000| Complete 
| 223|0x0000000712300000, 0x0000000712400000, 0x0000000712400000|100%| E|CS|TAMS 0x0000000712300000, 0x0000000712300000| Complete 
| 224|0x0000000712400000, 0x0000000712500000, 0x0000000712500000|100%| E|CS|TAMS 0x0000000712400000, 0x0000000712400000| Complete 
| 225|0x0000000712500000, 0x0000000712600000, 0x0000000712600000|100%| E|CS|TAMS 0x0000000712500000, 0x0000000712500000| Complete 
| 226|0x0000000712600000, 0x0000000712700000, 0x0000000712700000|100%| E|CS|TAMS 0x0000000712600000, 0x0000000712600000| Complete 
| 227|0x0000000712700000, 0x0000000712800000, 0x0000000712800000|100%| E|CS|TAMS 0x0000000712700000, 0x0000000712700000| Complete 
| 228|0x0000000712800000, 0x0000000712900000, 0x0000000712900000|100%| E|CS|TAMS 0x0000000712800000, 0x0000000712800000| Complete 
| 229|0x0000000712900000, 0x0000000712a00000, 0x0000000712a00000|100%| E|CS|TAMS 0x0000000712900000, 0x0000000712900000| Complete 
| 230|0x0000000712a00000, 0x0000000712b00000, 0x0000000712b00000|100%| E|CS|TAMS 0x0000000712a00000, 0x0000000712a00000| Complete 
| 231|0x0000000712b00000, 0x0000000712c00000, 0x0000000712c00000|100%| E|CS|TAMS 0x0000000712b00000, 0x0000000712b00000| Complete 
| 232|0x0000000712c00000, 0x0000000712d00000, 0x0000000712d00000|100%| E|CS|TAMS 0x0000000712c00000, 0x0000000712c00000| Complete 
| 233|0x0000000712d00000, 0x0000000712e00000, 0x0000000712e00000|100%| E|CS|TAMS 0x0000000712d00000, 0x0000000712d00000| Complete 
| 234|0x0000000712e00000, 0x0000000712f00000, 0x0000000712f00000|100%| E|CS|TAMS 0x0000000712e00000, 0x0000000712e00000| Complete 
| 235|0x0000000712f00000, 0x0000000713000000, 0x0000000713000000|100%| E|CS|TAMS 0x0000000712f00000, 0x0000000712f00000| Complete 
| 236|0x0000000713000000, 0x0000000713100000, 0x0000000713100000|100%| E|CS|TAMS 0x0000000713000000, 0x0000000713000000| Complete 
| 237|0x0000000713100000, 0x0000000713200000, 0x0000000713200000|100%| E|CS|TAMS 0x0000000713100000, 0x0000000713100000| Complete 
| 238|0x0000000713200000, 0x0000000713300000, 0x0000000713300000|100%| E|CS|TAMS 0x0000000713200000, 0x0000000713200000| Complete 
| 239|0x0000000713300000, 0x0000000713400000, 0x0000000713400000|100%| E|CS|TAMS 0x0000000713300000, 0x0000000713300000| Complete 
| 240|0x0000000713400000, 0x0000000713500000, 0x0000000713500000|100%| E|CS|TAMS 0x0000000713400000, 0x0000000713400000| Complete 
| 241|0x0000000713500000, 0x0000000713600000, 0x0000000713600000|100%| E|CS|TAMS 0x0000000713500000, 0x0000000713500000| Complete 
| 242|0x0000000713600000, 0x0000000713700000, 0x0000000713700000|100%| E|CS|TAMS 0x0000000713600000, 0x0000000713600000| Complete 
| 243|0x0000000713700000, 0x0000000713800000, 0x0000000713800000|100%| E|CS|TAMS 0x0000000713700000, 0x0000000713700000| Complete 
| 244|0x0000000713800000, 0x0000000713900000, 0x0000000713900000|100%| E|CS|TAMS 0x0000000713800000, 0x0000000713800000| Complete 
| 245|0x0000000713900000, 0x0000000713a00000, 0x0000000713a00000|100%| E|CS|TAMS 0x0000000713900000, 0x0000000713900000| Complete 
| 246|0x0000000713a00000, 0x0000000713b00000, 0x0000000713b00000|100%| E|CS|TAMS 0x0000000713a00000, 0x0000000713a00000| Complete 
| 247|0x0000000713b00000, 0x0000000713c00000, 0x0000000713c00000|100%| E|CS|TAMS 0x0000000713b00000, 0x0000000713b00000| Complete 
| 248|0x0000000713c00000, 0x0000000713d00000, 0x0000000713d00000|100%| E|CS|TAMS 0x0000000713c00000, 0x0000000713c00000| Complete 
| 249|0x0000000713d00000, 0x0000000713e00000, 0x0000000713e00000|100%| E|CS|TAMS 0x0000000713d00000, 0x0000000713d00000| Complete 
| 250|0x0000000713e00000, 0x0000000713f00000, 0x0000000713f00000|100%| E|CS|TAMS 0x0000000713e00000, 0x0000000713e00000| Complete 
| 251|0x0000000713f00000, 0x0000000714000000, 0x0000000714000000|100%| E|CS|TAMS 0x0000000713f00000, 0x0000000713f00000| Complete 

Card table byte_map: [0x0000022071290000,0x0000022071a70000] _byte_map_base: 0x000002206da6e000

Marking Bits (Prev, Next): (CMBitMap*) 0x00000220571837b8, (CMBitMap*) 0x00000220571837f0
 Prev Bits: [0x0000022072250000, 0x0000022076140000)
 Next Bits: [0x0000022076140000, 0x000002207a030000)

Polling page: 0x00000220571f0000

Metaspace:

Usage:
  Non-class:     48.32 MB capacity,    47.49 MB ( 98%) used,   674.32 KB (  1%) free+waste,   177.50 KB ( <1%) overhead. 
      Class:      7.14 MB capacity,     6.59 MB ( 92%) used,   485.15 KB (  7%) free+waste,    83.69 KB (  1%) overhead. 
       Both:     55.46 MB capacity,    54.08 MB ( 97%) used,     1.13 MB (  2%) free+waste,   261.19 KB ( <1%) overhead. 

Virtual space:
  Non-class space:       54.00 MB reserved,      48.50 MB ( 90%) committed 
      Class space:        1.00 GB reserved,       7.25 MB ( <1%) committed 
             Both:        1.05 GB reserved,      55.75 MB (  5%) committed 

Chunk freelists:
   Non-Class:  55.00 KB
       Class:  14.00 KB
        Both:  69.00 KB

MaxMetaspaceSize: 17179869184.00 GB
CompressedClassSpaceSize: 1.00 GB
Initial GC threshold: 20.80 MB
Current GC threshold: 58.75 MB
CDS: off

CodeHeap 'non-profiled nmethods': size=120000Kb used=4559Kb max_used=4559Kb free=115440Kb
 bounds [0x0000022068b20000, 0x0000022068fa0000, 0x0000022070050000]
CodeHeap 'profiled nmethods': size=120000Kb used=13254Kb max_used=13254Kb free=106745Kb
 bounds [0x00000220615f0000, 0x00000220622f0000, 0x0000022068b20000]
CodeHeap 'non-nmethods': size=5760Kb used=1254Kb max_used=1312Kb free=4505Kb
 bounds [0x0000022061050000, 0x00000220612c0000, 0x00000220615f0000]
 total_blobs=5820 nmethods=5296 adapters=436
 compilation: enabled
              stopped_count=0, restarted_count=0
 full_count=0

Compilation events (20 events):
Event: 18.322 Thread 0x000002207d4ea800 5291       3       com.sun.beans.util.Cache$Kind$2::create (27 bytes)
Event: 18.322 Thread 0x000002207d4ea800 nmethod 5291 0x00000220622b7d90 code [0x00000220622b7f80, 0x00000220622b84e8]
Event: 18.322 Thread 0x000002207d4ea800 5292       3       com.sun.beans.util.Cache$Kind$Soft::<init> (12 bytes)
Event: 18.322 Thread 0x000002207d4ea800 nmethod 5292 0x00000220622b8690 code [0x00000220622b8860, 0x00000220622b8c18]
Event: 18.350 Thread 0x000002207d4ea800 5293       1       java.text.DecimalFormatSymbols::getZeroDigit (5 bytes)
Event: 18.350 Thread 0x000002207d4ea800 nmethod 5293 0x0000022068f85490 code [0x0000022068f85640, 0x0000022068f856f8]
Event: 18.387 Thread 0x000002207d4ea800 5294       2       java.util.zip.ZipFile$Source::hash_append (7 bytes)
Event: 18.387 Thread 0x000002207d4ea800 nmethod 5294 0x00000220622b8d10 code [0x00000220622b8ec0, 0x00000220622b8f98]
Event: 18.387 Thread 0x000002207d4ea800 5295       3       java.util.zip.ZipFile$Source::getEntryPos (206 bytes)
Event: 18.388 Thread 0x000002207d4ea800 nmethod 5295 0x00000220622b9010 code [0x00000220622b9280, 0x00000220622b9f58]
Event: 18.396 Thread 0x000002207d4ea800 5296   !   3       java.net.URL::<init> (543 bytes)
Event: 18.397 Thread 0x000002200a92f000 nmethod 5014 0x0000022068f85790 code [0x0000022068f85dc0, 0x0000022068f8e768]
Event: 18.397 Thread 0x000002200a92f000 5264       4       org.springframework.boot.context.properties.source.SpringIterableConfigurationPropertySource$Mappings::updateMappings (261 bytes)
Event: 18.401 Thread 0x000002207d4ea800 nmethod 5296 0x00000220622ba590 code [0x00000220622bac60, 0x00000220622beb48]
Event: 18.425 Thread 0x000002207d4ea800 5297       3       org.h2.security.SHA256::rot (6 bytes)
Event: 18.426 Thread 0x000002207d4ea800 nmethod 5297 0x00000220622c0d10 code [0x00000220622c0ec0, 0x00000220622c1018]
Event: 18.426 Thread 0x000002207d4ea800 5298       3       java.lang.Integer::rotateRight (9 bytes)
Event: 18.426 Thread 0x000002207d4ea800 nmethod 5298 0x00000220622c1110 code [0x00000220622c12c0, 0x00000220622c13b8]
Event: 18.431 Thread 0x000002207d4ea800 5299       3       java.net.URLStreamHandler::parseURL (1201 bytes)
Event: 18.450 Thread 0x000002207d4ea800 nmethod 5299 0x00000220622c1490 code [0x00000220622c2740, 0x00000220622ce1c8]

GC Heap History (14 events):
Event: 1.464 GC heap before
{Heap before GC invocations=0 (full 0):
 garbage-first heap   total 258048K, used 24576K [0x0000000704400000, 0x0000000800000000)
  region size 1024K, 24 young (24576K), 0 survivors (0K)
 Metaspace       used 11055K, capacity 11394K, committed 11648K, reserved 1060864K
  class space    used 1021K, capacity 1131K, committed 1152K, reserved 1048576K
}
Event: 1.469 GC heap after
{Heap after GC invocations=1 (full 0):
 garbage-first heap   total 258048K, used 11155K [0x0000000704400000, 0x0000000800000000)
  region size 1024K, 3 young (3072K), 3 survivors (3072K)
 Metaspace       used 11055K, capacity 11394K, committed 11648K, reserved 1060864K
  class space    used 1021K, capacity 1131K, committed 1152K, reserved 1048576K
}
Event: 1.790 GC heap before
{Heap before GC invocations=1 (full 0):
 garbage-first heap   total 258048K, used 29587K [0x0000000704400000, 0x0000000800000000)
  region size 1024K, 21 young (21504K), 3 survivors (3072K)
 Metaspace       used 14718K, capacity 15255K, committed 15360K, reserved 1062912K
  class space    used 1497K, capacity 1702K, committed 1792K, reserved 1048576K
}
Event: 1.793 GC heap after
{Heap after GC invocations=2 (full 0):
 garbage-first heap   total 258048K, used 12044K [0x0000000704400000, 0x0000000800000000)
  region size 1024K, 1 young (1024K), 1 survivors (1024K)
 Metaspace       used 14718K, capacity 15255K, committed 15360K, reserved 1062912K
  class space    used 1497K, capacity 1702K, committed 1792K, reserved 1048576K
}
Event: 2.457 GC heap before
{Heap before GC invocations=2 (full 0):
 garbage-first heap   total 258048K, used 53004K [0x0000000704400000, 0x0000000800000000)
  region size 1024K, 42 young (43008K), 1 survivors (1024K)
 Metaspace       used 20505K, capacity 21146K, committed 21248K, reserved 1069056K
  class space    used 2213K, capacity 2459K, committed 2560K, reserved 1048576K
}
Event: 2.463 GC heap after
{Heap after GC invocations=3 (full 0):
 garbage-first heap   total 258048K, used 13661K [0x0000000704400000, 0x0000000800000000)
  region size 1024K, 3 young (3072K), 3 survivors (3072K)
 Metaspace       used 20505K, capacity 21146K, committed 21248K, reserved 1069056K
  class space    used 2213K, capacity 2459K, committed 2560K, reserved 1048576K
}
Event: 7.452 GC heap before
{Heap before GC invocations=4 (full 0):
 garbage-first heap   total 258048K, used 77149K [0x0000000704400000, 0x0000000800000000)
  region size 1024K, 65 young (66560K), 3 survivors (3072K)
 Metaspace       used 27693K, capacity 28541K, committed 28800K, reserved 1075200K
  class space    used 3323K, capacity 3641K, committed 3712K, reserved 1048576K
}
Event: 7.457 GC heap after
{Heap after GC invocations=5 (full 0):
 garbage-first heap   total 258048K, used 15687K [0x0000000704400000, 0x0000000800000000)
  region size 1024K, 5 young (5120K), 5 survivors (5120K)
 Metaspace       used 27693K, capacity 28541K, committed 28800K, reserved 1075200K
  class space    used 3323K, capacity 3641K, committed 3712K, reserved 1048576K
}
Event: 12.325 GC heap before
{Heap before GC invocations=5 (full 0):
 garbage-first heap   total 258048K, used 72007K [0x0000000704400000, 0x0000000800000000)
  region size 1024K, 61 young (62464K), 5 survivors (5120K)
 Metaspace       used 34818K, capacity 35772K, committed 35840K, reserved 1081344K
  class space    used 4171K, capacity 4567K, committed 4608K, reserved 1048576K
}
Event: 12.334 GC heap after
{Heap after GC invocations=6 (full 0):
 garbage-first heap   total 258048K, used 17310K [0x0000000704400000, 0x0000000800000000)
  region size 1024K, 6 young (6144K), 6 survivors (6144K)
 Metaspace       used 34818K, capacity 35772K, committed 35840K, reserved 1081344K
  class space    used 4171K, capacity 4567K, committed 4608K, reserved 1048576K
}
Event: 13.932 GC heap before
{Heap before GC invocations=7 (full 0):
 garbage-first heap   total 258048K, used 153502K [0x0000000704400000, 0x0000000800000000)
  region size 1024K, 139 young (142336K), 6 survivors (6144K)
 Metaspace       used 40180K, capacity 41291K, committed 41344K, reserved 1085440K
  class space    used 4773K, capacity 5214K, committed 5248K, reserved 1048576K
}
Event: 13.940 GC heap after
{Heap after GC invocations=8 (full 0):
 garbage-first heap   total 258048K, used 21613K [0x0000000704400000, 0x0000000800000000)
  region size 1024K, 11 young (11264K), 11 survivors (11264K)
 Metaspace       used 40180K, capacity 41291K, committed 41344K, reserved 1085440K
  class space    used 4773K, capacity 5214K, committed 5248K, reserved 1048576K
}
Event: 17.004 GC heap before
{Heap before GC invocations=8 (full 0):
 garbage-first heap   total 258048K, used 164973K [0x0000000704400000, 0x0000000800000000)
  region size 1024K, 151 young (154624K), 11 survivors (11264K)
 Metaspace       used 49618K, capacity 50946K, committed 51072K, reserved 1093632K
  class space    used 6132K, capacity 6668K, committed 6784K, reserved 1048576K
}
Event: 17.014 GC heap after
{Heap after GC invocations=9 (full 0):
 garbage-first heap   total 258048K, used 26391K [0x0000000704400000, 0x0000000800000000)
  region size 1024K, 15 young (15360K), 15 survivors (15360K)
 Metaspace       used 49618K, capacity 50946K, committed 51072K, reserved 1093632K
  class space    used 6132K, capacity 6668K, committed 6784K, reserved 1048576K
}

Deoptimization events (20 events):
Event: 18.372 Thread 0x000002205711f800 Uncommon trap: trap_request=0xffffff4d fr.pc=0x0000022068eb5c7c relative=0x000000000000005c
Event: 18.372 Thread 0x000002205711f800 Uncommon trap: reason=unstable_if action=reinterpret pc=0x0000022068eb5c7c method=java.lang.String.valueOf(Ljava/lang/Object;)Ljava/lang/String; @ 1 c2
Event: 18.372 Thread 0x000002205711f800 DEOPT PACKING pc=0x0000022068eb5c7c sp=0x000000a38b5fa990
Event: 18.372 Thread 0x000002205711f800 DEOPT UNPACKING pc=0x00000220610585af sp=0x000000a38b5fa928 mode 2
Event: 18.386 Thread 0x0000022010857800 Uncommon trap: trap_request=0xffffff4d fr.pc=0x0000022068bb84d0 relative=0x00000000000008f0
Event: 18.386 Thread 0x0000022010857800 Uncommon trap: reason=unstable_if action=reinterpret pc=0x0000022068bb84d0 method=java.util.zip.ZipFile$Source.getEntryPos([BZ)I @ 145 c2
Event: 18.386 Thread 0x0000022010857800 DEOPT PACKING pc=0x0000022068bb84d0 sp=0x000000a38d2fe760
Event: 18.386 Thread 0x0000022010857800 DEOPT UNPACKING pc=0x00000220610585af sp=0x000000a38d2fe708 mode 2
Event: 18.386 Thread 0x0000022010857800 Uncommon trap: trap_request=0xffffff4d fr.pc=0x0000022068d35b34 relative=0x00000000000023f4
Event: 18.386 Thread 0x0000022010857800 Uncommon trap: reason=unstable_if action=reinterpret pc=0x0000022068d35b34 method=java.net.URL.<init>(Ljava/net/URL;Ljava/lang/String;Ljava/net/URLStreamHandler;)V @ 57 c2
Event: 18.386 Thread 0x0000022010857800 DEOPT PACKING pc=0x0000022068d35b34 sp=0x000000a38d2fe870
Event: 18.386 Thread 0x0000022010857800 DEOPT UNPACKING pc=0x00000220610585af sp=0x000000a38d2fe830 mode 2
Event: 18.386 Thread 0x0000022010857800 Uncommon trap: trap_request=0xffffff4d fr.pc=0x0000022068d45c00 relative=0x0000000000004340
Event: 18.386 Thread 0x0000022010857800 Uncommon trap: reason=unstable_if action=reinterpret pc=0x0000022068d45c00 method=java.net.URLStreamHandler.parseURL(Ljava/net/URL;Ljava/lang/String;II)V @ 57 c2
Event: 18.386 Thread 0x0000022010857800 DEOPT PACKING pc=0x0000022068d45c00 sp=0x000000a38d2fe6e0
Event: 18.386 Thread 0x0000022010857800 DEOPT UNPACKING pc=0x00000220610585af sp=0x000000a38d2fe6a0 mode 2
Event: 18.386 Thread 0x0000022010857800 Uncommon trap: trap_request=0xffffff4d fr.pc=0x0000022068c4dca8 relative=0x0000000000000b08
Event: 18.386 Thread 0x0000022010857800 Uncommon trap: reason=unstable_if action=reinterpret pc=0x0000022068c4dca8 method=java.io.WinNTFileSystem.resolve(Ljava/lang/String;Ljava/lang/String;)Ljava/lang/String; @ 19 c2
Event: 18.386 Thread 0x0000022010857800 DEOPT PACKING pc=0x0000022068c4dca8 sp=0x000000a38d2fe8b0
Event: 18.386 Thread 0x0000022010857800 DEOPT UNPACKING pc=0x00000220610585af sp=0x000000a38d2fe848 mode 2

Classes redefined (0 events):
No events

Internal exceptions (20 events):
Event: 18.181 Thread 0x000002205711f800 Exception <a 'java/lang/ClassNotFoundException'{0x000000070fc4ada8}: java/lang/ObjectCustomizer> (0x000000070fc4ada8) thrown at [./src/hotspot/share/classfile/systemDictionary.cpp, line 230]
Event: 18.224 Thread 0x000002205711f800 Exception <a 'java/lang/ClassNotFoundException'{0x000000070fcf85a8}: java/lang/ObjectCustomizer> (0x000000070fcf85a8) thrown at [./src/hotspot/share/classfile/systemDictionary.cpp, line 230]
Event: 18.225 Thread 0x000002205711f800 Exception <a 'java/lang/ClassNotFoundException'{0x000000070fb36478}: org/springframework/boot/autoconfigure/jdbc/metadata/DataSourcePoolMetadataProvidersConfiguration$HikariPoolDataSourceMetadataProviderConfigurationCustomizer> (0x000000070fb36478) thrown at [./src/hotspot/share/classfile/systemDictionary.cpp, line 230]
Event: 18.229 Thread 0x000002205711f800 Exception <a 'java/lang/ClassNotFoundException'{0x000000070fb73c78}: java/lang/ObjectCustomizer> (0x000000070fb73c78) thrown at [./src/hotspot/share/classfile/systemDictionary.cpp, line 230]
Event: 18.230 Thread 0x000002205711f800 Exception <a 'java/lang/ClassNotFoundException'{0x000000070fb78158}: org.springframework.boot.autoconfigure.jdbc.metadata.DataSourcePoolMetadataProvidersConfiguration$HikariPoolDataSourceMetadataProviderConfiguration$$Lambda$850/0x00000008006d7840Customizer> (0x000000070fb78158) thrown at [./src/hotspot/share/prims/jni.cpp, line 638]
Event: 18.230 Thread 0x000002205711f800 Exception <a 'java/lang/ClassNotFoundException'{0x000000070fb78fb0}: org.springframework.boot.autoconfigure.jdbc.metadata.DataSourcePoolMetadataProvidersConfiguration$HikariPoolDataSourceMetadataProviderConfiguration$$Lambda$850/0x00000008006d7840Customizer> (0x000000070fb78fb0) thrown at [./src/hotspot/share/prims/jni.cpp, line 638]
Event: 18.230 Thread 0x000002205711f800 Exception <a 'java/lang/ClassNotFoundException'{0x000000070fb79e08}: org.springframework.boot.autoconfigure.jdbc.metadata.DataSourcePoolMetadataProvidersConfiguration$HikariPoolDataSourceMetadataProviderConfiguration$$Lambda$850/0x00000008006d7840Customizer> (0x000000070fb79e08) thrown at [./src/hotspot/share/prims/jni.cpp, line 638]
Event: 18.231 Thread 0x000002205711f800 Exception <a 'java/lang/ClassNotFoundException'{0x000000070fba14e0}: org/springframework/boot/jdbc/metadata/DataSourcePoolMetadataProviderCustomizer> (0x000000070fba14e0) thrown at [./src/hotspot/share/classfile/systemDictionary.cpp, line 230]
Event: 18.242 Thread 0x000002205711f800 Exception <a 'java/lang/ClassNotFoundException'{0x000000070f9a9e98}: java/lang/ObjectCustomizer> (0x000000070f9a9e98) thrown at [./src/hotspot/share/classfile/systemDictionary.cpp, line 230]
Event: 18.243 Thread 0x000002205711f800 Exception <a 'java/lang/ClassNotFoundException'{0x000000070f9d0f70}: org/springframework/boot/autoconfigure/orm/jpa/JpaBaseConfigurationCustomizer> (0x000000070f9d0f70) thrown at [./src/hotspot/share/classfile/systemDictionary.cpp, line 230]
Event: 18.245 Thread 0x000002205711f800 Exception <a 'java/lang/ClassNotFoundException'{0x000000070f8092c8}: org/springframework/boot/autoconfigure/orm/jpa/HibernateJpaConfigurationCustomizer> (0x000000070f8092c8) thrown at [./src/hotspot/share/classfile/systemDictionary.cpp, line 230]
Event: 18.246 Thread 0x000002205711f800 Exception <a 'java/lang/ClassNotFoundException'{0x000000070f82b308}: org/springframework/beans/factory/BeanFactoryAwareCustomizer> (0x000000070f82b308) thrown at [./src/hotspot/share/classfile/systemDictionary.cpp, line 230]
Event: 18.247 Thread 0x000002205711f800 Exception <a 'java/lang/ClassNotFoundException'{0x000000070f847e00}: org/springframework/beans/factory/AwareCustomizer> (0x000000070f847e00) thrown at [./src/hotspot/share/classfile/systemDictionary.cpp, line 230]
Event: 18.305 Thread 0x000002205711f800 Exception <a 'java/lang/ClassNotFoundException'{0x000000070f69e2e8}: java/lang/ObjectCustomizer> (0x000000070f69e2e8) thrown at [./src/hotspot/share/classfile/systemDictionary.cpp, line 230]
Event: 18.306 Thread 0x000002205711f800 Exception <a 'java/lang/ClassNotFoundException'{0x000000070f6c3848}: org/springframework/orm/jpa/vendor/AbstractJpaVendorAdapterCustomizer> (0x000000070f6c3848) thrown at [./src/hotspot/share/classfile/systemDictionary.cpp, line 230]
Event: 18.307 Thread 0x000002205711f800 Exception <a 'java/lang/ClassNotFoundException'{0x000000070f6f2b48}: org/springframework/orm/jpa/vendor/HibernateJpaVendorAdapterCustomizer> (0x000000070f6f2b48) thrown at [./src/hotspot/share/classfile/systemDictionary.cpp, line 230]
Event: 18.309 Thread 0x000002205711f800 Exception <a 'java/lang/ClassNotFoundException'{0x000000070f52da68}: org/springframework/orm/jpa/JpaVendorAdapterCustomizer> (0x000000070f52da68) thrown at [./src/hotspot/share/classfile/systemDictionary.cpp, line 230]
Event: 18.320 Thread 0x000002205711f800 Exception <a 'java/lang/ClassNotFoundException'{0x000000070f5ff7e0}: java/lang/ObjectCustomizer> (0x000000070f5ff7e0) thrown at [./src/hotspot/share/classfile/systemDictionary.cpp, line 230]
Event: 18.321 Thread 0x000002205711f800 Exception <a 'java/lang/ClassNotFoundException'{0x000000070f424d58}: org/springframework/boot/orm/jpa/EntityManagerFactoryBuilderCustomizer> (0x000000070f424d58) thrown at [./src/hotspot/share/classfile/systemDictionary.cpp, line 230]
Event: 18.372 Thread 0x000002205711f800 Implicit null exception at 0x0000022068eb5c2c to 0x0000022068eb5c6b

Events (20 events):
Event: 18.461 loading class org/h2/schema/SchemaObject
Event: 18.461 loading class org/h2/schema/SchemaObject done
Event: 18.462 loading class org/h2/engine/DatabaseCloser
Event: 18.462 loading class org/h2/engine/DatabaseCloser done
Event: 18.463 loading class org/h2/value/CaseInsensitiveMap
Event: 18.463 loading class org/h2/value/CaseInsensitiveMap done
Event: 18.464 loading class org/h2/util/BitField
Event: 18.464 loading class org/h2/util/BitField done
Event: 18.465 loading class org/h2/engine/Mode
Event: 18.465 loading class org/h2/engine/Mode done
Event: 18.465 loading class org/h2/util/TempFileDeleter
Event: 18.465 loading class org/h2/util/TempFileDeleter done
Event: 18.466 loading class org/h2/message/TraceSystem
Event: 18.466 loading class org/h2/message/TraceSystem done
Event: 18.466 loading class org/h2/message/TraceWriter
Event: 18.466 loading class org/h2/message/TraceWriter done
Event: 18.467 loading class org/h2/message/Trace
Event: 18.467 loading class org/h2/message/Trace done
Event: 18.467 loading class org/h2/engine/User
Event: 18.467 loading class org/h2/engine/User done


Dynamic libraries:
0x00007ff600c40000 - 0x00007ff600c4d000 	d:\APP\jdk-11.0.15+10\bin\java.exe
0x00007ffadfdd0000 - 0x00007ffadffc8000 	C:\WINDOWS\SYSTEM32\ntdll.dll
0x00007ffadee00000 - 0x00007ffadeebf000 	C:\WINDOWS\System32\KERNEL32.DLL
0x00007ffadda20000 - 0x00007ffaddcf2000 	C:\WINDOWS\System32\KERNELBASE.dll
0x000000005d4d0000 - 0x000000005d582000 	C:\ProgramData\Symantec\Symantec Endpoint Protection\14.3.7388.4000.105\Data\Sysfer\x64\sysfer.dll
0x00007ffadd810000 - 0x00007ffadd910000 	C:\WINDOWS\System32\ucrtbase.dll
0x00007ffad3490000 - 0x00007ffad34a5000 	d:\APP\jdk-11.0.15+10\bin\VCRUNTIME140.dll
0x00007ffad34b0000 - 0x00007ffad34c7000 	d:\APP\jdk-11.0.15+10\bin\jli.dll
0x00007ffade0d0000 - 0x00007ffade271000 	C:\WINDOWS\System32\USER32.dll
0x00007ffadd730000 - 0x00007ffadd752000 	C:\WINDOWS\System32\win32u.dll
0x00007ffadfd60000 - 0x00007ffadfd8b000 	C:\WINDOWS\System32\GDI32.dll
0x00007ffac13a0000 - 0x00007ffac163a000 	C:\WINDOWS\WinSxS\amd64_microsoft.windows.common-controls_6595b64144ccf1df_6.0.19041.1110_none_60b5254171f9507e\COMCTL32.dll
0x00007ffadd910000 - 0x00007ffadda1f000 	C:\WINDOWS\System32\gdi32full.dll
0x00007ffade370000 - 0x00007ffade40e000 	C:\WINDOWS\System32\msvcrt.dll
0x00007ffadd690000 - 0x00007ffadd72d000 	C:\WINDOWS\System32\msvcp_win.dll
0x00007ffadec40000 - 0x00007ffadec72000 	C:\WINDOWS\System32\IMM32.DLL
0x00007ffaa72b0000 - 0x00007ffaa734b000 	d:\APP\jdk-11.0.15+10\bin\msvcp140.dll
0x00007ffa5a290000 - 0x00007ffa5ae11000 	d:\APP\jdk-11.0.15+10\bin\server\jvm.dll
0x00007ffaded50000 - 0x00007ffadedfe000 	C:\WINDOWS\System32\ADVAPI32.dll
0x00007ffadf8e0000 - 0x00007ffadf97c000 	C:\WINDOWS\System32\sechost.dll
0x00007ffadeec0000 - 0x00007ffadefe5000 	C:\WINDOWS\System32\RPCRT4.dll
0x00007ffadf8d0000 - 0x00007ffadf8d8000 	C:\WINDOWS\System32\PSAPI.DLL
0x00007ffac50e0000 - 0x00007ffac50e9000 	C:\WINDOWS\SYSTEM32\WSOCK32.dll
0x00007ffadebd0000 - 0x00007ffadec3b000 	C:\WINDOWS\System32\WS2_32.dll
0x00007ffac0080000 - 0x00007ffac00a7000 	C:\WINDOWS\SYSTEM32\WINMM.dll
0x00007ffad2eb0000 - 0x00007ffad2eba000 	C:\WINDOWS\SYSTEM32\VERSION.dll
0x00007ffadb320000 - 0x00007ffadb332000 	C:\WINDOWS\SYSTEM32\kernel.appcore.dll
0x00007ffad55a0000 - 0x00007ffad55b0000 	d:\APP\jdk-11.0.15+10\bin\verify.dll
0x00007ffad90b0000 - 0x00007ffad9294000 	C:\WINDOWS\SYSTEM32\DBGHELP.DLL
0x00007ffad2a20000 - 0x00007ffad2a55000 	C:\WINDOWS\SYSTEM32\dbgcore.DLL
0x00007ffaddd30000 - 0x00007ffadddb2000 	C:\WINDOWS\System32\bcryptPrimitives.dll
0x00007ffacf010000 - 0x00007ffacf038000 	d:\APP\jdk-11.0.15+10\bin\java.dll
0x00007ffad3400000 - 0x00007ffad340a000 	d:\APP\jdk-11.0.15+10\bin\jimage.dll
0x00007ffad1940000 - 0x00007ffad1958000 	d:\APP\jdk-11.0.15+10\bin\zip.dll
0x00007ffadf070000 - 0x00007ffadf7b5000 	C:\WINDOWS\System32\SHELL32.dll
0x00007ffadb540000 - 0x00007ffadbcd2000 	C:\WINDOWS\SYSTEM32\windows.storage.dll
0x00007ffadf980000 - 0x00007ffadfcd5000 	C:\WINDOWS\System32\combase.dll
0x00007ffadce40000 - 0x00007ffadce70000 	C:\WINDOWS\SYSTEM32\Wldp.dll
0x00007ffaddf40000 - 0x00007ffaddfed000 	C:\WINDOWS\System32\SHCORE.dll
0x00007ffadf7c0000 - 0x00007ffadf815000 	C:\WINDOWS\System32\shlwapi.dll
0x00007ffadd400000 - 0x00007ffadd41f000 	C:\WINDOWS\SYSTEM32\profapi.dll
0x00007ffad1480000 - 0x00007ffad1499000 	D:\APP\jdk-11.0.15+10\bin\net.dll
0x00007ffad5450000 - 0x00007ffad555c000 	C:\WINDOWS\SYSTEM32\WINHTTP.dll
0x00007ffadcc20000 - 0x00007ffadcc8a000 	C:\WINDOWS\system32\mswsock.dll
0x00007ffaceed0000 - 0x00007ffaceee3000 	D:\APP\jdk-11.0.15+10\bin\nio.dll
0x00007ffad4bd0000 - 0x00007ffad4bd9000 	D:\APP\jdk-11.0.15+10\bin\management.dll
0x00007ffad4bc0000 - 0x00007ffad4bcb000 	D:\APP\jdk-11.0.15+10\bin\management_ext.dll
0x00007ffadc8e0000 - 0x00007ffadc91b000 	C:\WINDOWS\SYSTEM32\IPHLPAPI.DLL
0x00007ffadeb60000 - 0x00007ffadeb68000 	C:\WINDOWS\System32\NSI.dll
0x00007ffad3450000 - 0x00007ffad3467000 	C:\WINDOWS\SYSTEM32\dhcpcsvc6.DLL
0x00007ffad3420000 - 0x00007ffad343d000 	C:\WINDOWS\SYSTEM32\dhcpcsvc.DLL
0x00007ffadc930000 - 0x00007ffadc9fb000 	C:\WINDOWS\SYSTEM32\DNSAPI.dll
0x00007ffad3190000 - 0x00007ffad319a000 	C:\Windows\System32\rasadhlp.dll
0x00007ffad1a20000 - 0x00007ffad1aa0000 	C:\WINDOWS\System32\fwpuclnt.dll
0x00007ffaddd00000 - 0x00007ffaddd27000 	C:\WINDOWS\System32\bcrypt.dll
0x00007ffabf000000 - 0x00007ffabf017000 	C:\WINDOWS\system32\napinsp.dll
0x00007ffabe6f0000 - 0x00007ffabe70b000 	C:\WINDOWS\system32\pnrpnsp.dll
0x00007ffad82b0000 - 0x00007ffad82c5000 	C:\WINDOWS\system32\wshbth.dll
0x00007ffad5420000 - 0x00007ffad543d000 	C:\WINDOWS\system32\NLAapi.dll
0x00007ffabe5c0000 - 0x00007ffabe5d2000 	C:\WINDOWS\System32\winrnr.dll

dbghelp: loaded successfully - version: 4.0.5 - missing functions: none
symbol engine: initialized successfully - sym options: 0x614 - pdb path: .;d:\APP\jdk-11.0.15+10\bin;C:\WINDOWS\SYSTEM32;C:\ProgramData\Symantec\Symantec Endpoint Protection\14.3.7388.4000.105\Data\Sysfer\x64;C:\WINDOWS\WinSxS\amd64_microsoft.windows.common-controls_6595b64144ccf1df_6.0.19041.1110_none_60b5254171f9507e;d:\APP\jdk-11.0.15+10\bin\server

VM Arguments:
java_command: C:\Users\ADMINI~1\AppData\Local\Temp\surefire7868727872752867275\surefirebooter17316903433160209411.jar C:\Users\Administrator\AppData\Local\Temp\surefire7868727872752867275 2023-02-17T19-49-00_200-jvmRun1 surefire5696946832413337870tmp surefire_07951997394329356159tmp
java_class_path (initial): C:\Users\ADMINI~1\AppData\Local\Temp\surefire7868727872752867275\surefirebooter17316903433160209411.jar
Launcher Type: SUN_STANDARD

[Global flags]
     intx CICompilerCount                          = 4                                         {product} {ergonomic}
     uint ConcGCThreads                            = 2                                         {product} {ergonomic}
     uint G1ConcRefinementThreads                  = 8                                         {product} {ergonomic}
   size_t G1HeapRegionSize                         = 1048576                                   {product} {ergonomic}
    uintx GCDrainStackTargetSize                   = 64                                        {product} {ergonomic}
   size_t InitialHeapSize                          = 264241152                                 {product} {ergonomic}
   size_t MarkStackSize                            = 4194304                                   {product} {ergonomic}
   size_t MaxHeapSize                              = 4223664128                                {product} {ergonomic}
   size_t MaxNewSize                               = 2533359616                                {product} {ergonomic}
   size_t MinHeapDeltaBytes                        = 1048576                                   {product} {ergonomic}
    uintx NonNMethodCodeHeapSize                   = 5836300                                {pd product} {ergonomic}
    uintx NonProfiledCodeHeapSize                  = 122910970                              {pd product} {ergonomic}
    uintx ProfiledCodeHeapSize                     = 122910970                              {pd product} {ergonomic}
    uintx ReservedCodeCacheSize                    = 251658240                              {pd product} {ergonomic}
     bool SegmentedCodeCache                       = true                                      {product} {ergonomic}
     bool UseCompressedClassPointers               = true                                 {lp64_product} {ergonomic}
     bool UseCompressedOops                        = true                                 {lp64_product} {ergonomic}
     bool UseG1GC                                  = true                                      {product} {ergonomic}
     bool UseLargePagesIndividualAllocation        = false                                  {pd product} {ergonomic}

Logging:
Log output configuration:
 #0: stdout all=warning uptime,level,tags
 #1: stderr all=off uptime,level,tags

Environment Variables:
JAVA_HOME=d:\APP\jdk-11.0.15+10
PATH=C:\Program Files (x86)\Microsoft SDKs\Azure\CLI2\wbin;C:\Windows;C:\Windows\System32\Wbem;C:\Windows\System32\WindowsPowerShell\v1.0\;C:\Windows\System32\OpenSSH\;c:\Windows\System32;C:\Program Files (x86)\NVIDIA Corporation\PhysX\Common;C:\Program Files\NVIDIA Corporation\NVIDIA NvDLISR;C:\Program Files\Microsoft SQL Server\150\Tools\Binn\;D:\Program Files\Microsoft VS Code\bin;d:\APP\node-v16.14.0-win-x64;d:\APP\apache-maven-3.8.6\bin;c:\Users\Administrator\AppData\Local\Programs\Python\Python310\Scripts;d:\APP\jdk-11.0.15+10\bin;C:\Program Files (x86)\Windows Kits\10\Windows Performance Toolkit\;c:\myinno\Helm;C:\WINDOWS\system32;C:\WINDOWS;C:\WINDOWS\System32\Wbem;C:\WINDOWS\System32\WindowsPowerShell\v1.0\;C:\WINDOWS\System32\OpenSSH\;d:\@EDU\202208-Loanrunner\LRD\DevWeb;C:\Program Files\Git\cmd;D:\Program Files\nodejs\;C:\ProgramData\chocolatey\bin;C:\Program Files\PuTTY\;c:\myinno\json;d:\Program Files\python3.10;C:\Program Files (x86)\Pulse Secure\VC142.CRT\X64\;C:\Program Files (x86)\Pulse Secure\VC142.CRT\X86\;C:\Program Files (x86)\Common Files\Pulse Secure\TNC Client Plugin\;C:\Program Files\Docker\Docker\resources\bin;C:\Users\Administrator\AppData\Local\Microsoft\WindowsApps;D:\Program Files\JetBrains\IntelliJ IDEA 2022.2.1\bin;;D:\Program Files\JetBrains\IntelliJ IDEA Community Edition 2022.2.1\bin;;C:\Users\Administrator\AppData\Roaming\npm;C:\Users\Administrator\AppData\Local\GitHubDesktop\bin
USERNAME=Administrator
OS=Windows_NT
PROCESSOR_IDENTIFIER=Intel64 Family 6 Model 140 Stepping 1, GenuineIntel



---------------  S Y S T E M  ---------------

OS: Windows 10 , 64 bit Build 19041 (10.0.19041.2546)
OS uptime: 0 days 11:46 hours
Hyper-V role detected

CPU:total 8 (initial active 8) (4 cores per cpu, 2 threads per core) family 6 model 140 stepping 1 microcode 0x8a, cmov, cx8, fxsr, mmx, sse, sse2, sse3, ssse3, sse4.1, sse4.2, popcnt, avx, avx2, aes, clmul, erms, 3dnowpref, lzcnt, ht, tsc, tscinvbit, bmi1, bmi2, adx, evex, sha, fma

Memory: 4k page, system-wide physical 16107M (758M free)
TotalPageFile size 29041M (AvailPageFile size 36M)
current process WorkingSet (physical memory assigned to process): 398M, peak: 401M
current process commit charge ("private bytes"): 516M, peak: 519M

vm_info: OpenJDK 64-Bit Server VM (11.0.15+10) for windows-amd64 JRE (11.0.15+10), built on Apr 19 2022 22:29:44 by "" with unknown MS VC++:1916

END.
